[2024-10-30T00:00:05.252+0000] {local_task_job_runner.py:123} INFO - ::group::Pre task execution logs
[2024-10-30T00:00:05.264+0000] {taskinstance.py:2612} INFO - Dependencies all met for dep_context=non-requeueable deps ti=<TaskInstance: spotify_top_100.save_to_database scheduled__2024-10-29T00:00:00+00:00 [queued]>
[2024-10-30T00:00:05.269+0000] {taskinstance.py:2612} INFO - Dependencies all met for dep_context=requeueable deps ti=<TaskInstance: spotify_top_100.save_to_database scheduled__2024-10-29T00:00:00+00:00 [queued]>
[2024-10-30T00:00:05.270+0000] {taskinstance.py:2865} INFO - Starting attempt 1 of 2
[2024-10-30T00:00:05.279+0000] {taskinstance.py:2888} INFO - Executing <Task(PythonOperator): save_to_database> on 2024-10-29 00:00:00+00:00
[2024-10-30T00:00:05.285+0000] {warnings.py:112} WARNING - /home/***/.local/lib/python3.12/site-packages/***/task/task_runner/standard_task_runner.py:70: DeprecationWarning: This process (pid=173) is multi-threaded, use of fork() may lead to deadlocks in the child.
  pid = os.fork()

[2024-10-30T00:00:05.286+0000] {standard_task_runner.py:72} INFO - Started process 175 to run task
[2024-10-30T00:00:05.286+0000] {standard_task_runner.py:104} INFO - Running: ['***', 'tasks', 'run', 'spotify_top_100', 'save_to_database', 'scheduled__2024-10-29T00:00:00+00:00', '--job-id', '38', '--raw', '--subdir', 'DAGS_FOLDER/# spotify_dag.py', '--cfg-path', '/tmp/tmpx5ltfrw4']
[2024-10-30T00:00:05.287+0000] {standard_task_runner.py:105} INFO - Job 38: Subtask save_to_database
[2024-10-30T00:00:05.321+0000] {task_command.py:467} INFO - Running <TaskInstance: spotify_top_100.save_to_database scheduled__2024-10-29T00:00:00+00:00 [running]> on host 0f3164c45311
[2024-10-30T00:00:05.370+0000] {taskinstance.py:3131} INFO - Exporting env vars: AIRFLOW_CTX_DAG_OWNER='***' AIRFLOW_CTX_DAG_ID='spotify_top_100' AIRFLOW_CTX_TASK_ID='save_to_database' AIRFLOW_CTX_EXECUTION_DATE='2024-10-29T00:00:00+00:00' AIRFLOW_CTX_TRY_NUMBER='1' AIRFLOW_CTX_DAG_RUN_ID='scheduled__2024-10-29T00:00:00+00:00'
[2024-10-30T00:00:05.371+0000] {logging_mixin.py:190} INFO - Task instance is in running state
[2024-10-30T00:00:05.372+0000] {logging_mixin.py:190} INFO -  Previous state of the Task instance: queued
[2024-10-30T00:00:05.372+0000] {logging_mixin.py:190} INFO - Current task name:save_to_database state:running start_date:2024-10-30 00:00:05.264910+00:00
[2024-10-30T00:00:05.372+0000] {logging_mixin.py:190} INFO - Dag name:spotify_top_100 and current dag run status:running
[2024-10-30T00:00:05.372+0000] {taskinstance.py:731} INFO - ::endgroup::
[2024-10-30T00:00:05.398+0000] {logging_mixin.py:190} INFO - Salvos 50 registros no banco de dados
[2024-10-30T00:00:05.398+0000] {python.py:240} INFO - Done. Returned value was: None
[2024-10-30T00:00:05.406+0000] {taskinstance.py:340} INFO - ::group::Post task execution logs
[2024-10-30T00:00:05.406+0000] {taskinstance.py:352} INFO - Marking task as SUCCESS. dag_id=spotify_top_100, task_id=save_to_database, run_id=scheduled__2024-10-29T00:00:00+00:00, execution_date=20241029T000000, start_date=20241030T000005, end_date=20241030T000005
[2024-10-30T00:00:05.412+0000] {logging_mixin.py:190} INFO - Task instance in success state
[2024-10-30T00:00:05.412+0000] {logging_mixin.py:190} INFO -  Previous state of the Task instance: running
[2024-10-30T00:00:05.412+0000] {logging_mixin.py:190} INFO - Dag name:spotify_top_100 queued_at:2024-10-30 00:00:00.258256+00:00
[2024-10-30T00:00:05.412+0000] {logging_mixin.py:190} INFO - Task hostname:0f3164c45311 operator:PythonOperator
[2024-10-30T00:00:05.460+0000] {local_task_job_runner.py:266} INFO - Task exited with return code 0
[2024-10-30T00:00:05.473+0000] {taskinstance.py:3900} INFO - 0 downstream tasks scheduled from follow-on schedule check
[2024-10-30T00:00:05.474+0000] {local_task_job_runner.py:245} INFO - ::endgroup::
[2024-10-30T00:50:47.458+0000] {local_task_job_runner.py:123} INFO - ::group::Pre task execution logs
[2024-10-30T00:50:47.472+0000] {taskinstance.py:2612} INFO - Dependencies all met for dep_context=non-requeueable deps ti=<TaskInstance: spotify_top_100.save_to_database scheduled__2024-10-29T00:00:00+00:00 [queued]>
[2024-10-30T00:50:47.478+0000] {taskinstance.py:2612} INFO - Dependencies all met for dep_context=requeueable deps ti=<TaskInstance: spotify_top_100.save_to_database scheduled__2024-10-29T00:00:00+00:00 [queued]>
[2024-10-30T00:50:47.478+0000] {taskinstance.py:2865} INFO - Starting attempt 1 of 2
[2024-10-30T00:50:47.487+0000] {taskinstance.py:2888} INFO - Executing <Task(PythonOperator): save_to_database> on 2024-10-29 00:00:00+00:00
[2024-10-30T00:50:47.493+0000] {warnings.py:112} WARNING - /home/***/.local/lib/python3.12/site-packages/***/task/task_runner/standard_task_runner.py:70: DeprecationWarning: This process (pid=172) is multi-threaded, use of fork() may lead to deadlocks in the child.
  pid = os.fork()

[2024-10-30T00:50:47.494+0000] {standard_task_runner.py:72} INFO - Started process 174 to run task
[2024-10-30T00:50:47.494+0000] {standard_task_runner.py:104} INFO - Running: ['***', 'tasks', 'run', 'spotify_top_100', 'save_to_database', 'scheduled__2024-10-29T00:00:00+00:00', '--job-id', '9', '--raw', '--subdir', 'DAGS_FOLDER/# spotify_dag.py', '--cfg-path', '/tmp/tmp1sugrnht']
[2024-10-30T00:50:47.495+0000] {standard_task_runner.py:105} INFO - Job 9: Subtask save_to_database
[2024-10-30T00:50:47.535+0000] {task_command.py:467} INFO - Running <TaskInstance: spotify_top_100.save_to_database scheduled__2024-10-29T00:00:00+00:00 [running]> on host 4063b69a28b0
[2024-10-30T00:50:47.594+0000] {taskinstance.py:3131} INFO - Exporting env vars: AIRFLOW_CTX_DAG_OWNER='***' AIRFLOW_CTX_DAG_ID='spotify_top_100' AIRFLOW_CTX_TASK_ID='save_to_database' AIRFLOW_CTX_EXECUTION_DATE='2024-10-29T00:00:00+00:00' AIRFLOW_CTX_TRY_NUMBER='1' AIRFLOW_CTX_DAG_RUN_ID='scheduled__2024-10-29T00:00:00+00:00'
[2024-10-30T00:50:47.595+0000] {logging_mixin.py:190} INFO - Task instance is in running state
[2024-10-30T00:50:47.595+0000] {logging_mixin.py:190} INFO -  Previous state of the Task instance: queued
[2024-10-30T00:50:47.596+0000] {logging_mixin.py:190} INFO - Current task name:save_to_database state:running start_date:2024-10-30 00:50:47.472844+00:00
[2024-10-30T00:50:47.596+0000] {logging_mixin.py:190} INFO - Dag name:spotify_top_100 and current dag run status:running
[2024-10-30T00:50:47.596+0000] {taskinstance.py:731} INFO - ::endgroup::
[2024-10-30T00:50:47.625+0000] {logging_mixin.py:190} INFO - Salvos 50 registros no banco de dados
[2024-10-30T00:50:47.625+0000] {python.py:240} INFO - Done. Returned value was: None
[2024-10-30T00:50:47.635+0000] {taskinstance.py:340} INFO - ::group::Post task execution logs
[2024-10-30T00:50:47.635+0000] {taskinstance.py:352} INFO - Marking task as SUCCESS. dag_id=spotify_top_100, task_id=save_to_database, run_id=scheduled__2024-10-29T00:00:00+00:00, execution_date=20241029T000000, start_date=20241030T005047, end_date=20241030T005047
[2024-10-30T00:50:47.642+0000] {logging_mixin.py:190} INFO - Task instance in success state
[2024-10-30T00:50:47.642+0000] {logging_mixin.py:190} INFO -  Previous state of the Task instance: running
[2024-10-30T00:50:47.643+0000] {logging_mixin.py:190} INFO - Dag name:spotify_top_100 queued_at:2024-10-30 00:45:41.038012+00:00
[2024-10-30T00:50:47.643+0000] {logging_mixin.py:190} INFO - Task hostname:4063b69a28b0 operator:PythonOperator
[2024-10-30T00:50:47.668+0000] {local_task_job_runner.py:266} INFO - Task exited with return code 0
[2024-10-30T00:50:47.682+0000] {taskinstance.py:3900} INFO - 0 downstream tasks scheduled from follow-on schedule check
[2024-10-30T00:50:47.684+0000] {local_task_job_runner.py:245} INFO - ::endgroup::
