[2024-10-30T01:32:20.884+0000] {local_task_job_runner.py:123} INFO - ::group::Pre task execution logs
[2024-10-30T01:32:20.898+0000] {taskinstance.py:2612} INFO - Dependencies all met for dep_context=non-requeueable deps ti=<TaskInstance: spotify_top_100.save_to_database manual__2024-10-30T01:32:15.524847+00:00 [queued]>
[2024-10-30T01:32:20.904+0000] {taskinstance.py:2612} INFO - Dependencies all met for dep_context=requeueable deps ti=<TaskInstance: spotify_top_100.save_to_database manual__2024-10-30T01:32:15.524847+00:00 [queued]>
[2024-10-30T01:32:20.905+0000] {taskinstance.py:2865} INFO - Starting attempt 1 of 2
[2024-10-30T01:32:20.916+0000] {taskinstance.py:2888} INFO - Executing <Task(PythonOperator): save_to_database> on 2024-10-30 01:32:15.524847+00:00
[2024-10-30T01:32:20.922+0000] {warnings.py:112} WARNING - /home/***/.local/lib/python3.12/site-packages/***/task/task_runner/standard_task_runner.py:70: DeprecationWarning: This process (pid=111) is multi-threaded, use of fork() may lead to deadlocks in the child.
  pid = os.fork()

[2024-10-30T01:32:20.922+0000] {standard_task_runner.py:72} INFO - Started process 113 to run task
[2024-10-30T01:32:20.923+0000] {standard_task_runner.py:104} INFO - Running: ['***', 'tasks', 'run', 'spotify_top_100', 'save_to_database', 'manual__2024-10-30T01:32:15.524847+00:00', '--job-id', '15', '--raw', '--subdir', 'DAGS_FOLDER/# spotify_dag.py', '--cfg-path', '/tmp/tmpmqinvs3_']
[2024-10-30T01:32:20.924+0000] {standard_task_runner.py:105} INFO - Job 15: Subtask save_to_database
[2024-10-30T01:32:20.963+0000] {task_command.py:467} INFO - Running <TaskInstance: spotify_top_100.save_to_database manual__2024-10-30T01:32:15.524847+00:00 [running]> on host 25404e20a068
[2024-10-30T01:32:21.036+0000] {taskinstance.py:3131} INFO - Exporting env vars: AIRFLOW_CTX_DAG_OWNER='***' AIRFLOW_CTX_DAG_ID='spotify_top_100' AIRFLOW_CTX_TASK_ID='save_to_database' AIRFLOW_CTX_EXECUTION_DATE='2024-10-30T01:32:15.524847+00:00' AIRFLOW_CTX_TRY_NUMBER='1' AIRFLOW_CTX_DAG_RUN_ID='manual__2024-10-30T01:32:15.524847+00:00'
[2024-10-30T01:32:21.037+0000] {logging_mixin.py:190} INFO - Task instance is in running state
[2024-10-30T01:32:21.037+0000] {logging_mixin.py:190} INFO -  Previous state of the Task instance: queued
[2024-10-30T01:32:21.038+0000] {logging_mixin.py:190} INFO - Current task name:save_to_database state:running start_date:2024-10-30 01:32:20.899008+00:00
[2024-10-30T01:32:21.038+0000] {logging_mixin.py:190} INFO - Dag name:spotify_top_100 and current dag run status:running
[2024-10-30T01:32:21.039+0000] {taskinstance.py:731} INFO - ::endgroup::
[2024-10-30T01:32:21.093+0000] {logging_mixin.py:190} INFO - Salvos 50 registros no banco de dados
[2024-10-30T01:32:21.094+0000] {python.py:240} INFO - Done. Returned value was: None
[2024-10-30T01:32:21.104+0000] {taskinstance.py:340} INFO - ::group::Post task execution logs
[2024-10-30T01:32:21.105+0000] {taskinstance.py:352} INFO - Marking task as SUCCESS. dag_id=spotify_top_100, task_id=save_to_database, run_id=manual__2024-10-30T01:32:15.524847+00:00, execution_date=20241030T013215, start_date=20241030T013220, end_date=20241030T013221
[2024-10-30T01:32:21.112+0000] {logging_mixin.py:190} INFO - Task instance in success state
[2024-10-30T01:32:21.112+0000] {logging_mixin.py:190} INFO -  Previous state of the Task instance: running
[2024-10-30T01:32:21.113+0000] {logging_mixin.py:190} INFO - Dag name:spotify_top_100 queued_at:2024-10-30 01:32:15.536411+00:00
[2024-10-30T01:32:21.113+0000] {logging_mixin.py:190} INFO - Task hostname:25404e20a068 operator:PythonOperator
[2024-10-30T01:32:21.137+0000] {local_task_job_runner.py:266} INFO - Task exited with return code 0
[2024-10-30T01:32:21.151+0000] {taskinstance.py:3900} INFO - 0 downstream tasks scheduled from follow-on schedule check
[2024-10-30T01:32:21.152+0000] {local_task_job_runner.py:245} INFO - ::endgroup::
