[2024-11-07T21:23:33.447+0000] {processor.py:186} INFO - Started process (PID=112) to work on /home/airflow/.local/lib/python3.12/site-packages/airflow/example_dags/example_latest_only_with_trigger.py
[2024-11-07T21:23:33.448+0000] {processor.py:914} INFO - Processing file /home/airflow/.local/lib/python3.12/site-packages/airflow/example_dags/example_latest_only_with_trigger.py for tasks to queue
[2024-11-07T21:23:33.451+0000] {logging_mixin.py:190} INFO - [2024-11-07T21:23:33.450+0000] {dagbag.py:588} INFO - Filling up the DagBag from /home/airflow/.local/lib/python3.12/site-packages/airflow/example_dags/example_latest_only_with_trigger.py
[2024-11-07T21:23:33.458+0000] {processor.py:925} INFO - DAG(s) 'latest_only_with_trigger' retrieved from /home/airflow/.local/lib/python3.12/site-packages/airflow/example_dags/example_latest_only_with_trigger.py
[2024-11-07T21:23:33.478+0000] {logging_mixin.py:190} INFO - [2024-11-07T21:23:33.478+0000] {dag.py:3239} INFO - Sync 1 DAGs
[2024-11-07T21:23:33.498+0000] {logging_mixin.py:190} INFO - [2024-11-07T21:23:33.498+0000] {dag.py:4180} INFO - Setting next_dagrun for latest_only_with_trigger to 2024-11-07 16:00:00+00:00, run_after=2024-11-07 20:00:00+00:00
[2024-11-07T21:23:33.515+0000] {processor.py:208} INFO - Processing /home/airflow/.local/lib/python3.12/site-packages/airflow/example_dags/example_latest_only_with_trigger.py took 0.072 seconds
[2024-11-07T21:24:04.952+0000] {processor.py:186} INFO - Started process (PID=185) to work on /home/airflow/.local/lib/python3.12/site-packages/airflow/example_dags/example_latest_only_with_trigger.py
[2024-11-07T21:24:04.953+0000] {processor.py:914} INFO - Processing file /home/airflow/.local/lib/python3.12/site-packages/airflow/example_dags/example_latest_only_with_trigger.py for tasks to queue
[2024-11-07T21:24:04.959+0000] {logging_mixin.py:190} INFO - [2024-11-07T21:24:04.955+0000] {dagbag.py:588} INFO - Filling up the DagBag from /home/airflow/.local/lib/python3.12/site-packages/airflow/example_dags/example_latest_only_with_trigger.py
[2024-11-07T21:24:04.971+0000] {processor.py:925} INFO - DAG(s) 'latest_only_with_trigger' retrieved from /home/airflow/.local/lib/python3.12/site-packages/airflow/example_dags/example_latest_only_with_trigger.py
[2024-11-07T21:24:05.007+0000] {logging_mixin.py:190} INFO - [2024-11-07T21:24:05.006+0000] {dag.py:3239} INFO - Sync 1 DAGs
[2024-11-07T21:24:05.048+0000] {logging_mixin.py:190} INFO - [2024-11-07T21:24:05.048+0000] {dag.py:4180} INFO - Setting next_dagrun for latest_only_with_trigger to 2024-11-07 16:00:00+00:00, run_after=2024-11-07 20:00:00+00:00
[2024-11-07T21:24:05.080+0000] {processor.py:208} INFO - Processing /home/airflow/.local/lib/python3.12/site-packages/airflow/example_dags/example_latest_only_with_trigger.py took 0.135 seconds
[2024-11-07T21:24:35.598+0000] {processor.py:186} INFO - Started process (PID=248) to work on /home/airflow/.local/lib/python3.12/site-packages/airflow/example_dags/example_latest_only_with_trigger.py
[2024-11-07T21:24:35.598+0000] {processor.py:914} INFO - Processing file /home/airflow/.local/lib/python3.12/site-packages/airflow/example_dags/example_latest_only_with_trigger.py for tasks to queue
[2024-11-07T21:24:35.600+0000] {logging_mixin.py:190} INFO - [2024-11-07T21:24:35.600+0000] {dagbag.py:588} INFO - Filling up the DagBag from /home/airflow/.local/lib/python3.12/site-packages/airflow/example_dags/example_latest_only_with_trigger.py
[2024-11-07T21:24:35.605+0000] {processor.py:925} INFO - DAG(s) 'latest_only_with_trigger' retrieved from /home/airflow/.local/lib/python3.12/site-packages/airflow/example_dags/example_latest_only_with_trigger.py
[2024-11-07T21:24:35.622+0000] {logging_mixin.py:190} INFO - [2024-11-07T21:24:35.622+0000] {dag.py:3239} INFO - Sync 1 DAGs
[2024-11-07T21:24:35.639+0000] {logging_mixin.py:190} INFO - [2024-11-07T21:24:35.639+0000] {dag.py:4180} INFO - Setting next_dagrun for latest_only_with_trigger to 2024-11-07 16:00:00+00:00, run_after=2024-11-07 20:00:00+00:00
[2024-11-07T21:24:35.651+0000] {processor.py:208} INFO - Processing /home/airflow/.local/lib/python3.12/site-packages/airflow/example_dags/example_latest_only_with_trigger.py took 0.058 seconds
[2024-11-07T21:25:06.366+0000] {processor.py:186} INFO - Started process (PID=312) to work on /home/airflow/.local/lib/python3.12/site-packages/airflow/example_dags/example_latest_only_with_trigger.py
[2024-11-07T21:25:06.367+0000] {processor.py:914} INFO - Processing file /home/airflow/.local/lib/python3.12/site-packages/airflow/example_dags/example_latest_only_with_trigger.py for tasks to queue
[2024-11-07T21:25:06.370+0000] {logging_mixin.py:190} INFO - [2024-11-07T21:25:06.369+0000] {dagbag.py:588} INFO - Filling up the DagBag from /home/airflow/.local/lib/python3.12/site-packages/airflow/example_dags/example_latest_only_with_trigger.py
[2024-11-07T21:25:06.378+0000] {processor.py:925} INFO - DAG(s) 'latest_only_with_trigger' retrieved from /home/airflow/.local/lib/python3.12/site-packages/airflow/example_dags/example_latest_only_with_trigger.py
[2024-11-07T21:25:06.399+0000] {logging_mixin.py:190} INFO - [2024-11-07T21:25:06.399+0000] {dag.py:3239} INFO - Sync 1 DAGs
[2024-11-07T21:25:06.421+0000] {logging_mixin.py:190} INFO - [2024-11-07T21:25:06.421+0000] {dag.py:4180} INFO - Setting next_dagrun for latest_only_with_trigger to 2024-11-07 16:00:00+00:00, run_after=2024-11-07 20:00:00+00:00
[2024-11-07T21:25:06.437+0000] {processor.py:208} INFO - Processing /home/airflow/.local/lib/python3.12/site-packages/airflow/example_dags/example_latest_only_with_trigger.py took 0.076 seconds
[2024-11-07T21:25:36.592+0000] {processor.py:186} INFO - Started process (PID=375) to work on /home/airflow/.local/lib/python3.12/site-packages/airflow/example_dags/example_latest_only_with_trigger.py
[2024-11-07T21:25:36.592+0000] {processor.py:914} INFO - Processing file /home/airflow/.local/lib/python3.12/site-packages/airflow/example_dags/example_latest_only_with_trigger.py for tasks to queue
[2024-11-07T21:25:36.594+0000] {logging_mixin.py:190} INFO - [2024-11-07T21:25:36.594+0000] {dagbag.py:588} INFO - Filling up the DagBag from /home/airflow/.local/lib/python3.12/site-packages/airflow/example_dags/example_latest_only_with_trigger.py
[2024-11-07T21:25:36.599+0000] {processor.py:925} INFO - DAG(s) 'latest_only_with_trigger' retrieved from /home/airflow/.local/lib/python3.12/site-packages/airflow/example_dags/example_latest_only_with_trigger.py
[2024-11-07T21:25:36.616+0000] {logging_mixin.py:190} INFO - [2024-11-07T21:25:36.615+0000] {dag.py:3239} INFO - Sync 1 DAGs
[2024-11-07T21:25:36.633+0000] {logging_mixin.py:190} INFO - [2024-11-07T21:25:36.632+0000] {dag.py:4180} INFO - Setting next_dagrun for latest_only_with_trigger to 2024-11-07 16:00:00+00:00, run_after=2024-11-07 20:00:00+00:00
[2024-11-07T21:25:36.645+0000] {processor.py:208} INFO - Processing /home/airflow/.local/lib/python3.12/site-packages/airflow/example_dags/example_latest_only_with_trigger.py took 0.058 seconds
[2024-11-07T21:26:06.794+0000] {processor.py:186} INFO - Started process (PID=439) to work on /home/airflow/.local/lib/python3.12/site-packages/airflow/example_dags/example_latest_only_with_trigger.py
[2024-11-07T21:26:06.794+0000] {processor.py:914} INFO - Processing file /home/airflow/.local/lib/python3.12/site-packages/airflow/example_dags/example_latest_only_with_trigger.py for tasks to queue
[2024-11-07T21:26:06.796+0000] {logging_mixin.py:190} INFO - [2024-11-07T21:26:06.796+0000] {dagbag.py:588} INFO - Filling up the DagBag from /home/airflow/.local/lib/python3.12/site-packages/airflow/example_dags/example_latest_only_with_trigger.py
[2024-11-07T21:26:06.802+0000] {processor.py:925} INFO - DAG(s) 'latest_only_with_trigger' retrieved from /home/airflow/.local/lib/python3.12/site-packages/airflow/example_dags/example_latest_only_with_trigger.py
[2024-11-07T21:26:06.818+0000] {logging_mixin.py:190} INFO - [2024-11-07T21:26:06.818+0000] {dag.py:3239} INFO - Sync 1 DAGs
[2024-11-07T21:26:06.834+0000] {logging_mixin.py:190} INFO - [2024-11-07T21:26:06.834+0000] {dag.py:4180} INFO - Setting next_dagrun for latest_only_with_trigger to 2024-11-07 16:00:00+00:00, run_after=2024-11-07 20:00:00+00:00
[2024-11-07T21:26:06.847+0000] {processor.py:208} INFO - Processing /home/airflow/.local/lib/python3.12/site-packages/airflow/example_dags/example_latest_only_with_trigger.py took 0.058 seconds
[2024-11-07T21:26:37.448+0000] {processor.py:186} INFO - Started process (PID=502) to work on /home/airflow/.local/lib/python3.12/site-packages/airflow/example_dags/example_latest_only_with_trigger.py
[2024-11-07T21:26:37.449+0000] {processor.py:914} INFO - Processing file /home/airflow/.local/lib/python3.12/site-packages/airflow/example_dags/example_latest_only_with_trigger.py for tasks to queue
[2024-11-07T21:26:37.451+0000] {logging_mixin.py:190} INFO - [2024-11-07T21:26:37.450+0000] {dagbag.py:588} INFO - Filling up the DagBag from /home/airflow/.local/lib/python3.12/site-packages/airflow/example_dags/example_latest_only_with_trigger.py
[2024-11-07T21:26:37.456+0000] {processor.py:925} INFO - DAG(s) 'latest_only_with_trigger' retrieved from /home/airflow/.local/lib/python3.12/site-packages/airflow/example_dags/example_latest_only_with_trigger.py
[2024-11-07T21:26:37.473+0000] {logging_mixin.py:190} INFO - [2024-11-07T21:26:37.472+0000] {dag.py:3239} INFO - Sync 1 DAGs
[2024-11-07T21:26:37.490+0000] {logging_mixin.py:190} INFO - [2024-11-07T21:26:37.490+0000] {dag.py:4180} INFO - Setting next_dagrun for latest_only_with_trigger to 2024-11-07 16:00:00+00:00, run_after=2024-11-07 20:00:00+00:00
[2024-11-07T21:26:37.503+0000] {processor.py:208} INFO - Processing /home/airflow/.local/lib/python3.12/site-packages/airflow/example_dags/example_latest_only_with_trigger.py took 0.059 seconds
[2024-11-07T21:27:07.809+0000] {processor.py:186} INFO - Started process (PID=565) to work on /home/airflow/.local/lib/python3.12/site-packages/airflow/example_dags/example_latest_only_with_trigger.py
[2024-11-07T21:27:07.810+0000] {processor.py:914} INFO - Processing file /home/airflow/.local/lib/python3.12/site-packages/airflow/example_dags/example_latest_only_with_trigger.py for tasks to queue
[2024-11-07T21:27:07.812+0000] {logging_mixin.py:190} INFO - [2024-11-07T21:27:07.812+0000] {dagbag.py:588} INFO - Filling up the DagBag from /home/airflow/.local/lib/python3.12/site-packages/airflow/example_dags/example_latest_only_with_trigger.py
[2024-11-07T21:27:07.817+0000] {processor.py:925} INFO - DAG(s) 'latest_only_with_trigger' retrieved from /home/airflow/.local/lib/python3.12/site-packages/airflow/example_dags/example_latest_only_with_trigger.py
[2024-11-07T21:27:07.838+0000] {logging_mixin.py:190} INFO - [2024-11-07T21:27:07.838+0000] {dag.py:3239} INFO - Sync 1 DAGs
[2024-11-07T21:27:07.858+0000] {logging_mixin.py:190} INFO - [2024-11-07T21:27:07.857+0000] {dag.py:4180} INFO - Setting next_dagrun for latest_only_with_trigger to 2024-11-07 16:00:00+00:00, run_after=2024-11-07 20:00:00+00:00
[2024-11-07T21:27:07.871+0000] {processor.py:208} INFO - Processing /home/airflow/.local/lib/python3.12/site-packages/airflow/example_dags/example_latest_only_with_trigger.py took 0.067 seconds
[2024-11-07T21:27:37.999+0000] {processor.py:186} INFO - Started process (PID=628) to work on /home/airflow/.local/lib/python3.12/site-packages/airflow/example_dags/example_latest_only_with_trigger.py
[2024-11-07T21:27:38.000+0000] {processor.py:914} INFO - Processing file /home/airflow/.local/lib/python3.12/site-packages/airflow/example_dags/example_latest_only_with_trigger.py for tasks to queue
[2024-11-07T21:27:38.001+0000] {logging_mixin.py:190} INFO - [2024-11-07T21:27:38.001+0000] {dagbag.py:588} INFO - Filling up the DagBag from /home/airflow/.local/lib/python3.12/site-packages/airflow/example_dags/example_latest_only_with_trigger.py
[2024-11-07T21:27:38.007+0000] {processor.py:925} INFO - DAG(s) 'latest_only_with_trigger' retrieved from /home/airflow/.local/lib/python3.12/site-packages/airflow/example_dags/example_latest_only_with_trigger.py
[2024-11-07T21:27:38.025+0000] {logging_mixin.py:190} INFO - [2024-11-07T21:27:38.024+0000] {dag.py:3239} INFO - Sync 1 DAGs
[2024-11-07T21:27:38.042+0000] {logging_mixin.py:190} INFO - [2024-11-07T21:27:38.042+0000] {dag.py:4180} INFO - Setting next_dagrun for latest_only_with_trigger to 2024-11-07 16:00:00+00:00, run_after=2024-11-07 20:00:00+00:00
[2024-11-07T21:27:38.055+0000] {processor.py:208} INFO - Processing /home/airflow/.local/lib/python3.12/site-packages/airflow/example_dags/example_latest_only_with_trigger.py took 0.060 seconds
