[2024-11-07T21:23:32.591+0000] {processor.py:186} INFO - Started process (PID=102) to work on /home/airflow/.local/lib/python3.12/site-packages/airflow/example_dags/example_time_delta_sensor_async.py
[2024-11-07T21:23:32.593+0000] {processor.py:914} INFO - Processing file /home/airflow/.local/lib/python3.12/site-packages/airflow/example_dags/example_time_delta_sensor_async.py for tasks to queue
[2024-11-07T21:23:32.596+0000] {logging_mixin.py:190} INFO - [2024-11-07T21:23:32.595+0000] {dagbag.py:588} INFO - Filling up the DagBag from /home/airflow/.local/lib/python3.12/site-packages/airflow/example_dags/example_time_delta_sensor_async.py
[2024-11-07T21:23:32.601+0000] {processor.py:925} INFO - DAG(s) 'example_time_delta_sensor_async' retrieved from /home/airflow/.local/lib/python3.12/site-packages/airflow/example_dags/example_time_delta_sensor_async.py
[2024-11-07T21:23:32.624+0000] {logging_mixin.py:190} INFO - [2024-11-07T21:23:32.624+0000] {dag.py:3239} INFO - Sync 1 DAGs
[2024-11-07T21:23:32.642+0000] {logging_mixin.py:190} INFO - [2024-11-07T21:23:32.642+0000] {dag.py:4180} INFO - Setting next_dagrun for example_time_delta_sensor_async to None, run_after=None
[2024-11-07T21:23:32.665+0000] {processor.py:208} INFO - Processing /home/airflow/.local/lib/python3.12/site-packages/airflow/example_dags/example_time_delta_sensor_async.py took 0.080 seconds
[2024-11-07T21:24:03.571+0000] {processor.py:186} INFO - Started process (PID=169) to work on /home/airflow/.local/lib/python3.12/site-packages/airflow/example_dags/example_time_delta_sensor_async.py
[2024-11-07T21:24:03.572+0000] {processor.py:914} INFO - Processing file /home/airflow/.local/lib/python3.12/site-packages/airflow/example_dags/example_time_delta_sensor_async.py for tasks to queue
[2024-11-07T21:24:03.575+0000] {logging_mixin.py:190} INFO - [2024-11-07T21:24:03.574+0000] {dagbag.py:588} INFO - Filling up the DagBag from /home/airflow/.local/lib/python3.12/site-packages/airflow/example_dags/example_time_delta_sensor_async.py
[2024-11-07T21:24:03.582+0000] {processor.py:925} INFO - DAG(s) 'example_time_delta_sensor_async' retrieved from /home/airflow/.local/lib/python3.12/site-packages/airflow/example_dags/example_time_delta_sensor_async.py
[2024-11-07T21:24:03.605+0000] {logging_mixin.py:190} INFO - [2024-11-07T21:24:03.604+0000] {dag.py:3239} INFO - Sync 1 DAGs
[2024-11-07T21:24:03.621+0000] {logging_mixin.py:190} INFO - [2024-11-07T21:24:03.620+0000] {dag.py:4180} INFO - Setting next_dagrun for example_time_delta_sensor_async to None, run_after=None
[2024-11-07T21:24:03.640+0000] {processor.py:208} INFO - Processing /home/airflow/.local/lib/python3.12/site-packages/airflow/example_dags/example_time_delta_sensor_async.py took 0.076 seconds
[2024-11-07T21:24:34.104+0000] {processor.py:186} INFO - Started process (PID=232) to work on /home/airflow/.local/lib/python3.12/site-packages/airflow/example_dags/example_time_delta_sensor_async.py
[2024-11-07T21:24:34.105+0000] {processor.py:914} INFO - Processing file /home/airflow/.local/lib/python3.12/site-packages/airflow/example_dags/example_time_delta_sensor_async.py for tasks to queue
[2024-11-07T21:24:34.107+0000] {logging_mixin.py:190} INFO - [2024-11-07T21:24:34.107+0000] {dagbag.py:588} INFO - Filling up the DagBag from /home/airflow/.local/lib/python3.12/site-packages/airflow/example_dags/example_time_delta_sensor_async.py
[2024-11-07T21:24:34.112+0000] {processor.py:925} INFO - DAG(s) 'example_time_delta_sensor_async' retrieved from /home/airflow/.local/lib/python3.12/site-packages/airflow/example_dags/example_time_delta_sensor_async.py
[2024-11-07T21:24:34.135+0000] {logging_mixin.py:190} INFO - [2024-11-07T21:24:34.135+0000] {dag.py:3239} INFO - Sync 1 DAGs
[2024-11-07T21:24:34.156+0000] {logging_mixin.py:190} INFO - [2024-11-07T21:24:34.155+0000] {dag.py:4180} INFO - Setting next_dagrun for example_time_delta_sensor_async to None, run_after=None
[2024-11-07T21:24:34.177+0000] {processor.py:208} INFO - Processing /home/airflow/.local/lib/python3.12/site-packages/airflow/example_dags/example_time_delta_sensor_async.py took 0.078 seconds
[2024-11-07T21:25:04.668+0000] {processor.py:186} INFO - Started process (PID=302) to work on /home/airflow/.local/lib/python3.12/site-packages/airflow/example_dags/example_time_delta_sensor_async.py
[2024-11-07T21:25:04.670+0000] {processor.py:914} INFO - Processing file /home/airflow/.local/lib/python3.12/site-packages/airflow/example_dags/example_time_delta_sensor_async.py for tasks to queue
[2024-11-07T21:25:04.672+0000] {logging_mixin.py:190} INFO - [2024-11-07T21:25:04.671+0000] {dagbag.py:588} INFO - Filling up the DagBag from /home/airflow/.local/lib/python3.12/site-packages/airflow/example_dags/example_time_delta_sensor_async.py
[2024-11-07T21:25:04.676+0000] {processor.py:925} INFO - DAG(s) 'example_time_delta_sensor_async' retrieved from /home/airflow/.local/lib/python3.12/site-packages/airflow/example_dags/example_time_delta_sensor_async.py
[2024-11-07T21:25:04.693+0000] {logging_mixin.py:190} INFO - [2024-11-07T21:25:04.693+0000] {dag.py:3239} INFO - Sync 1 DAGs
[2024-11-07T21:25:04.705+0000] {logging_mixin.py:190} INFO - [2024-11-07T21:25:04.705+0000] {dag.py:4180} INFO - Setting next_dagrun for example_time_delta_sensor_async to None, run_after=None
[2024-11-07T21:25:04.718+0000] {processor.py:208} INFO - Processing /home/airflow/.local/lib/python3.12/site-packages/airflow/example_dags/example_time_delta_sensor_async.py took 0.058 seconds
[2024-11-07T21:25:35.106+0000] {processor.py:186} INFO - Started process (PID=365) to work on /home/airflow/.local/lib/python3.12/site-packages/airflow/example_dags/example_time_delta_sensor_async.py
[2024-11-07T21:25:35.109+0000] {processor.py:914} INFO - Processing file /home/airflow/.local/lib/python3.12/site-packages/airflow/example_dags/example_time_delta_sensor_async.py for tasks to queue
[2024-11-07T21:25:35.112+0000] {logging_mixin.py:190} INFO - [2024-11-07T21:25:35.111+0000] {dagbag.py:588} INFO - Filling up the DagBag from /home/airflow/.local/lib/python3.12/site-packages/airflow/example_dags/example_time_delta_sensor_async.py
[2024-11-07T21:25:35.118+0000] {processor.py:925} INFO - DAG(s) 'example_time_delta_sensor_async' retrieved from /home/airflow/.local/lib/python3.12/site-packages/airflow/example_dags/example_time_delta_sensor_async.py
[2024-11-07T21:25:35.136+0000] {logging_mixin.py:190} INFO - [2024-11-07T21:25:35.136+0000] {dag.py:3239} INFO - Sync 1 DAGs
[2024-11-07T21:25:35.148+0000] {logging_mixin.py:190} INFO - [2024-11-07T21:25:35.148+0000] {dag.py:4180} INFO - Setting next_dagrun for example_time_delta_sensor_async to None, run_after=None
[2024-11-07T21:25:35.162+0000] {processor.py:208} INFO - Processing /home/airflow/.local/lib/python3.12/site-packages/airflow/example_dags/example_time_delta_sensor_async.py took 0.062 seconds
[2024-11-07T21:26:05.299+0000] {processor.py:186} INFO - Started process (PID=429) to work on /home/airflow/.local/lib/python3.12/site-packages/airflow/example_dags/example_time_delta_sensor_async.py
[2024-11-07T21:26:05.299+0000] {processor.py:914} INFO - Processing file /home/airflow/.local/lib/python3.12/site-packages/airflow/example_dags/example_time_delta_sensor_async.py for tasks to queue
[2024-11-07T21:26:05.301+0000] {logging_mixin.py:190} INFO - [2024-11-07T21:26:05.301+0000] {dagbag.py:588} INFO - Filling up the DagBag from /home/airflow/.local/lib/python3.12/site-packages/airflow/example_dags/example_time_delta_sensor_async.py
[2024-11-07T21:26:05.306+0000] {processor.py:925} INFO - DAG(s) 'example_time_delta_sensor_async' retrieved from /home/airflow/.local/lib/python3.12/site-packages/airflow/example_dags/example_time_delta_sensor_async.py
[2024-11-07T21:26:05.322+0000] {logging_mixin.py:190} INFO - [2024-11-07T21:26:05.321+0000] {dag.py:3239} INFO - Sync 1 DAGs
[2024-11-07T21:26:05.332+0000] {logging_mixin.py:190} INFO - [2024-11-07T21:26:05.332+0000] {dag.py:4180} INFO - Setting next_dagrun for example_time_delta_sensor_async to None, run_after=None
[2024-11-07T21:26:05.346+0000] {processor.py:208} INFO - Processing /home/airflow/.local/lib/python3.12/site-packages/airflow/example_dags/example_time_delta_sensor_async.py took 0.052 seconds
[2024-11-07T21:26:35.807+0000] {processor.py:186} INFO - Started process (PID=492) to work on /home/airflow/.local/lib/python3.12/site-packages/airflow/example_dags/example_time_delta_sensor_async.py
[2024-11-07T21:26:35.807+0000] {processor.py:914} INFO - Processing file /home/airflow/.local/lib/python3.12/site-packages/airflow/example_dags/example_time_delta_sensor_async.py for tasks to queue
[2024-11-07T21:26:35.810+0000] {logging_mixin.py:190} INFO - [2024-11-07T21:26:35.810+0000] {dagbag.py:588} INFO - Filling up the DagBag from /home/airflow/.local/lib/python3.12/site-packages/airflow/example_dags/example_time_delta_sensor_async.py
[2024-11-07T21:26:35.816+0000] {processor.py:925} INFO - DAG(s) 'example_time_delta_sensor_async' retrieved from /home/airflow/.local/lib/python3.12/site-packages/airflow/example_dags/example_time_delta_sensor_async.py
[2024-11-07T21:26:35.840+0000] {logging_mixin.py:190} INFO - [2024-11-07T21:26:35.839+0000] {dag.py:3239} INFO - Sync 1 DAGs
[2024-11-07T21:26:35.857+0000] {logging_mixin.py:190} INFO - [2024-11-07T21:26:35.857+0000] {dag.py:4180} INFO - Setting next_dagrun for example_time_delta_sensor_async to None, run_after=None
[2024-11-07T21:26:35.877+0000] {processor.py:208} INFO - Processing /home/airflow/.local/lib/python3.12/site-packages/airflow/example_dags/example_time_delta_sensor_async.py took 0.074 seconds
[2024-11-07T21:27:06.214+0000] {processor.py:186} INFO - Started process (PID=555) to work on /home/airflow/.local/lib/python3.12/site-packages/airflow/example_dags/example_time_delta_sensor_async.py
[2024-11-07T21:27:06.215+0000] {processor.py:914} INFO - Processing file /home/airflow/.local/lib/python3.12/site-packages/airflow/example_dags/example_time_delta_sensor_async.py for tasks to queue
[2024-11-07T21:27:06.217+0000] {logging_mixin.py:190} INFO - [2024-11-07T21:27:06.217+0000] {dagbag.py:588} INFO - Filling up the DagBag from /home/airflow/.local/lib/python3.12/site-packages/airflow/example_dags/example_time_delta_sensor_async.py
[2024-11-07T21:27:06.222+0000] {processor.py:925} INFO - DAG(s) 'example_time_delta_sensor_async' retrieved from /home/airflow/.local/lib/python3.12/site-packages/airflow/example_dags/example_time_delta_sensor_async.py
[2024-11-07T21:27:06.240+0000] {logging_mixin.py:190} INFO - [2024-11-07T21:27:06.240+0000] {dag.py:3239} INFO - Sync 1 DAGs
[2024-11-07T21:27:06.252+0000] {logging_mixin.py:190} INFO - [2024-11-07T21:27:06.252+0000] {dag.py:4180} INFO - Setting next_dagrun for example_time_delta_sensor_async to None, run_after=None
[2024-11-07T21:27:06.266+0000] {processor.py:208} INFO - Processing /home/airflow/.local/lib/python3.12/site-packages/airflow/example_dags/example_time_delta_sensor_async.py took 0.057 seconds
[2024-11-07T21:27:36.342+0000] {processor.py:186} INFO - Started process (PID=618) to work on /home/airflow/.local/lib/python3.12/site-packages/airflow/example_dags/example_time_delta_sensor_async.py
[2024-11-07T21:27:36.343+0000] {processor.py:914} INFO - Processing file /home/airflow/.local/lib/python3.12/site-packages/airflow/example_dags/example_time_delta_sensor_async.py for tasks to queue
[2024-11-07T21:27:36.345+0000] {logging_mixin.py:190} INFO - [2024-11-07T21:27:36.345+0000] {dagbag.py:588} INFO - Filling up the DagBag from /home/airflow/.local/lib/python3.12/site-packages/airflow/example_dags/example_time_delta_sensor_async.py
[2024-11-07T21:27:36.350+0000] {processor.py:925} INFO - DAG(s) 'example_time_delta_sensor_async' retrieved from /home/airflow/.local/lib/python3.12/site-packages/airflow/example_dags/example_time_delta_sensor_async.py
[2024-11-07T21:27:36.365+0000] {logging_mixin.py:190} INFO - [2024-11-07T21:27:36.365+0000] {dag.py:3239} INFO - Sync 1 DAGs
[2024-11-07T21:27:36.377+0000] {logging_mixin.py:190} INFO - [2024-11-07T21:27:36.377+0000] {dag.py:4180} INFO - Setting next_dagrun for example_time_delta_sensor_async to None, run_after=None
[2024-11-07T21:27:36.390+0000] {processor.py:208} INFO - Processing /home/airflow/.local/lib/python3.12/site-packages/airflow/example_dags/example_time_delta_sensor_async.py took 0.052 seconds
