[2024-11-07T21:23:32.911+0000] {processor.py:186} INFO - Started process (PID=105) to work on /home/airflow/.local/lib/python3.12/site-packages/airflow/example_dags/example_datasets.py
[2024-11-07T21:23:32.912+0000] {processor.py:914} INFO - Processing file /home/airflow/.local/lib/python3.12/site-packages/airflow/example_dags/example_datasets.py for tasks to queue
[2024-11-07T21:23:32.914+0000] {logging_mixin.py:190} INFO - [2024-11-07T21:23:32.914+0000] {dagbag.py:588} INFO - Filling up the DagBag from /home/airflow/.local/lib/python3.12/site-packages/airflow/example_dags/example_datasets.py
[2024-11-07T21:23:33.071+0000] {processor.py:925} INFO - DAG(s) 'consume_1_or_both_2_and_3_with_dataset_expressions', 'dataset_consumes_1_never_scheduled', 'dataset_consumes_unknown_never_scheduled', 'dataset_consumes_1', 'dataset_produces_1', 'consume_1_and_2_with_dataset_expressions', 'dataset_consumes_1_and_2', 'dataset_produces_2', 'consume_1_or_2_with_dataset_expressions', 'conditional_dataset_and_time_based_timetable' retrieved from /home/airflow/.local/lib/python3.12/site-packages/airflow/example_dags/example_datasets.py
[2024-11-07T21:23:33.115+0000] {logging_mixin.py:190} INFO - [2024-11-07T21:23:33.115+0000] {dag.py:3239} INFO - Sync 10 DAGs
[2024-11-07T21:23:33.145+0000] {logging_mixin.py:190} INFO - [2024-11-07T21:23:33.144+0000] {dag.py:4180} INFO - Setting next_dagrun for conditional_dataset_and_time_based_timetable to 2024-11-06 01:00:00+00:00, run_after=2024-11-06 01:00:00+00:00
[2024-11-07T21:23:33.148+0000] {logging_mixin.py:190} INFO - [2024-11-07T21:23:33.148+0000] {dag.py:4180} INFO - Setting next_dagrun for consume_1_and_2_with_dataset_expressions to None, run_after=None
[2024-11-07T21:23:33.149+0000] {logging_mixin.py:190} INFO - [2024-11-07T21:23:33.149+0000] {dag.py:4180} INFO - Setting next_dagrun for consume_1_or_2_with_dataset_expressions to None, run_after=None
[2024-11-07T21:23:33.151+0000] {logging_mixin.py:190} INFO - [2024-11-07T21:23:33.151+0000] {dag.py:4180} INFO - Setting next_dagrun for consume_1_or_both_2_and_3_with_dataset_expressions to None, run_after=None
[2024-11-07T21:23:33.152+0000] {logging_mixin.py:190} INFO - [2024-11-07T21:23:33.152+0000] {dag.py:4180} INFO - Setting next_dagrun for dataset_consumes_1 to None, run_after=None
[2024-11-07T21:23:33.154+0000] {logging_mixin.py:190} INFO - [2024-11-07T21:23:33.153+0000] {dag.py:4180} INFO - Setting next_dagrun for dataset_consumes_1_and_2 to None, run_after=None
[2024-11-07T21:23:33.155+0000] {logging_mixin.py:190} INFO - [2024-11-07T21:23:33.155+0000] {dag.py:4180} INFO - Setting next_dagrun for dataset_consumes_1_never_scheduled to None, run_after=None
[2024-11-07T21:23:33.156+0000] {logging_mixin.py:190} INFO - [2024-11-07T21:23:33.156+0000] {dag.py:4180} INFO - Setting next_dagrun for dataset_consumes_unknown_never_scheduled to None, run_after=None
[2024-11-07T21:23:33.159+0000] {logging_mixin.py:190} INFO - [2024-11-07T21:23:33.159+0000] {dag.py:4180} INFO - Setting next_dagrun for dataset_produces_1 to 2024-11-06 00:00:00+00:00, run_after=2024-11-07 00:00:00+00:00
[2024-11-07T21:23:33.160+0000] {logging_mixin.py:190} INFO - [2024-11-07T21:23:33.160+0000] {dag.py:4180} INFO - Setting next_dagrun for dataset_produces_2 to None, run_after=None
[2024-11-07T21:23:33.192+0000] {processor.py:208} INFO - Processing /home/airflow/.local/lib/python3.12/site-packages/airflow/example_dags/example_datasets.py took 0.285 seconds
[2024-11-07T21:24:03.754+0000] {processor.py:186} INFO - Started process (PID=172) to work on /home/airflow/.local/lib/python3.12/site-packages/airflow/example_dags/example_datasets.py
[2024-11-07T21:24:03.755+0000] {processor.py:914} INFO - Processing file /home/airflow/.local/lib/python3.12/site-packages/airflow/example_dags/example_datasets.py for tasks to queue
[2024-11-07T21:24:03.757+0000] {logging_mixin.py:190} INFO - [2024-11-07T21:24:03.757+0000] {dagbag.py:588} INFO - Filling up the DagBag from /home/airflow/.local/lib/python3.12/site-packages/airflow/example_dags/example_datasets.py
[2024-11-07T21:24:03.973+0000] {processor.py:925} INFO - DAG(s) 'consume_1_or_both_2_and_3_with_dataset_expressions', 'dataset_consumes_1_and_2', 'dataset_consumes_1', 'consume_1_and_2_with_dataset_expressions', 'dataset_produces_2', 'conditional_dataset_and_time_based_timetable', 'consume_1_or_2_with_dataset_expressions', 'dataset_consumes_unknown_never_scheduled', 'dataset_produces_1', 'dataset_consumes_1_never_scheduled' retrieved from /home/airflow/.local/lib/python3.12/site-packages/airflow/example_dags/example_datasets.py
[2024-11-07T21:24:04.048+0000] {logging_mixin.py:190} INFO - [2024-11-07T21:24:04.048+0000] {dag.py:3239} INFO - Sync 10 DAGs
[2024-11-07T21:24:04.091+0000] {logging_mixin.py:190} INFO - [2024-11-07T21:24:04.091+0000] {dag.py:4180} INFO - Setting next_dagrun for conditional_dataset_and_time_based_timetable to 2024-11-06 01:00:00+00:00, run_after=2024-11-06 01:00:00+00:00
[2024-11-07T21:24:04.118+0000] {logging_mixin.py:190} INFO - [2024-11-07T21:24:04.118+0000] {dag.py:4180} INFO - Setting next_dagrun for consume_1_and_2_with_dataset_expressions to None, run_after=None
[2024-11-07T21:24:04.128+0000] {logging_mixin.py:190} INFO - [2024-11-07T21:24:04.128+0000] {dag.py:4180} INFO - Setting next_dagrun for consume_1_or_2_with_dataset_expressions to None, run_after=None
[2024-11-07T21:24:04.131+0000] {logging_mixin.py:190} INFO - [2024-11-07T21:24:04.131+0000] {dag.py:4180} INFO - Setting next_dagrun for consume_1_or_both_2_and_3_with_dataset_expressions to None, run_after=None
[2024-11-07T21:24:04.136+0000] {logging_mixin.py:190} INFO - [2024-11-07T21:24:04.136+0000] {dag.py:4180} INFO - Setting next_dagrun for dataset_consumes_1 to None, run_after=None
[2024-11-07T21:24:04.139+0000] {logging_mixin.py:190} INFO - [2024-11-07T21:24:04.139+0000] {dag.py:4180} INFO - Setting next_dagrun for dataset_consumes_1_and_2 to None, run_after=None
[2024-11-07T21:24:04.141+0000] {logging_mixin.py:190} INFO - [2024-11-07T21:24:04.141+0000] {dag.py:4180} INFO - Setting next_dagrun for dataset_consumes_1_never_scheduled to None, run_after=None
[2024-11-07T21:24:04.143+0000] {logging_mixin.py:190} INFO - [2024-11-07T21:24:04.143+0000] {dag.py:4180} INFO - Setting next_dagrun for dataset_consumes_unknown_never_scheduled to None, run_after=None
[2024-11-07T21:24:04.150+0000] {logging_mixin.py:190} INFO - [2024-11-07T21:24:04.150+0000] {dag.py:4180} INFO - Setting next_dagrun for dataset_produces_1 to 2024-11-06 00:00:00+00:00, run_after=2024-11-07 00:00:00+00:00
[2024-11-07T21:24:04.163+0000] {logging_mixin.py:190} INFO - [2024-11-07T21:24:04.162+0000] {dag.py:4180} INFO - Setting next_dagrun for dataset_produces_2 to None, run_after=None
[2024-11-07T21:24:04.229+0000] {processor.py:208} INFO - Processing /home/airflow/.local/lib/python3.12/site-packages/airflow/example_dags/example_datasets.py took 0.481 seconds
[2024-11-07T21:24:34.375+0000] {processor.py:186} INFO - Started process (PID=243) to work on /home/airflow/.local/lib/python3.12/site-packages/airflow/example_dags/example_datasets.py
[2024-11-07T21:24:34.376+0000] {processor.py:914} INFO - Processing file /home/airflow/.local/lib/python3.12/site-packages/airflow/example_dags/example_datasets.py for tasks to queue
[2024-11-07T21:24:34.378+0000] {logging_mixin.py:190} INFO - [2024-11-07T21:24:34.378+0000] {dagbag.py:588} INFO - Filling up the DagBag from /home/airflow/.local/lib/python3.12/site-packages/airflow/example_dags/example_datasets.py
[2024-11-07T21:24:34.502+0000] {processor.py:925} INFO - DAG(s) 'dataset_consumes_1_and_2', 'dataset_produces_1', 'conditional_dataset_and_time_based_timetable', 'consume_1_and_2_with_dataset_expressions', 'dataset_consumes_1', 'dataset_produces_2', 'consume_1_or_both_2_and_3_with_dataset_expressions', 'dataset_consumes_unknown_never_scheduled', 'dataset_consumes_1_never_scheduled', 'consume_1_or_2_with_dataset_expressions' retrieved from /home/airflow/.local/lib/python3.12/site-packages/airflow/example_dags/example_datasets.py
[2024-11-07T21:24:34.539+0000] {logging_mixin.py:190} INFO - [2024-11-07T21:24:34.539+0000] {dag.py:3239} INFO - Sync 10 DAGs
[2024-11-07T21:24:34.561+0000] {logging_mixin.py:190} INFO - [2024-11-07T21:24:34.561+0000] {dag.py:4180} INFO - Setting next_dagrun for conditional_dataset_and_time_based_timetable to 2024-11-06 01:00:00+00:00, run_after=2024-11-06 01:00:00+00:00
[2024-11-07T21:24:34.565+0000] {logging_mixin.py:190} INFO - [2024-11-07T21:24:34.565+0000] {dag.py:4180} INFO - Setting next_dagrun for consume_1_and_2_with_dataset_expressions to None, run_after=None
[2024-11-07T21:24:34.566+0000] {logging_mixin.py:190} INFO - [2024-11-07T21:24:34.566+0000] {dag.py:4180} INFO - Setting next_dagrun for consume_1_or_2_with_dataset_expressions to None, run_after=None
[2024-11-07T21:24:34.567+0000] {logging_mixin.py:190} INFO - [2024-11-07T21:24:34.567+0000] {dag.py:4180} INFO - Setting next_dagrun for consume_1_or_both_2_and_3_with_dataset_expressions to None, run_after=None
[2024-11-07T21:24:34.568+0000] {logging_mixin.py:190} INFO - [2024-11-07T21:24:34.568+0000] {dag.py:4180} INFO - Setting next_dagrun for dataset_consumes_1 to None, run_after=None
[2024-11-07T21:24:34.571+0000] {logging_mixin.py:190} INFO - [2024-11-07T21:24:34.570+0000] {dag.py:4180} INFO - Setting next_dagrun for dataset_consumes_1_and_2 to None, run_after=None
[2024-11-07T21:24:34.572+0000] {logging_mixin.py:190} INFO - [2024-11-07T21:24:34.572+0000] {dag.py:4180} INFO - Setting next_dagrun for dataset_consumes_1_never_scheduled to None, run_after=None
[2024-11-07T21:24:34.573+0000] {logging_mixin.py:190} INFO - [2024-11-07T21:24:34.573+0000] {dag.py:4180} INFO - Setting next_dagrun for dataset_consumes_unknown_never_scheduled to None, run_after=None
[2024-11-07T21:24:34.574+0000] {logging_mixin.py:190} INFO - [2024-11-07T21:24:34.574+0000] {dag.py:4180} INFO - Setting next_dagrun for dataset_produces_1 to 2024-11-06 00:00:00+00:00, run_after=2024-11-07 00:00:00+00:00
[2024-11-07T21:24:34.576+0000] {logging_mixin.py:190} INFO - [2024-11-07T21:24:34.575+0000] {dag.py:4180} INFO - Setting next_dagrun for dataset_produces_2 to None, run_after=None
[2024-11-07T21:24:34.601+0000] {processor.py:208} INFO - Processing /home/airflow/.local/lib/python3.12/site-packages/airflow/example_dags/example_datasets.py took 0.230 seconds
[2024-11-07T21:25:04.977+0000] {processor.py:186} INFO - Started process (PID=305) to work on /home/airflow/.local/lib/python3.12/site-packages/airflow/example_dags/example_datasets.py
[2024-11-07T21:25:04.977+0000] {processor.py:914} INFO - Processing file /home/airflow/.local/lib/python3.12/site-packages/airflow/example_dags/example_datasets.py for tasks to queue
[2024-11-07T21:25:04.979+0000] {logging_mixin.py:190} INFO - [2024-11-07T21:25:04.979+0000] {dagbag.py:588} INFO - Filling up the DagBag from /home/airflow/.local/lib/python3.12/site-packages/airflow/example_dags/example_datasets.py
[2024-11-07T21:25:05.111+0000] {processor.py:925} INFO - DAG(s) 'dataset_produces_2', 'consume_1_or_both_2_and_3_with_dataset_expressions', 'conditional_dataset_and_time_based_timetable', 'consume_1_and_2_with_dataset_expressions', 'dataset_consumes_1_and_2', 'dataset_consumes_1', 'dataset_consumes_1_never_scheduled', 'consume_1_or_2_with_dataset_expressions', 'dataset_consumes_unknown_never_scheduled', 'dataset_produces_1' retrieved from /home/airflow/.local/lib/python3.12/site-packages/airflow/example_dags/example_datasets.py
[2024-11-07T21:25:05.159+0000] {logging_mixin.py:190} INFO - [2024-11-07T21:25:05.159+0000] {dag.py:3239} INFO - Sync 10 DAGs
[2024-11-07T21:25:05.180+0000] {logging_mixin.py:190} INFO - [2024-11-07T21:25:05.180+0000] {dag.py:4180} INFO - Setting next_dagrun for conditional_dataset_and_time_based_timetable to 2024-11-06 01:00:00+00:00, run_after=2024-11-06 01:00:00+00:00
[2024-11-07T21:25:05.183+0000] {logging_mixin.py:190} INFO - [2024-11-07T21:25:05.183+0000] {dag.py:4180} INFO - Setting next_dagrun for consume_1_and_2_with_dataset_expressions to None, run_after=None
[2024-11-07T21:25:05.185+0000] {logging_mixin.py:190} INFO - [2024-11-07T21:25:05.184+0000] {dag.py:4180} INFO - Setting next_dagrun for consume_1_or_2_with_dataset_expressions to None, run_after=None
[2024-11-07T21:25:05.186+0000] {logging_mixin.py:190} INFO - [2024-11-07T21:25:05.185+0000] {dag.py:4180} INFO - Setting next_dagrun for consume_1_or_both_2_and_3_with_dataset_expressions to None, run_after=None
[2024-11-07T21:25:05.187+0000] {logging_mixin.py:190} INFO - [2024-11-07T21:25:05.186+0000] {dag.py:4180} INFO - Setting next_dagrun for dataset_consumes_1 to None, run_after=None
[2024-11-07T21:25:05.188+0000] {logging_mixin.py:190} INFO - [2024-11-07T21:25:05.188+0000] {dag.py:4180} INFO - Setting next_dagrun for dataset_consumes_1_and_2 to None, run_after=None
[2024-11-07T21:25:05.189+0000] {logging_mixin.py:190} INFO - [2024-11-07T21:25:05.189+0000] {dag.py:4180} INFO - Setting next_dagrun for dataset_consumes_1_never_scheduled to None, run_after=None
[2024-11-07T21:25:05.190+0000] {logging_mixin.py:190} INFO - [2024-11-07T21:25:05.190+0000] {dag.py:4180} INFO - Setting next_dagrun for dataset_consumes_unknown_never_scheduled to None, run_after=None
[2024-11-07T21:25:05.192+0000] {logging_mixin.py:190} INFO - [2024-11-07T21:25:05.192+0000] {dag.py:4180} INFO - Setting next_dagrun for dataset_produces_1 to 2024-11-06 00:00:00+00:00, run_after=2024-11-07 00:00:00+00:00
[2024-11-07T21:25:05.193+0000] {logging_mixin.py:190} INFO - [2024-11-07T21:25:05.193+0000] {dag.py:4180} INFO - Setting next_dagrun for dataset_produces_2 to None, run_after=None
[2024-11-07T21:25:05.222+0000] {processor.py:208} INFO - Processing /home/airflow/.local/lib/python3.12/site-packages/airflow/example_dags/example_datasets.py took 0.250 seconds
[2024-11-07T21:25:35.299+0000] {processor.py:186} INFO - Started process (PID=369) to work on /home/airflow/.local/lib/python3.12/site-packages/airflow/example_dags/example_datasets.py
[2024-11-07T21:25:35.300+0000] {processor.py:914} INFO - Processing file /home/airflow/.local/lib/python3.12/site-packages/airflow/example_dags/example_datasets.py for tasks to queue
[2024-11-07T21:25:35.302+0000] {logging_mixin.py:190} INFO - [2024-11-07T21:25:35.302+0000] {dagbag.py:588} INFO - Filling up the DagBag from /home/airflow/.local/lib/python3.12/site-packages/airflow/example_dags/example_datasets.py
[2024-11-07T21:25:35.430+0000] {processor.py:925} INFO - DAG(s) 'dataset_produces_2', 'dataset_consumes_unknown_never_scheduled', 'consume_1_or_both_2_and_3_with_dataset_expressions', 'dataset_consumes_1_never_scheduled', 'dataset_consumes_1', 'consume_1_and_2_with_dataset_expressions', 'dataset_produces_1', 'consume_1_or_2_with_dataset_expressions', 'dataset_consumes_1_and_2', 'conditional_dataset_and_time_based_timetable' retrieved from /home/airflow/.local/lib/python3.12/site-packages/airflow/example_dags/example_datasets.py
[2024-11-07T21:25:35.468+0000] {logging_mixin.py:190} INFO - [2024-11-07T21:25:35.467+0000] {dag.py:3239} INFO - Sync 10 DAGs
[2024-11-07T21:25:35.490+0000] {logging_mixin.py:190} INFO - [2024-11-07T21:25:35.490+0000] {dag.py:4180} INFO - Setting next_dagrun for conditional_dataset_and_time_based_timetable to 2024-11-06 01:00:00+00:00, run_after=2024-11-06 01:00:00+00:00
[2024-11-07T21:25:35.493+0000] {logging_mixin.py:190} INFO - [2024-11-07T21:25:35.493+0000] {dag.py:4180} INFO - Setting next_dagrun for consume_1_and_2_with_dataset_expressions to None, run_after=None
[2024-11-07T21:25:35.494+0000] {logging_mixin.py:190} INFO - [2024-11-07T21:25:35.494+0000] {dag.py:4180} INFO - Setting next_dagrun for consume_1_or_2_with_dataset_expressions to None, run_after=None
[2024-11-07T21:25:35.495+0000] {logging_mixin.py:190} INFO - [2024-11-07T21:25:35.495+0000] {dag.py:4180} INFO - Setting next_dagrun for consume_1_or_both_2_and_3_with_dataset_expressions to None, run_after=None
[2024-11-07T21:25:35.496+0000] {logging_mixin.py:190} INFO - [2024-11-07T21:25:35.496+0000] {dag.py:4180} INFO - Setting next_dagrun for dataset_consumes_1 to None, run_after=None
[2024-11-07T21:25:35.498+0000] {logging_mixin.py:190} INFO - [2024-11-07T21:25:35.498+0000] {dag.py:4180} INFO - Setting next_dagrun for dataset_consumes_1_and_2 to None, run_after=None
[2024-11-07T21:25:35.499+0000] {logging_mixin.py:190} INFO - [2024-11-07T21:25:35.498+0000] {dag.py:4180} INFO - Setting next_dagrun for dataset_consumes_1_never_scheduled to None, run_after=None
[2024-11-07T21:25:35.500+0000] {logging_mixin.py:190} INFO - [2024-11-07T21:25:35.499+0000] {dag.py:4180} INFO - Setting next_dagrun for dataset_consumes_unknown_never_scheduled to None, run_after=None
[2024-11-07T21:25:35.502+0000] {logging_mixin.py:190} INFO - [2024-11-07T21:25:35.501+0000] {dag.py:4180} INFO - Setting next_dagrun for dataset_produces_1 to 2024-11-06 00:00:00+00:00, run_after=2024-11-07 00:00:00+00:00
[2024-11-07T21:25:35.503+0000] {logging_mixin.py:190} INFO - [2024-11-07T21:25:35.503+0000] {dag.py:4180} INFO - Setting next_dagrun for dataset_produces_2 to None, run_after=None
[2024-11-07T21:25:35.529+0000] {processor.py:208} INFO - Processing /home/airflow/.local/lib/python3.12/site-packages/airflow/example_dags/example_datasets.py took 0.234 seconds
[2024-11-07T21:26:06.547+0000] {processor.py:186} INFO - Started process (PID=434) to work on /home/airflow/.local/lib/python3.12/site-packages/airflow/example_dags/example_datasets.py
[2024-11-07T21:26:06.547+0000] {processor.py:914} INFO - Processing file /home/airflow/.local/lib/python3.12/site-packages/airflow/example_dags/example_datasets.py for tasks to queue
[2024-11-07T21:26:06.549+0000] {logging_mixin.py:190} INFO - [2024-11-07T21:26:06.549+0000] {dagbag.py:588} INFO - Filling up the DagBag from /home/airflow/.local/lib/python3.12/site-packages/airflow/example_dags/example_datasets.py
[2024-11-07T21:26:06.663+0000] {processor.py:925} INFO - DAG(s) 'consume_1_or_2_with_dataset_expressions', 'consume_1_and_2_with_dataset_expressions', 'dataset_produces_1', 'conditional_dataset_and_time_based_timetable', 'dataset_consumes_unknown_never_scheduled', 'dataset_consumes_1', 'dataset_consumes_1_never_scheduled', 'dataset_produces_2', 'consume_1_or_both_2_and_3_with_dataset_expressions', 'dataset_consumes_1_and_2' retrieved from /home/airflow/.local/lib/python3.12/site-packages/airflow/example_dags/example_datasets.py
[2024-11-07T21:26:06.698+0000] {logging_mixin.py:190} INFO - [2024-11-07T21:26:06.698+0000] {dag.py:3239} INFO - Sync 10 DAGs
[2024-11-07T21:26:06.718+0000] {logging_mixin.py:190} INFO - [2024-11-07T21:26:06.718+0000] {dag.py:4180} INFO - Setting next_dagrun for conditional_dataset_and_time_based_timetable to 2024-11-06 01:00:00+00:00, run_after=2024-11-06 01:00:00+00:00
[2024-11-07T21:26:06.722+0000] {logging_mixin.py:190} INFO - [2024-11-07T21:26:06.721+0000] {dag.py:4180} INFO - Setting next_dagrun for consume_1_and_2_with_dataset_expressions to None, run_after=None
[2024-11-07T21:26:06.723+0000] {logging_mixin.py:190} INFO - [2024-11-07T21:26:06.723+0000] {dag.py:4180} INFO - Setting next_dagrun for consume_1_or_2_with_dataset_expressions to None, run_after=None
[2024-11-07T21:26:06.724+0000] {logging_mixin.py:190} INFO - [2024-11-07T21:26:06.724+0000] {dag.py:4180} INFO - Setting next_dagrun for consume_1_or_both_2_and_3_with_dataset_expressions to None, run_after=None
[2024-11-07T21:26:06.725+0000] {logging_mixin.py:190} INFO - [2024-11-07T21:26:06.725+0000] {dag.py:4180} INFO - Setting next_dagrun for dataset_consumes_1 to None, run_after=None
[2024-11-07T21:26:06.726+0000] {logging_mixin.py:190} INFO - [2024-11-07T21:26:06.726+0000] {dag.py:4180} INFO - Setting next_dagrun for dataset_consumes_1_and_2 to None, run_after=None
[2024-11-07T21:26:06.727+0000] {logging_mixin.py:190} INFO - [2024-11-07T21:26:06.727+0000] {dag.py:4180} INFO - Setting next_dagrun for dataset_consumes_1_never_scheduled to None, run_after=None
[2024-11-07T21:26:06.728+0000] {logging_mixin.py:190} INFO - [2024-11-07T21:26:06.728+0000] {dag.py:4180} INFO - Setting next_dagrun for dataset_consumes_unknown_never_scheduled to None, run_after=None
[2024-11-07T21:26:06.730+0000] {logging_mixin.py:190} INFO - [2024-11-07T21:26:06.730+0000] {dag.py:4180} INFO - Setting next_dagrun for dataset_produces_1 to 2024-11-06 00:00:00+00:00, run_after=2024-11-07 00:00:00+00:00
[2024-11-07T21:26:06.731+0000] {logging_mixin.py:190} INFO - [2024-11-07T21:26:06.731+0000] {dag.py:4180} INFO - Setting next_dagrun for dataset_produces_2 to None, run_after=None
[2024-11-07T21:26:06.757+0000] {processor.py:208} INFO - Processing /home/airflow/.local/lib/python3.12/site-packages/airflow/example_dags/example_datasets.py took 0.214 seconds
[2024-11-07T21:26:37.114+0000] {processor.py:186} INFO - Started process (PID=497) to work on /home/airflow/.local/lib/python3.12/site-packages/airflow/example_dags/example_datasets.py
[2024-11-07T21:26:37.114+0000] {processor.py:914} INFO - Processing file /home/airflow/.local/lib/python3.12/site-packages/airflow/example_dags/example_datasets.py for tasks to queue
[2024-11-07T21:26:37.116+0000] {logging_mixin.py:190} INFO - [2024-11-07T21:26:37.116+0000] {dagbag.py:588} INFO - Filling up the DagBag from /home/airflow/.local/lib/python3.12/site-packages/airflow/example_dags/example_datasets.py
[2024-11-07T21:26:37.239+0000] {processor.py:925} INFO - DAG(s) 'dataset_consumes_1_and_2', 'consume_1_or_2_with_dataset_expressions', 'dataset_consumes_1_never_scheduled', 'dataset_produces_1', 'consume_1_and_2_with_dataset_expressions', 'dataset_consumes_unknown_never_scheduled', 'dataset_produces_2', 'conditional_dataset_and_time_based_timetable', 'dataset_consumes_1', 'consume_1_or_both_2_and_3_with_dataset_expressions' retrieved from /home/airflow/.local/lib/python3.12/site-packages/airflow/example_dags/example_datasets.py
[2024-11-07T21:26:37.273+0000] {logging_mixin.py:190} INFO - [2024-11-07T21:26:37.273+0000] {dag.py:3239} INFO - Sync 10 DAGs
[2024-11-07T21:26:37.296+0000] {logging_mixin.py:190} INFO - [2024-11-07T21:26:37.296+0000] {dag.py:4180} INFO - Setting next_dagrun for conditional_dataset_and_time_based_timetable to 2024-11-06 01:00:00+00:00, run_after=2024-11-06 01:00:00+00:00
[2024-11-07T21:26:37.300+0000] {logging_mixin.py:190} INFO - [2024-11-07T21:26:37.299+0000] {dag.py:4180} INFO - Setting next_dagrun for consume_1_and_2_with_dataset_expressions to None, run_after=None
[2024-11-07T21:26:37.301+0000] {logging_mixin.py:190} INFO - [2024-11-07T21:26:37.301+0000] {dag.py:4180} INFO - Setting next_dagrun for consume_1_or_2_with_dataset_expressions to None, run_after=None
[2024-11-07T21:26:37.302+0000] {logging_mixin.py:190} INFO - [2024-11-07T21:26:37.302+0000] {dag.py:4180} INFO - Setting next_dagrun for consume_1_or_both_2_and_3_with_dataset_expressions to None, run_after=None
[2024-11-07T21:26:37.303+0000] {logging_mixin.py:190} INFO - [2024-11-07T21:26:37.303+0000] {dag.py:4180} INFO - Setting next_dagrun for dataset_consumes_1 to None, run_after=None
[2024-11-07T21:26:37.304+0000] {logging_mixin.py:190} INFO - [2024-11-07T21:26:37.304+0000] {dag.py:4180} INFO - Setting next_dagrun for dataset_consumes_1_and_2 to None, run_after=None
[2024-11-07T21:26:37.305+0000] {logging_mixin.py:190} INFO - [2024-11-07T21:26:37.304+0000] {dag.py:4180} INFO - Setting next_dagrun for dataset_consumes_1_never_scheduled to None, run_after=None
[2024-11-07T21:26:37.305+0000] {logging_mixin.py:190} INFO - [2024-11-07T21:26:37.305+0000] {dag.py:4180} INFO - Setting next_dagrun for dataset_consumes_unknown_never_scheduled to None, run_after=None
[2024-11-07T21:26:37.307+0000] {logging_mixin.py:190} INFO - [2024-11-07T21:26:37.307+0000] {dag.py:4180} INFO - Setting next_dagrun for dataset_produces_1 to 2024-11-06 00:00:00+00:00, run_after=2024-11-07 00:00:00+00:00
[2024-11-07T21:26:37.309+0000] {logging_mixin.py:190} INFO - [2024-11-07T21:26:37.308+0000] {dag.py:4180} INFO - Setting next_dagrun for dataset_produces_2 to None, run_after=None
[2024-11-07T21:26:37.334+0000] {processor.py:208} INFO - Processing /home/airflow/.local/lib/python3.12/site-packages/airflow/example_dags/example_datasets.py took 0.225 seconds
[2024-11-07T21:27:07.417+0000] {processor.py:186} INFO - Started process (PID=560) to work on /home/airflow/.local/lib/python3.12/site-packages/airflow/example_dags/example_datasets.py
[2024-11-07T21:27:07.418+0000] {processor.py:914} INFO - Processing file /home/airflow/.local/lib/python3.12/site-packages/airflow/example_dags/example_datasets.py for tasks to queue
[2024-11-07T21:27:07.420+0000] {logging_mixin.py:190} INFO - [2024-11-07T21:27:07.420+0000] {dagbag.py:588} INFO - Filling up the DagBag from /home/airflow/.local/lib/python3.12/site-packages/airflow/example_dags/example_datasets.py
[2024-11-07T21:27:07.553+0000] {processor.py:925} INFO - DAG(s) 'consume_1_or_both_2_and_3_with_dataset_expressions', 'dataset_consumes_1_never_scheduled', 'dataset_consumes_1', 'conditional_dataset_and_time_based_timetable', 'dataset_consumes_1_and_2', 'dataset_consumes_unknown_never_scheduled', 'consume_1_and_2_with_dataset_expressions', 'dataset_produces_1', 'consume_1_or_2_with_dataset_expressions', 'dataset_produces_2' retrieved from /home/airflow/.local/lib/python3.12/site-packages/airflow/example_dags/example_datasets.py
[2024-11-07T21:27:07.591+0000] {logging_mixin.py:190} INFO - [2024-11-07T21:27:07.591+0000] {dag.py:3239} INFO - Sync 10 DAGs
[2024-11-07T21:27:07.617+0000] {logging_mixin.py:190} INFO - [2024-11-07T21:27:07.617+0000] {dag.py:4180} INFO - Setting next_dagrun for conditional_dataset_and_time_based_timetable to 2024-11-06 01:00:00+00:00, run_after=2024-11-06 01:00:00+00:00
[2024-11-07T21:27:07.621+0000] {logging_mixin.py:190} INFO - [2024-11-07T21:27:07.621+0000] {dag.py:4180} INFO - Setting next_dagrun for consume_1_and_2_with_dataset_expressions to None, run_after=None
[2024-11-07T21:27:07.623+0000] {logging_mixin.py:190} INFO - [2024-11-07T21:27:07.622+0000] {dag.py:4180} INFO - Setting next_dagrun for consume_1_or_2_with_dataset_expressions to None, run_after=None
[2024-11-07T21:27:07.624+0000] {logging_mixin.py:190} INFO - [2024-11-07T21:27:07.624+0000] {dag.py:4180} INFO - Setting next_dagrun for consume_1_or_both_2_and_3_with_dataset_expressions to None, run_after=None
[2024-11-07T21:27:07.625+0000] {logging_mixin.py:190} INFO - [2024-11-07T21:27:07.625+0000] {dag.py:4180} INFO - Setting next_dagrun for dataset_consumes_1 to None, run_after=None
[2024-11-07T21:27:07.626+0000] {logging_mixin.py:190} INFO - [2024-11-07T21:27:07.626+0000] {dag.py:4180} INFO - Setting next_dagrun for dataset_consumes_1_and_2 to None, run_after=None
[2024-11-07T21:27:07.628+0000] {logging_mixin.py:190} INFO - [2024-11-07T21:27:07.627+0000] {dag.py:4180} INFO - Setting next_dagrun for dataset_consumes_1_never_scheduled to None, run_after=None
[2024-11-07T21:27:07.629+0000] {logging_mixin.py:190} INFO - [2024-11-07T21:27:07.629+0000] {dag.py:4180} INFO - Setting next_dagrun for dataset_consumes_unknown_never_scheduled to None, run_after=None
[2024-11-07T21:27:07.639+0000] {logging_mixin.py:190} INFO - [2024-11-07T21:27:07.639+0000] {dag.py:4180} INFO - Setting next_dagrun for dataset_produces_1 to 2024-11-06 00:00:00+00:00, run_after=2024-11-07 00:00:00+00:00
[2024-11-07T21:27:07.641+0000] {logging_mixin.py:190} INFO - [2024-11-07T21:27:07.640+0000] {dag.py:4180} INFO - Setting next_dagrun for dataset_produces_2 to None, run_after=None
[2024-11-07T21:27:07.676+0000] {processor.py:208} INFO - Processing /home/airflow/.local/lib/python3.12/site-packages/airflow/example_dags/example_datasets.py took 0.264 seconds
[2024-11-07T21:27:37.727+0000] {processor.py:186} INFO - Started process (PID=625) to work on /home/airflow/.local/lib/python3.12/site-packages/airflow/example_dags/example_datasets.py
[2024-11-07T21:27:37.728+0000] {processor.py:914} INFO - Processing file /home/airflow/.local/lib/python3.12/site-packages/airflow/example_dags/example_datasets.py for tasks to queue
[2024-11-07T21:27:37.730+0000] {logging_mixin.py:190} INFO - [2024-11-07T21:27:37.729+0000] {dagbag.py:588} INFO - Filling up the DagBag from /home/airflow/.local/lib/python3.12/site-packages/airflow/example_dags/example_datasets.py
[2024-11-07T21:27:37.866+0000] {processor.py:925} INFO - DAG(s) 'consume_1_or_both_2_and_3_with_dataset_expressions', 'dataset_consumes_1_never_scheduled', 'consume_1_or_2_with_dataset_expressions', 'dataset_produces_2', 'conditional_dataset_and_time_based_timetable', 'dataset_consumes_unknown_never_scheduled', 'dataset_consumes_1_and_2', 'dataset_produces_1', 'consume_1_and_2_with_dataset_expressions', 'dataset_consumes_1' retrieved from /home/airflow/.local/lib/python3.12/site-packages/airflow/example_dags/example_datasets.py
[2024-11-07T21:27:37.905+0000] {logging_mixin.py:190} INFO - [2024-11-07T21:27:37.905+0000] {dag.py:3239} INFO - Sync 10 DAGs
[2024-11-07T21:27:37.929+0000] {logging_mixin.py:190} INFO - [2024-11-07T21:27:37.929+0000] {dag.py:4180} INFO - Setting next_dagrun for conditional_dataset_and_time_based_timetable to 2024-11-06 01:00:00+00:00, run_after=2024-11-06 01:00:00+00:00
[2024-11-07T21:27:37.932+0000] {logging_mixin.py:190} INFO - [2024-11-07T21:27:37.932+0000] {dag.py:4180} INFO - Setting next_dagrun for consume_1_and_2_with_dataset_expressions to None, run_after=None
[2024-11-07T21:27:37.933+0000] {logging_mixin.py:190} INFO - [2024-11-07T21:27:37.933+0000] {dag.py:4180} INFO - Setting next_dagrun for consume_1_or_2_with_dataset_expressions to None, run_after=None
[2024-11-07T21:27:37.934+0000] {logging_mixin.py:190} INFO - [2024-11-07T21:27:37.934+0000] {dag.py:4180} INFO - Setting next_dagrun for consume_1_or_both_2_and_3_with_dataset_expressions to None, run_after=None
[2024-11-07T21:27:37.935+0000] {logging_mixin.py:190} INFO - [2024-11-07T21:27:37.935+0000] {dag.py:4180} INFO - Setting next_dagrun for dataset_consumes_1 to None, run_after=None
[2024-11-07T21:27:37.936+0000] {logging_mixin.py:190} INFO - [2024-11-07T21:27:37.936+0000] {dag.py:4180} INFO - Setting next_dagrun for dataset_consumes_1_and_2 to None, run_after=None
[2024-11-07T21:27:37.937+0000] {logging_mixin.py:190} INFO - [2024-11-07T21:27:37.937+0000] {dag.py:4180} INFO - Setting next_dagrun for dataset_consumes_1_never_scheduled to None, run_after=None
[2024-11-07T21:27:37.938+0000] {logging_mixin.py:190} INFO - [2024-11-07T21:27:37.938+0000] {dag.py:4180} INFO - Setting next_dagrun for dataset_consumes_unknown_never_scheduled to None, run_after=None
[2024-11-07T21:27:37.940+0000] {logging_mixin.py:190} INFO - [2024-11-07T21:27:37.940+0000] {dag.py:4180} INFO - Setting next_dagrun for dataset_produces_1 to 2024-11-06 00:00:00+00:00, run_after=2024-11-07 00:00:00+00:00
[2024-11-07T21:27:37.941+0000] {logging_mixin.py:190} INFO - [2024-11-07T21:27:37.941+0000] {dag.py:4180} INFO - Setting next_dagrun for dataset_produces_2 to None, run_after=None
[2024-11-07T21:27:37.966+0000] {processor.py:208} INFO - Processing /home/airflow/.local/lib/python3.12/site-packages/airflow/example_dags/example_datasets.py took 0.243 seconds
