[2024-11-07T21:23:32.934+0000] {processor.py:186} INFO - Started process (PID=106) to work on /home/airflow/.local/lib/python3.12/site-packages/airflow/example_dags/example_sensors.py
[2024-11-07T21:23:32.935+0000] {processor.py:914} INFO - Processing file /home/airflow/.local/lib/python3.12/site-packages/airflow/example_dags/example_sensors.py for tasks to queue
[2024-11-07T21:23:32.936+0000] {logging_mixin.py:190} INFO - [2024-11-07T21:23:32.936+0000] {dagbag.py:588} INFO - Filling up the DagBag from /home/airflow/.local/lib/python3.12/site-packages/airflow/example_dags/example_sensors.py
[2024-11-07T21:23:32.947+0000] {processor.py:925} INFO - DAG(s) 'example_sensors' retrieved from /home/airflow/.local/lib/python3.12/site-packages/airflow/example_dags/example_sensors.py
[2024-11-07T21:23:32.976+0000] {logging_mixin.py:190} INFO - [2024-11-07T21:23:32.976+0000] {dag.py:3239} INFO - Sync 1 DAGs
[2024-11-07T21:23:32.990+0000] {logging_mixin.py:190} INFO - [2024-11-07T21:23:32.990+0000] {dag.py:4180} INFO - Setting next_dagrun for example_sensors to None, run_after=None
[2024-11-07T21:23:33.007+0000] {processor.py:208} INFO - Processing /home/airflow/.local/lib/python3.12/site-packages/airflow/example_dags/example_sensors.py took 0.079 seconds
[2024-11-07T21:24:03.888+0000] {processor.py:186} INFO - Started process (PID=173) to work on /home/airflow/.local/lib/python3.12/site-packages/airflow/example_dags/example_sensors.py
[2024-11-07T21:24:03.889+0000] {processor.py:914} INFO - Processing file /home/airflow/.local/lib/python3.12/site-packages/airflow/example_dags/example_sensors.py for tasks to queue
[2024-11-07T21:24:03.891+0000] {logging_mixin.py:190} INFO - [2024-11-07T21:24:03.891+0000] {dagbag.py:588} INFO - Filling up the DagBag from /home/airflow/.local/lib/python3.12/site-packages/airflow/example_dags/example_sensors.py
[2024-11-07T21:24:03.904+0000] {processor.py:925} INFO - DAG(s) 'example_sensors' retrieved from /home/airflow/.local/lib/python3.12/site-packages/airflow/example_dags/example_sensors.py
[2024-11-07T21:24:03.933+0000] {logging_mixin.py:190} INFO - [2024-11-07T21:24:03.933+0000] {dag.py:3239} INFO - Sync 1 DAGs
[2024-11-07T21:24:03.951+0000] {logging_mixin.py:190} INFO - [2024-11-07T21:24:03.951+0000] {dag.py:4180} INFO - Setting next_dagrun for example_sensors to None, run_after=None
[2024-11-07T21:24:03.973+0000] {processor.py:208} INFO - Processing /home/airflow/.local/lib/python3.12/site-packages/airflow/example_dags/example_sensors.py took 0.093 seconds
[2024-11-07T21:24:34.278+0000] {processor.py:186} INFO - Started process (PID=241) to work on /home/airflow/.local/lib/python3.12/site-packages/airflow/example_dags/example_sensors.py
[2024-11-07T21:24:34.279+0000] {processor.py:914} INFO - Processing file /home/airflow/.local/lib/python3.12/site-packages/airflow/example_dags/example_sensors.py for tasks to queue
[2024-11-07T21:24:34.281+0000] {logging_mixin.py:190} INFO - [2024-11-07T21:24:34.280+0000] {dagbag.py:588} INFO - Filling up the DagBag from /home/airflow/.local/lib/python3.12/site-packages/airflow/example_dags/example_sensors.py
[2024-11-07T21:24:34.289+0000] {processor.py:925} INFO - DAG(s) 'example_sensors' retrieved from /home/airflow/.local/lib/python3.12/site-packages/airflow/example_dags/example_sensors.py
[2024-11-07T21:24:34.314+0000] {logging_mixin.py:190} INFO - [2024-11-07T21:24:34.314+0000] {dag.py:3239} INFO - Sync 1 DAGs
[2024-11-07T21:24:34.328+0000] {logging_mixin.py:190} INFO - [2024-11-07T21:24:34.328+0000] {dag.py:4180} INFO - Setting next_dagrun for example_sensors to None, run_after=None
[2024-11-07T21:24:34.345+0000] {processor.py:208} INFO - Processing /home/airflow/.local/lib/python3.12/site-packages/airflow/example_dags/example_sensors.py took 0.072 seconds
[2024-11-07T21:25:04.978+0000] {processor.py:186} INFO - Started process (PID=306) to work on /home/airflow/.local/lib/python3.12/site-packages/airflow/example_dags/example_sensors.py
[2024-11-07T21:25:04.979+0000] {processor.py:914} INFO - Processing file /home/airflow/.local/lib/python3.12/site-packages/airflow/example_dags/example_sensors.py for tasks to queue
[2024-11-07T21:25:04.980+0000] {logging_mixin.py:190} INFO - [2024-11-07T21:25:04.980+0000] {dagbag.py:588} INFO - Filling up the DagBag from /home/airflow/.local/lib/python3.12/site-packages/airflow/example_dags/example_sensors.py
[2024-11-07T21:25:04.988+0000] {processor.py:925} INFO - DAG(s) 'example_sensors' retrieved from /home/airflow/.local/lib/python3.12/site-packages/airflow/example_dags/example_sensors.py
[2024-11-07T21:25:05.010+0000] {logging_mixin.py:190} INFO - [2024-11-07T21:25:05.010+0000] {dag.py:3239} INFO - Sync 1 DAGs
[2024-11-07T21:25:05.022+0000] {logging_mixin.py:190} INFO - [2024-11-07T21:25:05.021+0000] {dag.py:4180} INFO - Setting next_dagrun for example_sensors to None, run_after=None
[2024-11-07T21:25:05.036+0000] {processor.py:208} INFO - Processing /home/airflow/.local/lib/python3.12/site-packages/airflow/example_dags/example_sensors.py took 0.062 seconds
[2024-11-07T21:25:35.242+0000] {processor.py:186} INFO - Started process (PID=368) to work on /home/airflow/.local/lib/python3.12/site-packages/airflow/example_dags/example_sensors.py
[2024-11-07T21:25:35.243+0000] {processor.py:914} INFO - Processing file /home/airflow/.local/lib/python3.12/site-packages/airflow/example_dags/example_sensors.py for tasks to queue
[2024-11-07T21:25:35.245+0000] {logging_mixin.py:190} INFO - [2024-11-07T21:25:35.245+0000] {dagbag.py:588} INFO - Filling up the DagBag from /home/airflow/.local/lib/python3.12/site-packages/airflow/example_dags/example_sensors.py
[2024-11-07T21:25:35.254+0000] {processor.py:925} INFO - DAG(s) 'example_sensors' retrieved from /home/airflow/.local/lib/python3.12/site-packages/airflow/example_dags/example_sensors.py
[2024-11-07T21:25:35.279+0000] {logging_mixin.py:190} INFO - [2024-11-07T21:25:35.279+0000] {dag.py:3239} INFO - Sync 1 DAGs
[2024-11-07T21:25:35.291+0000] {logging_mixin.py:190} INFO - [2024-11-07T21:25:35.291+0000] {dag.py:4180} INFO - Setting next_dagrun for example_sensors to None, run_after=None
[2024-11-07T21:25:35.306+0000] {processor.py:208} INFO - Processing /home/airflow/.local/lib/python3.12/site-packages/airflow/example_dags/example_sensors.py took 0.070 seconds
[2024-11-07T21:26:05.456+0000] {processor.py:186} INFO - Started process (PID=432) to work on /home/airflow/.local/lib/python3.12/site-packages/airflow/example_dags/example_sensors.py
[2024-11-07T21:26:05.457+0000] {processor.py:914} INFO - Processing file /home/airflow/.local/lib/python3.12/site-packages/airflow/example_dags/example_sensors.py for tasks to queue
[2024-11-07T21:26:05.459+0000] {logging_mixin.py:190} INFO - [2024-11-07T21:26:05.459+0000] {dagbag.py:588} INFO - Filling up the DagBag from /home/airflow/.local/lib/python3.12/site-packages/airflow/example_dags/example_sensors.py
[2024-11-07T21:26:05.467+0000] {processor.py:925} INFO - DAG(s) 'example_sensors' retrieved from /home/airflow/.local/lib/python3.12/site-packages/airflow/example_dags/example_sensors.py
[2024-11-07T21:26:05.487+0000] {logging_mixin.py:190} INFO - [2024-11-07T21:26:05.487+0000] {dag.py:3239} INFO - Sync 1 DAGs
[2024-11-07T21:26:05.498+0000] {logging_mixin.py:190} INFO - [2024-11-07T21:26:05.498+0000] {dag.py:4180} INFO - Setting next_dagrun for example_sensors to None, run_after=None
[2024-11-07T21:26:05.511+0000] {processor.py:208} INFO - Processing /home/airflow/.local/lib/python3.12/site-packages/airflow/example_dags/example_sensors.py took 0.059 seconds
[2024-11-07T21:26:36.002+0000] {processor.py:186} INFO - Started process (PID=495) to work on /home/airflow/.local/lib/python3.12/site-packages/airflow/example_dags/example_sensors.py
[2024-11-07T21:26:36.002+0000] {processor.py:914} INFO - Processing file /home/airflow/.local/lib/python3.12/site-packages/airflow/example_dags/example_sensors.py for tasks to queue
[2024-11-07T21:26:36.004+0000] {logging_mixin.py:190} INFO - [2024-11-07T21:26:36.004+0000] {dagbag.py:588} INFO - Filling up the DagBag from /home/airflow/.local/lib/python3.12/site-packages/airflow/example_dags/example_sensors.py
[2024-11-07T21:26:36.013+0000] {processor.py:925} INFO - DAG(s) 'example_sensors' retrieved from /home/airflow/.local/lib/python3.12/site-packages/airflow/example_dags/example_sensors.py
[2024-11-07T21:26:36.036+0000] {logging_mixin.py:190} INFO - [2024-11-07T21:26:36.036+0000] {dag.py:3239} INFO - Sync 1 DAGs
[2024-11-07T21:26:36.047+0000] {logging_mixin.py:190} INFO - [2024-11-07T21:26:36.047+0000] {dag.py:4180} INFO - Setting next_dagrun for example_sensors to None, run_after=None
[2024-11-07T21:26:36.061+0000] {processor.py:208} INFO - Processing /home/airflow/.local/lib/python3.12/site-packages/airflow/example_dags/example_sensors.py took 0.063 seconds
[2024-11-07T21:27:06.312+0000] {processor.py:186} INFO - Started process (PID=557) to work on /home/airflow/.local/lib/python3.12/site-packages/airflow/example_dags/example_sensors.py
[2024-11-07T21:27:06.312+0000] {processor.py:914} INFO - Processing file /home/airflow/.local/lib/python3.12/site-packages/airflow/example_dags/example_sensors.py for tasks to queue
[2024-11-07T21:27:06.314+0000] {logging_mixin.py:190} INFO - [2024-11-07T21:27:06.314+0000] {dagbag.py:588} INFO - Filling up the DagBag from /home/airflow/.local/lib/python3.12/site-packages/airflow/example_dags/example_sensors.py
[2024-11-07T21:27:06.322+0000] {processor.py:925} INFO - DAG(s) 'example_sensors' retrieved from /home/airflow/.local/lib/python3.12/site-packages/airflow/example_dags/example_sensors.py
[2024-11-07T21:27:06.345+0000] {logging_mixin.py:190} INFO - [2024-11-07T21:27:06.345+0000] {dag.py:3239} INFO - Sync 1 DAGs
[2024-11-07T21:27:06.357+0000] {logging_mixin.py:190} INFO - [2024-11-07T21:27:06.357+0000] {dag.py:4180} INFO - Setting next_dagrun for example_sensors to None, run_after=None
[2024-11-07T21:27:06.372+0000] {processor.py:208} INFO - Processing /home/airflow/.local/lib/python3.12/site-packages/airflow/example_dags/example_sensors.py took 0.065 seconds
[2024-11-07T21:27:36.432+0000] {processor.py:186} INFO - Started process (PID=620) to work on /home/airflow/.local/lib/python3.12/site-packages/airflow/example_dags/example_sensors.py
[2024-11-07T21:27:36.433+0000] {processor.py:914} INFO - Processing file /home/airflow/.local/lib/python3.12/site-packages/airflow/example_dags/example_sensors.py for tasks to queue
[2024-11-07T21:27:36.435+0000] {logging_mixin.py:190} INFO - [2024-11-07T21:27:36.434+0000] {dagbag.py:588} INFO - Filling up the DagBag from /home/airflow/.local/lib/python3.12/site-packages/airflow/example_dags/example_sensors.py
[2024-11-07T21:27:36.443+0000] {processor.py:925} INFO - DAG(s) 'example_sensors' retrieved from /home/airflow/.local/lib/python3.12/site-packages/airflow/example_dags/example_sensors.py
[2024-11-07T21:27:36.466+0000] {logging_mixin.py:190} INFO - [2024-11-07T21:27:36.465+0000] {dag.py:3239} INFO - Sync 1 DAGs
[2024-11-07T21:27:36.476+0000] {logging_mixin.py:190} INFO - [2024-11-07T21:27:36.476+0000] {dag.py:4180} INFO - Setting next_dagrun for example_sensors to None, run_after=None
[2024-11-07T21:27:36.489+0000] {processor.py:208} INFO - Processing /home/airflow/.local/lib/python3.12/site-packages/airflow/example_dags/example_sensors.py took 0.061 seconds
