[2024-11-07T21:23:31.161+0000] {processor.py:186} INFO - Started process (PID=83) to work on /home/airflow/.local/lib/python3.12/site-packages/airflow/example_dags/example_complex.py
[2024-11-07T21:23:31.161+0000] {processor.py:914} INFO - Processing file /home/airflow/.local/lib/python3.12/site-packages/airflow/example_dags/example_complex.py for tasks to queue
[2024-11-07T21:23:31.163+0000] {logging_mixin.py:190} INFO - [2024-11-07T21:23:31.163+0000] {dagbag.py:588} INFO - Filling up the DagBag from /home/airflow/.local/lib/python3.12/site-packages/airflow/example_dags/example_complex.py
[2024-11-07T21:23:31.175+0000] {processor.py:925} INFO - DAG(s) 'example_complex' retrieved from /home/airflow/.local/lib/python3.12/site-packages/airflow/example_dags/example_complex.py
[2024-11-07T21:23:31.208+0000] {logging_mixin.py:190} INFO - [2024-11-07T21:23:31.208+0000] {dag.py:3239} INFO - Sync 1 DAGs
[2024-11-07T21:23:31.223+0000] {logging_mixin.py:190} INFO - [2024-11-07T21:23:31.223+0000] {dag.py:4180} INFO - Setting next_dagrun for example_complex to None, run_after=None
[2024-11-07T21:23:31.242+0000] {processor.py:208} INFO - Processing /home/airflow/.local/lib/python3.12/site-packages/airflow/example_dags/example_complex.py took 0.086 seconds
[2024-11-07T21:24:01.320+0000] {processor.py:186} INFO - Started process (PID=150) to work on /home/airflow/.local/lib/python3.12/site-packages/airflow/example_dags/example_complex.py
[2024-11-07T21:24:01.321+0000] {processor.py:914} INFO - Processing file /home/airflow/.local/lib/python3.12/site-packages/airflow/example_dags/example_complex.py for tasks to queue
[2024-11-07T21:24:01.323+0000] {logging_mixin.py:190} INFO - [2024-11-07T21:24:01.322+0000] {dagbag.py:588} INFO - Filling up the DagBag from /home/airflow/.local/lib/python3.12/site-packages/airflow/example_dags/example_complex.py
[2024-11-07T21:24:01.332+0000] {processor.py:925} INFO - DAG(s) 'example_complex' retrieved from /home/airflow/.local/lib/python3.12/site-packages/airflow/example_dags/example_complex.py
[2024-11-07T21:24:01.360+0000] {logging_mixin.py:190} INFO - [2024-11-07T21:24:01.360+0000] {dag.py:3239} INFO - Sync 1 DAGs
[2024-11-07T21:24:01.372+0000] {logging_mixin.py:190} INFO - [2024-11-07T21:24:01.371+0000] {dag.py:4180} INFO - Setting next_dagrun for example_complex to None, run_after=None
[2024-11-07T21:24:01.385+0000] {processor.py:208} INFO - Processing /home/airflow/.local/lib/python3.12/site-packages/airflow/example_dags/example_complex.py took 0.068 seconds
[2024-11-07T21:24:32.139+0000] {processor.py:186} INFO - Started process (PID=213) to work on /home/airflow/.local/lib/python3.12/site-packages/airflow/example_dags/example_complex.py
[2024-11-07T21:24:32.140+0000] {processor.py:914} INFO - Processing file /home/airflow/.local/lib/python3.12/site-packages/airflow/example_dags/example_complex.py for tasks to queue
[2024-11-07T21:24:32.142+0000] {logging_mixin.py:190} INFO - [2024-11-07T21:24:32.142+0000] {dagbag.py:588} INFO - Filling up the DagBag from /home/airflow/.local/lib/python3.12/site-packages/airflow/example_dags/example_complex.py
[2024-11-07T21:24:32.151+0000] {processor.py:925} INFO - DAG(s) 'example_complex' retrieved from /home/airflow/.local/lib/python3.12/site-packages/airflow/example_dags/example_complex.py
[2024-11-07T21:24:32.181+0000] {logging_mixin.py:190} INFO - [2024-11-07T21:24:32.180+0000] {dag.py:3239} INFO - Sync 1 DAGs
[2024-11-07T21:24:32.192+0000] {logging_mixin.py:190} INFO - [2024-11-07T21:24:32.192+0000] {dag.py:4180} INFO - Setting next_dagrun for example_complex to None, run_after=None
[2024-11-07T21:24:32.206+0000] {processor.py:208} INFO - Processing /home/airflow/.local/lib/python3.12/site-packages/airflow/example_dags/example_complex.py took 0.071 seconds
[2024-11-07T21:25:03.315+0000] {processor.py:186} INFO - Started process (PID=276) to work on /home/airflow/.local/lib/python3.12/site-packages/airflow/example_dags/example_complex.py
[2024-11-07T21:25:03.316+0000] {processor.py:914} INFO - Processing file /home/airflow/.local/lib/python3.12/site-packages/airflow/example_dags/example_complex.py for tasks to queue
[2024-11-07T21:25:03.318+0000] {logging_mixin.py:190} INFO - [2024-11-07T21:25:03.318+0000] {dagbag.py:588} INFO - Filling up the DagBag from /home/airflow/.local/lib/python3.12/site-packages/airflow/example_dags/example_complex.py
[2024-11-07T21:25:03.331+0000] {processor.py:925} INFO - DAG(s) 'example_complex' retrieved from /home/airflow/.local/lib/python3.12/site-packages/airflow/example_dags/example_complex.py
[2024-11-07T21:25:03.370+0000] {logging_mixin.py:190} INFO - [2024-11-07T21:25:03.370+0000] {dag.py:3239} INFO - Sync 1 DAGs
[2024-11-07T21:25:03.383+0000] {logging_mixin.py:190} INFO - [2024-11-07T21:25:03.383+0000] {dag.py:4180} INFO - Setting next_dagrun for example_complex to None, run_after=None
[2024-11-07T21:25:03.402+0000] {processor.py:208} INFO - Processing /home/airflow/.local/lib/python3.12/site-packages/airflow/example_dags/example_complex.py took 0.092 seconds
[2024-11-07T21:25:33.976+0000] {processor.py:186} INFO - Started process (PID=340) to work on /home/airflow/.local/lib/python3.12/site-packages/airflow/example_dags/example_complex.py
[2024-11-07T21:25:33.977+0000] {processor.py:914} INFO - Processing file /home/airflow/.local/lib/python3.12/site-packages/airflow/example_dags/example_complex.py for tasks to queue
[2024-11-07T21:25:33.978+0000] {logging_mixin.py:190} INFO - [2024-11-07T21:25:33.978+0000] {dagbag.py:588} INFO - Filling up the DagBag from /home/airflow/.local/lib/python3.12/site-packages/airflow/example_dags/example_complex.py
[2024-11-07T21:25:33.988+0000] {processor.py:925} INFO - DAG(s) 'example_complex' retrieved from /home/airflow/.local/lib/python3.12/site-packages/airflow/example_dags/example_complex.py
[2024-11-07T21:25:34.028+0000] {logging_mixin.py:190} INFO - [2024-11-07T21:25:34.028+0000] {dag.py:3239} INFO - Sync 1 DAGs
[2024-11-07T21:25:34.044+0000] {logging_mixin.py:190} INFO - [2024-11-07T21:25:34.044+0000] {dag.py:4180} INFO - Setting next_dagrun for example_complex to None, run_after=None
[2024-11-07T21:25:34.060+0000] {processor.py:208} INFO - Processing /home/airflow/.local/lib/python3.12/site-packages/airflow/example_dags/example_complex.py took 0.089 seconds
[2024-11-07T21:26:04.138+0000] {processor.py:186} INFO - Started process (PID=403) to work on /home/airflow/.local/lib/python3.12/site-packages/airflow/example_dags/example_complex.py
[2024-11-07T21:26:04.139+0000] {processor.py:914} INFO - Processing file /home/airflow/.local/lib/python3.12/site-packages/airflow/example_dags/example_complex.py for tasks to queue
[2024-11-07T21:26:04.141+0000] {logging_mixin.py:190} INFO - [2024-11-07T21:26:04.140+0000] {dagbag.py:588} INFO - Filling up the DagBag from /home/airflow/.local/lib/python3.12/site-packages/airflow/example_dags/example_complex.py
[2024-11-07T21:26:04.151+0000] {processor.py:925} INFO - DAG(s) 'example_complex' retrieved from /home/airflow/.local/lib/python3.12/site-packages/airflow/example_dags/example_complex.py
[2024-11-07T21:26:04.186+0000] {logging_mixin.py:190} INFO - [2024-11-07T21:26:04.185+0000] {dag.py:3239} INFO - Sync 1 DAGs
[2024-11-07T21:26:04.200+0000] {logging_mixin.py:190} INFO - [2024-11-07T21:26:04.200+0000] {dag.py:4180} INFO - Setting next_dagrun for example_complex to None, run_after=None
[2024-11-07T21:26:04.217+0000] {processor.py:208} INFO - Processing /home/airflow/.local/lib/python3.12/site-packages/airflow/example_dags/example_complex.py took 0.084 seconds
[2024-11-07T21:26:34.499+0000] {processor.py:186} INFO - Started process (PID=473) to work on /home/airflow/.local/lib/python3.12/site-packages/airflow/example_dags/example_complex.py
[2024-11-07T21:26:34.500+0000] {processor.py:914} INFO - Processing file /home/airflow/.local/lib/python3.12/site-packages/airflow/example_dags/example_complex.py for tasks to queue
[2024-11-07T21:26:34.502+0000] {logging_mixin.py:190} INFO - [2024-11-07T21:26:34.502+0000] {dagbag.py:588} INFO - Filling up the DagBag from /home/airflow/.local/lib/python3.12/site-packages/airflow/example_dags/example_complex.py
[2024-11-07T21:26:34.512+0000] {processor.py:925} INFO - DAG(s) 'example_complex' retrieved from /home/airflow/.local/lib/python3.12/site-packages/airflow/example_dags/example_complex.py
[2024-11-07T21:26:34.543+0000] {logging_mixin.py:190} INFO - [2024-11-07T21:26:34.543+0000] {dag.py:3239} INFO - Sync 1 DAGs
[2024-11-07T21:26:34.557+0000] {logging_mixin.py:190} INFO - [2024-11-07T21:26:34.556+0000] {dag.py:4180} INFO - Setting next_dagrun for example_complex to None, run_after=None
[2024-11-07T21:26:34.572+0000] {processor.py:208} INFO - Processing /home/airflow/.local/lib/python3.12/site-packages/airflow/example_dags/example_complex.py took 0.077 seconds
[2024-11-07T21:27:05.040+0000] {processor.py:186} INFO - Started process (PID=536) to work on /home/airflow/.local/lib/python3.12/site-packages/airflow/example_dags/example_complex.py
[2024-11-07T21:27:05.041+0000] {processor.py:914} INFO - Processing file /home/airflow/.local/lib/python3.12/site-packages/airflow/example_dags/example_complex.py for tasks to queue
[2024-11-07T21:27:05.043+0000] {logging_mixin.py:190} INFO - [2024-11-07T21:27:05.042+0000] {dagbag.py:588} INFO - Filling up the DagBag from /home/airflow/.local/lib/python3.12/site-packages/airflow/example_dags/example_complex.py
[2024-11-07T21:27:05.055+0000] {processor.py:925} INFO - DAG(s) 'example_complex' retrieved from /home/airflow/.local/lib/python3.12/site-packages/airflow/example_dags/example_complex.py
[2024-11-07T21:27:05.084+0000] {logging_mixin.py:190} INFO - [2024-11-07T21:27:05.083+0000] {dag.py:3239} INFO - Sync 1 DAGs
[2024-11-07T21:27:05.096+0000] {logging_mixin.py:190} INFO - [2024-11-07T21:27:05.095+0000] {dag.py:4180} INFO - Setting next_dagrun for example_complex to None, run_after=None
[2024-11-07T21:27:05.109+0000] {processor.py:208} INFO - Processing /home/airflow/.local/lib/python3.12/site-packages/airflow/example_dags/example_complex.py took 0.075 seconds
[2024-11-07T21:27:35.201+0000] {processor.py:186} INFO - Started process (PID=599) to work on /home/airflow/.local/lib/python3.12/site-packages/airflow/example_dags/example_complex.py
[2024-11-07T21:27:35.201+0000] {processor.py:914} INFO - Processing file /home/airflow/.local/lib/python3.12/site-packages/airflow/example_dags/example_complex.py for tasks to queue
[2024-11-07T21:27:35.203+0000] {logging_mixin.py:190} INFO - [2024-11-07T21:27:35.203+0000] {dagbag.py:588} INFO - Filling up the DagBag from /home/airflow/.local/lib/python3.12/site-packages/airflow/example_dags/example_complex.py
[2024-11-07T21:27:35.214+0000] {processor.py:925} INFO - DAG(s) 'example_complex' retrieved from /home/airflow/.local/lib/python3.12/site-packages/airflow/example_dags/example_complex.py
[2024-11-07T21:27:35.242+0000] {logging_mixin.py:190} INFO - [2024-11-07T21:27:35.242+0000] {dag.py:3239} INFO - Sync 1 DAGs
[2024-11-07T21:27:35.254+0000] {logging_mixin.py:190} INFO - [2024-11-07T21:27:35.254+0000] {dag.py:4180} INFO - Setting next_dagrun for example_complex to None, run_after=None
[2024-11-07T21:27:35.267+0000] {processor.py:208} INFO - Processing /home/airflow/.local/lib/python3.12/site-packages/airflow/example_dags/example_complex.py took 0.071 seconds
