[2024-11-07T21:23:33.227+0000] {processor.py:186} INFO - Started process (PID=109) to work on /home/airflow/.local/lib/python3.12/site-packages/airflow/example_dags/example_branch_python_dop_operator_3.py
[2024-11-07T21:23:33.227+0000] {processor.py:914} INFO - Processing file /home/airflow/.local/lib/python3.12/site-packages/airflow/example_dags/example_branch_python_dop_operator_3.py for tasks to queue
[2024-11-07T21:23:33.230+0000] {logging_mixin.py:190} INFO - [2024-11-07T21:23:33.230+0000] {dagbag.py:588} INFO - Filling up the DagBag from /home/airflow/.local/lib/python3.12/site-packages/airflow/example_dags/example_branch_python_dop_operator_3.py
[2024-11-07T21:23:33.241+0000] {processor.py:925} INFO - DAG(s) 'example_branch_dop_operator_v3' retrieved from /home/airflow/.local/lib/python3.12/site-packages/airflow/example_dags/example_branch_python_dop_operator_3.py
[2024-11-07T21:23:33.260+0000] {logging_mixin.py:190} INFO - [2024-11-07T21:23:33.260+0000] {dag.py:3239} INFO - Sync 1 DAGs
[2024-11-07T21:23:33.286+0000] {logging_mixin.py:190} INFO - [2024-11-07T21:23:33.286+0000] {dag.py:4180} INFO - Setting next_dagrun for example_branch_dop_operator_v3 to 2024-11-07 21:22:00+00:00, run_after=2024-11-07 21:23:00+00:00
[2024-11-07T21:23:33.305+0000] {processor.py:208} INFO - Processing /home/airflow/.local/lib/python3.12/site-packages/airflow/example_dags/example_branch_python_dop_operator_3.py took 0.082 seconds
[2024-11-07T21:24:04.454+0000] {processor.py:186} INFO - Started process (PID=182) to work on /home/airflow/.local/lib/python3.12/site-packages/airflow/example_dags/example_branch_python_dop_operator_3.py
[2024-11-07T21:24:04.640+0000] {processor.py:914} INFO - Processing file /home/airflow/.local/lib/python3.12/site-packages/airflow/example_dags/example_branch_python_dop_operator_3.py for tasks to queue
[2024-11-07T21:24:04.656+0000] {logging_mixin.py:190} INFO - [2024-11-07T21:24:04.655+0000] {dagbag.py:588} INFO - Filling up the DagBag from /home/airflow/.local/lib/python3.12/site-packages/airflow/example_dags/example_branch_python_dop_operator_3.py
[2024-11-07T21:24:04.687+0000] {processor.py:925} INFO - DAG(s) 'example_branch_dop_operator_v3' retrieved from /home/airflow/.local/lib/python3.12/site-packages/airflow/example_dags/example_branch_python_dop_operator_3.py
[2024-11-07T21:24:04.736+0000] {logging_mixin.py:190} INFO - [2024-11-07T21:24:04.736+0000] {dag.py:3239} INFO - Sync 1 DAGs
[2024-11-07T21:24:04.800+0000] {logging_mixin.py:190} INFO - [2024-11-07T21:24:04.799+0000] {dag.py:4180} INFO - Setting next_dagrun for example_branch_dop_operator_v3 to 2024-11-07 21:23:00+00:00, run_after=2024-11-07 21:24:00+00:00
[2024-11-07T21:24:04.837+0000] {processor.py:208} INFO - Processing /home/airflow/.local/lib/python3.12/site-packages/airflow/example_dags/example_branch_python_dop_operator_3.py took 0.390 seconds
[2024-11-07T21:24:35.438+0000] {processor.py:186} INFO - Started process (PID=245) to work on /home/airflow/.local/lib/python3.12/site-packages/airflow/example_dags/example_branch_python_dop_operator_3.py
[2024-11-07T21:24:35.439+0000] {processor.py:914} INFO - Processing file /home/airflow/.local/lib/python3.12/site-packages/airflow/example_dags/example_branch_python_dop_operator_3.py for tasks to queue
[2024-11-07T21:24:35.440+0000] {logging_mixin.py:190} INFO - [2024-11-07T21:24:35.440+0000] {dagbag.py:588} INFO - Filling up the DagBag from /home/airflow/.local/lib/python3.12/site-packages/airflow/example_dags/example_branch_python_dop_operator_3.py
[2024-11-07T21:24:35.447+0000] {processor.py:925} INFO - DAG(s) 'example_branch_dop_operator_v3' retrieved from /home/airflow/.local/lib/python3.12/site-packages/airflow/example_dags/example_branch_python_dop_operator_3.py
[2024-11-07T21:24:35.463+0000] {logging_mixin.py:190} INFO - [2024-11-07T21:24:35.463+0000] {dag.py:3239} INFO - Sync 1 DAGs
[2024-11-07T21:24:35.482+0000] {logging_mixin.py:190} INFO - [2024-11-07T21:24:35.482+0000] {dag.py:4180} INFO - Setting next_dagrun for example_branch_dop_operator_v3 to 2024-11-07 21:23:00+00:00, run_after=2024-11-07 21:24:00+00:00
[2024-11-07T21:24:35.495+0000] {processor.py:208} INFO - Processing /home/airflow/.local/lib/python3.12/site-packages/airflow/example_dags/example_branch_python_dop_operator_3.py took 0.061 seconds
[2024-11-07T21:25:06.172+0000] {processor.py:186} INFO - Started process (PID=309) to work on /home/airflow/.local/lib/python3.12/site-packages/airflow/example_dags/example_branch_python_dop_operator_3.py
[2024-11-07T21:25:06.173+0000] {processor.py:914} INFO - Processing file /home/airflow/.local/lib/python3.12/site-packages/airflow/example_dags/example_branch_python_dop_operator_3.py for tasks to queue
[2024-11-07T21:25:06.175+0000] {logging_mixin.py:190} INFO - [2024-11-07T21:25:06.175+0000] {dagbag.py:588} INFO - Filling up the DagBag from /home/airflow/.local/lib/python3.12/site-packages/airflow/example_dags/example_branch_python_dop_operator_3.py
[2024-11-07T21:25:06.182+0000] {processor.py:925} INFO - DAG(s) 'example_branch_dop_operator_v3' retrieved from /home/airflow/.local/lib/python3.12/site-packages/airflow/example_dags/example_branch_python_dop_operator_3.py
[2024-11-07T21:25:06.200+0000] {logging_mixin.py:190} INFO - [2024-11-07T21:25:06.200+0000] {dag.py:3239} INFO - Sync 1 DAGs
[2024-11-07T21:25:06.223+0000] {logging_mixin.py:190} INFO - [2024-11-07T21:25:06.223+0000] {dag.py:4180} INFO - Setting next_dagrun for example_branch_dop_operator_v3 to 2024-11-07 21:24:00+00:00, run_after=2024-11-07 21:25:00+00:00
[2024-11-07T21:25:06.238+0000] {processor.py:208} INFO - Processing /home/airflow/.local/lib/python3.12/site-packages/airflow/example_dags/example_branch_python_dop_operator_3.py took 0.071 seconds
[2024-11-07T21:25:36.425+0000] {processor.py:186} INFO - Started process (PID=372) to work on /home/airflow/.local/lib/python3.12/site-packages/airflow/example_dags/example_branch_python_dop_operator_3.py
[2024-11-07T21:25:36.426+0000] {processor.py:914} INFO - Processing file /home/airflow/.local/lib/python3.12/site-packages/airflow/example_dags/example_branch_python_dop_operator_3.py for tasks to queue
[2024-11-07T21:25:36.428+0000] {logging_mixin.py:190} INFO - [2024-11-07T21:25:36.427+0000] {dagbag.py:588} INFO - Filling up the DagBag from /home/airflow/.local/lib/python3.12/site-packages/airflow/example_dags/example_branch_python_dop_operator_3.py
[2024-11-07T21:25:36.435+0000] {processor.py:925} INFO - DAG(s) 'example_branch_dop_operator_v3' retrieved from /home/airflow/.local/lib/python3.12/site-packages/airflow/example_dags/example_branch_python_dop_operator_3.py
[2024-11-07T21:25:36.451+0000] {logging_mixin.py:190} INFO - [2024-11-07T21:25:36.451+0000] {dag.py:3239} INFO - Sync 1 DAGs
[2024-11-07T21:25:36.470+0000] {logging_mixin.py:190} INFO - [2024-11-07T21:25:36.469+0000] {dag.py:4180} INFO - Setting next_dagrun for example_branch_dop_operator_v3 to 2024-11-07 21:24:00+00:00, run_after=2024-11-07 21:25:00+00:00
[2024-11-07T21:25:36.482+0000] {processor.py:208} INFO - Processing /home/airflow/.local/lib/python3.12/site-packages/airflow/example_dags/example_branch_python_dop_operator_3.py took 0.061 seconds
[2024-11-07T21:26:06.634+0000] {processor.py:186} INFO - Started process (PID=436) to work on /home/airflow/.local/lib/python3.12/site-packages/airflow/example_dags/example_branch_python_dop_operator_3.py
[2024-11-07T21:26:06.635+0000] {processor.py:914} INFO - Processing file /home/airflow/.local/lib/python3.12/site-packages/airflow/example_dags/example_branch_python_dop_operator_3.py for tasks to queue
[2024-11-07T21:26:06.637+0000] {logging_mixin.py:190} INFO - [2024-11-07T21:26:06.636+0000] {dagbag.py:588} INFO - Filling up the DagBag from /home/airflow/.local/lib/python3.12/site-packages/airflow/example_dags/example_branch_python_dop_operator_3.py
[2024-11-07T21:26:06.644+0000] {processor.py:925} INFO - DAG(s) 'example_branch_dop_operator_v3' retrieved from /home/airflow/.local/lib/python3.12/site-packages/airflow/example_dags/example_branch_python_dop_operator_3.py
[2024-11-07T21:26:06.661+0000] {logging_mixin.py:190} INFO - [2024-11-07T21:26:06.661+0000] {dag.py:3239} INFO - Sync 1 DAGs
[2024-11-07T21:26:06.681+0000] {logging_mixin.py:190} INFO - [2024-11-07T21:26:06.681+0000] {dag.py:4180} INFO - Setting next_dagrun for example_branch_dop_operator_v3 to 2024-11-07 21:25:00+00:00, run_after=2024-11-07 21:26:00+00:00
[2024-11-07T21:26:06.695+0000] {processor.py:208} INFO - Processing /home/airflow/.local/lib/python3.12/site-packages/airflow/example_dags/example_branch_python_dop_operator_3.py took 0.065 seconds
[2024-11-07T21:26:37.198+0000] {processor.py:186} INFO - Started process (PID=499) to work on /home/airflow/.local/lib/python3.12/site-packages/airflow/example_dags/example_branch_python_dop_operator_3.py
[2024-11-07T21:26:37.198+0000] {processor.py:914} INFO - Processing file /home/airflow/.local/lib/python3.12/site-packages/airflow/example_dags/example_branch_python_dop_operator_3.py for tasks to queue
[2024-11-07T21:26:37.200+0000] {logging_mixin.py:190} INFO - [2024-11-07T21:26:37.200+0000] {dagbag.py:588} INFO - Filling up the DagBag from /home/airflow/.local/lib/python3.12/site-packages/airflow/example_dags/example_branch_python_dop_operator_3.py
[2024-11-07T21:26:37.207+0000] {processor.py:925} INFO - DAG(s) 'example_branch_dop_operator_v3' retrieved from /home/airflow/.local/lib/python3.12/site-packages/airflow/example_dags/example_branch_python_dop_operator_3.py
[2024-11-07T21:26:37.223+0000] {logging_mixin.py:190} INFO - [2024-11-07T21:26:37.223+0000] {dag.py:3239} INFO - Sync 1 DAGs
[2024-11-07T21:26:37.242+0000] {logging_mixin.py:190} INFO - [2024-11-07T21:26:37.242+0000] {dag.py:4180} INFO - Setting next_dagrun for example_branch_dop_operator_v3 to 2024-11-07 21:25:00+00:00, run_after=2024-11-07 21:26:00+00:00
[2024-11-07T21:26:37.255+0000] {processor.py:208} INFO - Processing /home/airflow/.local/lib/python3.12/site-packages/airflow/example_dags/example_branch_python_dop_operator_3.py took 0.062 seconds
[2024-11-07T21:27:07.509+0000] {processor.py:186} INFO - Started process (PID=562) to work on /home/airflow/.local/lib/python3.12/site-packages/airflow/example_dags/example_branch_python_dop_operator_3.py
[2024-11-07T21:27:07.509+0000] {processor.py:914} INFO - Processing file /home/airflow/.local/lib/python3.12/site-packages/airflow/example_dags/example_branch_python_dop_operator_3.py for tasks to queue
[2024-11-07T21:27:07.511+0000] {logging_mixin.py:190} INFO - [2024-11-07T21:27:07.511+0000] {dagbag.py:588} INFO - Filling up the DagBag from /home/airflow/.local/lib/python3.12/site-packages/airflow/example_dags/example_branch_python_dop_operator_3.py
[2024-11-07T21:27:07.518+0000] {processor.py:925} INFO - DAG(s) 'example_branch_dop_operator_v3' retrieved from /home/airflow/.local/lib/python3.12/site-packages/airflow/example_dags/example_branch_python_dop_operator_3.py
[2024-11-07T21:27:07.536+0000] {logging_mixin.py:190} INFO - [2024-11-07T21:27:07.535+0000] {dag.py:3239} INFO - Sync 1 DAGs
[2024-11-07T21:27:07.559+0000] {logging_mixin.py:190} INFO - [2024-11-07T21:27:07.558+0000] {dag.py:4180} INFO - Setting next_dagrun for example_branch_dop_operator_v3 to 2024-11-07 21:26:00+00:00, run_after=2024-11-07 21:27:00+00:00
[2024-11-07T21:27:07.573+0000] {processor.py:208} INFO - Processing /home/airflow/.local/lib/python3.12/site-packages/airflow/example_dags/example_branch_python_dop_operator_3.py took 0.069 seconds
[2024-11-07T21:27:37.632+0000] {processor.py:186} INFO - Started process (PID=624) to work on /home/airflow/.local/lib/python3.12/site-packages/airflow/example_dags/example_branch_python_dop_operator_3.py
[2024-11-07T21:27:37.633+0000] {processor.py:914} INFO - Processing file /home/airflow/.local/lib/python3.12/site-packages/airflow/example_dags/example_branch_python_dop_operator_3.py for tasks to queue
[2024-11-07T21:27:37.635+0000] {logging_mixin.py:190} INFO - [2024-11-07T21:27:37.635+0000] {dagbag.py:588} INFO - Filling up the DagBag from /home/airflow/.local/lib/python3.12/site-packages/airflow/example_dags/example_branch_python_dop_operator_3.py
[2024-11-07T21:27:37.642+0000] {processor.py:925} INFO - DAG(s) 'example_branch_dop_operator_v3' retrieved from /home/airflow/.local/lib/python3.12/site-packages/airflow/example_dags/example_branch_python_dop_operator_3.py
[2024-11-07T21:27:37.660+0000] {logging_mixin.py:190} INFO - [2024-11-07T21:27:37.659+0000] {dag.py:3239} INFO - Sync 1 DAGs
[2024-11-07T21:27:37.681+0000] {logging_mixin.py:190} INFO - [2024-11-07T21:27:37.680+0000] {dag.py:4180} INFO - Setting next_dagrun for example_branch_dop_operator_v3 to 2024-11-07 21:26:00+00:00, run_after=2024-11-07 21:27:00+00:00
[2024-11-07T21:27:37.695+0000] {processor.py:208} INFO - Processing /home/airflow/.local/lib/python3.12/site-packages/airflow/example_dags/example_branch_python_dop_operator_3.py took 0.068 seconds
