[2024-11-07T21:23:32.315+0000] {processor.py:186} INFO - Started process (PID=99) to work on /home/airflow/.local/lib/python3.12/site-packages/airflow/example_dags/example_skip_dag.py
[2024-11-07T21:23:32.316+0000] {processor.py:914} INFO - Processing file /home/airflow/.local/lib/python3.12/site-packages/airflow/example_dags/example_skip_dag.py for tasks to queue
[2024-11-07T21:23:32.317+0000] {logging_mixin.py:190} INFO - [2024-11-07T21:23:32.317+0000] {dagbag.py:588} INFO - Filling up the DagBag from /home/airflow/.local/lib/python3.12/site-packages/airflow/example_dags/example_skip_dag.py
[2024-11-07T21:23:32.324+0000] {processor.py:925} INFO - DAG(s) 'example_skip_dag' retrieved from /home/airflow/.local/lib/python3.12/site-packages/airflow/example_dags/example_skip_dag.py
[2024-11-07T21:23:32.344+0000] {logging_mixin.py:190} INFO - [2024-11-07T21:23:32.344+0000] {dag.py:3239} INFO - Sync 1 DAGs
[2024-11-07T21:23:32.366+0000] {logging_mixin.py:190} INFO - [2024-11-07T21:23:32.366+0000] {dag.py:4180} INFO - Setting next_dagrun for example_skip_dag to 2024-11-06 00:00:00+00:00, run_after=2024-11-07 00:00:00+00:00
[2024-11-07T21:23:32.382+0000] {processor.py:208} INFO - Processing /home/airflow/.local/lib/python3.12/site-packages/airflow/example_dags/example_skip_dag.py took 0.072 seconds
[2024-11-07T21:24:03.328+0000] {processor.py:186} INFO - Started process (PID=166) to work on /home/airflow/.local/lib/python3.12/site-packages/airflow/example_dags/example_skip_dag.py
[2024-11-07T21:24:03.329+0000] {processor.py:914} INFO - Processing file /home/airflow/.local/lib/python3.12/site-packages/airflow/example_dags/example_skip_dag.py for tasks to queue
[2024-11-07T21:24:03.331+0000] {logging_mixin.py:190} INFO - [2024-11-07T21:24:03.331+0000] {dagbag.py:588} INFO - Filling up the DagBag from /home/airflow/.local/lib/python3.12/site-packages/airflow/example_dags/example_skip_dag.py
[2024-11-07T21:24:03.337+0000] {processor.py:925} INFO - DAG(s) 'example_skip_dag' retrieved from /home/airflow/.local/lib/python3.12/site-packages/airflow/example_dags/example_skip_dag.py
[2024-11-07T21:24:03.364+0000] {logging_mixin.py:190} INFO - [2024-11-07T21:24:03.364+0000] {dag.py:3239} INFO - Sync 1 DAGs
[2024-11-07T21:24:03.401+0000] {logging_mixin.py:190} INFO - [2024-11-07T21:24:03.401+0000] {dag.py:4180} INFO - Setting next_dagrun for example_skip_dag to 2024-11-06 00:00:00+00:00, run_after=2024-11-07 00:00:00+00:00
[2024-11-07T21:24:03.420+0000] {processor.py:208} INFO - Processing /home/airflow/.local/lib/python3.12/site-packages/airflow/example_dags/example_skip_dag.py took 0.097 seconds
[2024-11-07T21:24:33.970+0000] {processor.py:186} INFO - Started process (PID=229) to work on /home/airflow/.local/lib/python3.12/site-packages/airflow/example_dags/example_skip_dag.py
[2024-11-07T21:24:33.970+0000] {processor.py:914} INFO - Processing file /home/airflow/.local/lib/python3.12/site-packages/airflow/example_dags/example_skip_dag.py for tasks to queue
[2024-11-07T21:24:33.972+0000] {logging_mixin.py:190} INFO - [2024-11-07T21:24:33.972+0000] {dagbag.py:588} INFO - Filling up the DagBag from /home/airflow/.local/lib/python3.12/site-packages/airflow/example_dags/example_skip_dag.py
[2024-11-07T21:24:33.978+0000] {processor.py:925} INFO - DAG(s) 'example_skip_dag' retrieved from /home/airflow/.local/lib/python3.12/site-packages/airflow/example_dags/example_skip_dag.py
[2024-11-07T21:24:33.996+0000] {logging_mixin.py:190} INFO - [2024-11-07T21:24:33.996+0000] {dag.py:3239} INFO - Sync 1 DAGs
[2024-11-07T21:24:34.013+0000] {logging_mixin.py:190} INFO - [2024-11-07T21:24:34.013+0000] {dag.py:4180} INFO - Setting next_dagrun for example_skip_dag to 2024-11-06 00:00:00+00:00, run_after=2024-11-07 00:00:00+00:00
[2024-11-07T21:24:34.026+0000] {processor.py:208} INFO - Processing /home/airflow/.local/lib/python3.12/site-packages/airflow/example_dags/example_skip_dag.py took 0.061 seconds
[2024-11-07T21:25:04.546+0000] {processor.py:186} INFO - Started process (PID=299) to work on /home/airflow/.local/lib/python3.12/site-packages/airflow/example_dags/example_skip_dag.py
[2024-11-07T21:25:04.547+0000] {processor.py:914} INFO - Processing file /home/airflow/.local/lib/python3.12/site-packages/airflow/example_dags/example_skip_dag.py for tasks to queue
[2024-11-07T21:25:04.549+0000] {logging_mixin.py:190} INFO - [2024-11-07T21:25:04.549+0000] {dagbag.py:588} INFO - Filling up the DagBag from /home/airflow/.local/lib/python3.12/site-packages/airflow/example_dags/example_skip_dag.py
[2024-11-07T21:25:04.555+0000] {processor.py:925} INFO - DAG(s) 'example_skip_dag' retrieved from /home/airflow/.local/lib/python3.12/site-packages/airflow/example_dags/example_skip_dag.py
[2024-11-07T21:25:04.577+0000] {logging_mixin.py:190} INFO - [2024-11-07T21:25:04.576+0000] {dag.py:3239} INFO - Sync 1 DAGs
[2024-11-07T21:25:04.601+0000] {logging_mixin.py:190} INFO - [2024-11-07T21:25:04.601+0000] {dag.py:4180} INFO - Setting next_dagrun for example_skip_dag to 2024-11-06 00:00:00+00:00, run_after=2024-11-07 00:00:00+00:00
[2024-11-07T21:25:04.618+0000] {processor.py:208} INFO - Processing /home/airflow/.local/lib/python3.12/site-packages/airflow/example_dags/example_skip_dag.py took 0.076 seconds
[2024-11-07T21:25:34.928+0000] {processor.py:186} INFO - Started process (PID=362) to work on /home/airflow/.local/lib/python3.12/site-packages/airflow/example_dags/example_skip_dag.py
[2024-11-07T21:25:34.929+0000] {processor.py:914} INFO - Processing file /home/airflow/.local/lib/python3.12/site-packages/airflow/example_dags/example_skip_dag.py for tasks to queue
[2024-11-07T21:25:34.932+0000] {logging_mixin.py:190} INFO - [2024-11-07T21:25:34.932+0000] {dagbag.py:588} INFO - Filling up the DagBag from /home/airflow/.local/lib/python3.12/site-packages/airflow/example_dags/example_skip_dag.py
[2024-11-07T21:25:34.944+0000] {processor.py:925} INFO - DAG(s) 'example_skip_dag' retrieved from /home/airflow/.local/lib/python3.12/site-packages/airflow/example_dags/example_skip_dag.py
[2024-11-07T21:25:34.967+0000] {logging_mixin.py:190} INFO - [2024-11-07T21:25:34.967+0000] {dag.py:3239} INFO - Sync 1 DAGs
[2024-11-07T21:25:34.988+0000] {logging_mixin.py:190} INFO - [2024-11-07T21:25:34.988+0000] {dag.py:4180} INFO - Setting next_dagrun for example_skip_dag to 2024-11-06 00:00:00+00:00, run_after=2024-11-07 00:00:00+00:00
[2024-11-07T21:25:35.002+0000] {processor.py:208} INFO - Processing /home/airflow/.local/lib/python3.12/site-packages/airflow/example_dags/example_skip_dag.py took 0.080 seconds
[2024-11-07T21:26:05.200+0000] {processor.py:186} INFO - Started process (PID=426) to work on /home/airflow/.local/lib/python3.12/site-packages/airflow/example_dags/example_skip_dag.py
[2024-11-07T21:26:05.201+0000] {processor.py:914} INFO - Processing file /home/airflow/.local/lib/python3.12/site-packages/airflow/example_dags/example_skip_dag.py for tasks to queue
[2024-11-07T21:26:05.203+0000] {logging_mixin.py:190} INFO - [2024-11-07T21:26:05.203+0000] {dagbag.py:588} INFO - Filling up the DagBag from /home/airflow/.local/lib/python3.12/site-packages/airflow/example_dags/example_skip_dag.py
[2024-11-07T21:26:05.208+0000] {processor.py:925} INFO - DAG(s) 'example_skip_dag' retrieved from /home/airflow/.local/lib/python3.12/site-packages/airflow/example_dags/example_skip_dag.py
[2024-11-07T21:26:05.228+0000] {logging_mixin.py:190} INFO - [2024-11-07T21:26:05.228+0000] {dag.py:3239} INFO - Sync 1 DAGs
[2024-11-07T21:26:05.246+0000] {logging_mixin.py:190} INFO - [2024-11-07T21:26:05.246+0000] {dag.py:4180} INFO - Setting next_dagrun for example_skip_dag to 2024-11-06 00:00:00+00:00, run_after=2024-11-07 00:00:00+00:00
[2024-11-07T21:26:05.258+0000] {processor.py:208} INFO - Processing /home/airflow/.local/lib/python3.12/site-packages/airflow/example_dags/example_skip_dag.py took 0.061 seconds
[2024-11-07T21:26:35.694+0000] {processor.py:186} INFO - Started process (PID=489) to work on /home/airflow/.local/lib/python3.12/site-packages/airflow/example_dags/example_skip_dag.py
[2024-11-07T21:26:35.695+0000] {processor.py:914} INFO - Processing file /home/airflow/.local/lib/python3.12/site-packages/airflow/example_dags/example_skip_dag.py for tasks to queue
[2024-11-07T21:26:35.697+0000] {logging_mixin.py:190} INFO - [2024-11-07T21:26:35.697+0000] {dagbag.py:588} INFO - Filling up the DagBag from /home/airflow/.local/lib/python3.12/site-packages/airflow/example_dags/example_skip_dag.py
[2024-11-07T21:26:35.707+0000] {processor.py:925} INFO - DAG(s) 'example_skip_dag' retrieved from /home/airflow/.local/lib/python3.12/site-packages/airflow/example_dags/example_skip_dag.py
[2024-11-07T21:26:35.727+0000] {logging_mixin.py:190} INFO - [2024-11-07T21:26:35.726+0000] {dag.py:3239} INFO - Sync 1 DAGs
[2024-11-07T21:26:35.745+0000] {logging_mixin.py:190} INFO - [2024-11-07T21:26:35.745+0000] {dag.py:4180} INFO - Setting next_dagrun for example_skip_dag to 2024-11-06 00:00:00+00:00, run_after=2024-11-07 00:00:00+00:00
[2024-11-07T21:26:35.758+0000] {processor.py:208} INFO - Processing /home/airflow/.local/lib/python3.12/site-packages/airflow/example_dags/example_skip_dag.py took 0.068 seconds
[2024-11-07T21:27:06.001+0000] {processor.py:186} INFO - Started process (PID=552) to work on /home/airflow/.local/lib/python3.12/site-packages/airflow/example_dags/example_skip_dag.py
[2024-11-07T21:27:06.002+0000] {processor.py:914} INFO - Processing file /home/airflow/.local/lib/python3.12/site-packages/airflow/example_dags/example_skip_dag.py for tasks to queue
[2024-11-07T21:27:06.004+0000] {logging_mixin.py:190} INFO - [2024-11-07T21:27:06.004+0000] {dagbag.py:588} INFO - Filling up the DagBag from /home/airflow/.local/lib/python3.12/site-packages/airflow/example_dags/example_skip_dag.py
[2024-11-07T21:27:06.010+0000] {processor.py:925} INFO - DAG(s) 'example_skip_dag' retrieved from /home/airflow/.local/lib/python3.12/site-packages/airflow/example_dags/example_skip_dag.py
[2024-11-07T21:27:06.029+0000] {logging_mixin.py:190} INFO - [2024-11-07T21:27:06.028+0000] {dag.py:3239} INFO - Sync 1 DAGs
[2024-11-07T21:27:06.049+0000] {logging_mixin.py:190} INFO - [2024-11-07T21:27:06.049+0000] {dag.py:4180} INFO - Setting next_dagrun for example_skip_dag to 2024-11-06 00:00:00+00:00, run_after=2024-11-07 00:00:00+00:00
[2024-11-07T21:27:06.063+0000] {processor.py:208} INFO - Processing /home/airflow/.local/lib/python3.12/site-packages/airflow/example_dags/example_skip_dag.py took 0.066 seconds
[2024-11-07T21:27:36.179+0000] {processor.py:186} INFO - Started process (PID=615) to work on /home/airflow/.local/lib/python3.12/site-packages/airflow/example_dags/example_skip_dag.py
[2024-11-07T21:27:36.179+0000] {processor.py:914} INFO - Processing file /home/airflow/.local/lib/python3.12/site-packages/airflow/example_dags/example_skip_dag.py for tasks to queue
[2024-11-07T21:27:36.181+0000] {logging_mixin.py:190} INFO - [2024-11-07T21:27:36.181+0000] {dagbag.py:588} INFO - Filling up the DagBag from /home/airflow/.local/lib/python3.12/site-packages/airflow/example_dags/example_skip_dag.py
[2024-11-07T21:27:36.187+0000] {processor.py:925} INFO - DAG(s) 'example_skip_dag' retrieved from /home/airflow/.local/lib/python3.12/site-packages/airflow/example_dags/example_skip_dag.py
[2024-11-07T21:27:36.205+0000] {logging_mixin.py:190} INFO - [2024-11-07T21:27:36.205+0000] {dag.py:3239} INFO - Sync 1 DAGs
[2024-11-07T21:27:36.224+0000] {logging_mixin.py:190} INFO - [2024-11-07T21:27:36.224+0000] {dag.py:4180} INFO - Setting next_dagrun for example_skip_dag to 2024-11-06 00:00:00+00:00, run_after=2024-11-07 00:00:00+00:00
[2024-11-07T21:27:36.238+0000] {processor.py:208} INFO - Processing /home/airflow/.local/lib/python3.12/site-packages/airflow/example_dags/example_skip_dag.py took 0.063 seconds
