[2024-11-07T21:23:34.406+0000] {processor.py:186} INFO - Started process (PID=133) to work on /home/airflow/.local/lib/python3.12/site-packages/airflow/example_dags/example_inlet_event_extra.py
[2024-11-07T21:23:34.407+0000] {processor.py:914} INFO - Processing file /home/airflow/.local/lib/python3.12/site-packages/airflow/example_dags/example_inlet_event_extra.py for tasks to queue
[2024-11-07T21:23:34.409+0000] {logging_mixin.py:190} INFO - [2024-11-07T21:23:34.408+0000] {dagbag.py:588} INFO - Filling up the DagBag from /home/airflow/.local/lib/python3.12/site-packages/airflow/example_dags/example_inlet_event_extra.py
[2024-11-07T21:23:34.530+0000] {processor.py:925} INFO - DAG(s) 'read_dataset_event', 'read_dataset_event_from_classic' retrieved from /home/airflow/.local/lib/python3.12/site-packages/airflow/example_dags/example_inlet_event_extra.py
[2024-11-07T21:23:34.551+0000] {logging_mixin.py:190} INFO - [2024-11-07T21:23:34.551+0000] {dag.py:3239} INFO - Sync 2 DAGs
[2024-11-07T21:23:34.572+0000] {logging_mixin.py:190} INFO - [2024-11-07T21:23:34.571+0000] {dag.py:4180} INFO - Setting next_dagrun for read_dataset_event to 2024-11-06 00:00:00+00:00, run_after=2024-11-07 00:00:00+00:00
[2024-11-07T21:23:34.576+0000] {logging_mixin.py:190} INFO - [2024-11-07T21:23:34.576+0000] {dag.py:4180} INFO - Setting next_dagrun for read_dataset_event_from_classic to 2024-11-06 00:00:00+00:00, run_after=2024-11-07 00:00:00+00:00
[2024-11-07T21:23:34.588+0000] {processor.py:208} INFO - Processing /home/airflow/.local/lib/python3.12/site-packages/airflow/example_dags/example_inlet_event_extra.py took 0.186 seconds
[2024-11-07T21:24:06.217+0000] {processor.py:186} INFO - Started process (PID=200) to work on /home/airflow/.local/lib/python3.12/site-packages/airflow/example_dags/example_inlet_event_extra.py
[2024-11-07T21:24:06.218+0000] {processor.py:914} INFO - Processing file /home/airflow/.local/lib/python3.12/site-packages/airflow/example_dags/example_inlet_event_extra.py for tasks to queue
[2024-11-07T21:24:06.222+0000] {logging_mixin.py:190} INFO - [2024-11-07T21:24:06.222+0000] {dagbag.py:588} INFO - Filling up the DagBag from /home/airflow/.local/lib/python3.12/site-packages/airflow/example_dags/example_inlet_event_extra.py
[2024-11-07T21:24:06.399+0000] {processor.py:925} INFO - DAG(s) 'read_dataset_event_from_classic', 'read_dataset_event' retrieved from /home/airflow/.local/lib/python3.12/site-packages/airflow/example_dags/example_inlet_event_extra.py
[2024-11-07T21:24:06.419+0000] {logging_mixin.py:190} INFO - [2024-11-07T21:24:06.419+0000] {dag.py:3239} INFO - Sync 2 DAGs
[2024-11-07T21:24:06.443+0000] {logging_mixin.py:190} INFO - [2024-11-07T21:24:06.443+0000] {dag.py:4180} INFO - Setting next_dagrun for read_dataset_event to 2024-11-06 00:00:00+00:00, run_after=2024-11-07 00:00:00+00:00
[2024-11-07T21:24:06.447+0000] {logging_mixin.py:190} INFO - [2024-11-07T21:24:06.447+0000] {dag.py:4180} INFO - Setting next_dagrun for read_dataset_event_from_classic to 2024-11-06 00:00:00+00:00, run_after=2024-11-07 00:00:00+00:00
[2024-11-07T21:24:06.460+0000] {processor.py:208} INFO - Processing /home/airflow/.local/lib/python3.12/site-packages/airflow/example_dags/example_inlet_event_extra.py took 0.249 seconds
[2024-11-07T21:24:37.222+0000] {processor.py:186} INFO - Started process (PID=263) to work on /home/airflow/.local/lib/python3.12/site-packages/airflow/example_dags/example_inlet_event_extra.py
[2024-11-07T21:24:37.223+0000] {processor.py:914} INFO - Processing file /home/airflow/.local/lib/python3.12/site-packages/airflow/example_dags/example_inlet_event_extra.py for tasks to queue
[2024-11-07T21:24:37.225+0000] {logging_mixin.py:190} INFO - [2024-11-07T21:24:37.224+0000] {dagbag.py:588} INFO - Filling up the DagBag from /home/airflow/.local/lib/python3.12/site-packages/airflow/example_dags/example_inlet_event_extra.py
[2024-11-07T21:24:37.336+0000] {processor.py:925} INFO - DAG(s) 'read_dataset_event_from_classic', 'read_dataset_event' retrieved from /home/airflow/.local/lib/python3.12/site-packages/airflow/example_dags/example_inlet_event_extra.py
[2024-11-07T21:24:37.355+0000] {logging_mixin.py:190} INFO - [2024-11-07T21:24:37.355+0000] {dag.py:3239} INFO - Sync 2 DAGs
[2024-11-07T21:24:37.375+0000] {logging_mixin.py:190} INFO - [2024-11-07T21:24:37.375+0000] {dag.py:4180} INFO - Setting next_dagrun for read_dataset_event to 2024-11-06 00:00:00+00:00, run_after=2024-11-07 00:00:00+00:00
[2024-11-07T21:24:37.379+0000] {logging_mixin.py:190} INFO - [2024-11-07T21:24:37.378+0000] {dag.py:4180} INFO - Setting next_dagrun for read_dataset_event_from_classic to 2024-11-06 00:00:00+00:00, run_after=2024-11-07 00:00:00+00:00
[2024-11-07T21:24:37.391+0000] {processor.py:208} INFO - Processing /home/airflow/.local/lib/python3.12/site-packages/airflow/example_dags/example_inlet_event_extra.py took 0.172 seconds
[2024-11-07T21:25:08.108+0000] {processor.py:186} INFO - Started process (PID=327) to work on /home/airflow/.local/lib/python3.12/site-packages/airflow/example_dags/example_inlet_event_extra.py
[2024-11-07T21:25:08.109+0000] {processor.py:914} INFO - Processing file /home/airflow/.local/lib/python3.12/site-packages/airflow/example_dags/example_inlet_event_extra.py for tasks to queue
[2024-11-07T21:25:08.111+0000] {logging_mixin.py:190} INFO - [2024-11-07T21:25:08.111+0000] {dagbag.py:588} INFO - Filling up the DagBag from /home/airflow/.local/lib/python3.12/site-packages/airflow/example_dags/example_inlet_event_extra.py
[2024-11-07T21:25:08.248+0000] {processor.py:925} INFO - DAG(s) 'read_dataset_event', 'read_dataset_event_from_classic' retrieved from /home/airflow/.local/lib/python3.12/site-packages/airflow/example_dags/example_inlet_event_extra.py
[2024-11-07T21:25:08.268+0000] {logging_mixin.py:190} INFO - [2024-11-07T21:25:08.268+0000] {dag.py:3239} INFO - Sync 2 DAGs
[2024-11-07T21:25:08.289+0000] {logging_mixin.py:190} INFO - [2024-11-07T21:25:08.289+0000] {dag.py:4180} INFO - Setting next_dagrun for read_dataset_event to 2024-11-06 00:00:00+00:00, run_after=2024-11-07 00:00:00+00:00
[2024-11-07T21:25:08.294+0000] {logging_mixin.py:190} INFO - [2024-11-07T21:25:08.294+0000] {dag.py:4180} INFO - Setting next_dagrun for read_dataset_event_from_classic to 2024-11-06 00:00:00+00:00, run_after=2024-11-07 00:00:00+00:00
[2024-11-07T21:25:08.306+0000] {processor.py:208} INFO - Processing /home/airflow/.local/lib/python3.12/site-packages/airflow/example_dags/example_inlet_event_extra.py took 0.203 seconds
[2024-11-07T21:25:38.393+0000] {processor.py:186} INFO - Started process (PID=391) to work on /home/airflow/.local/lib/python3.12/site-packages/airflow/example_dags/example_inlet_event_extra.py
[2024-11-07T21:25:38.394+0000] {processor.py:914} INFO - Processing file /home/airflow/.local/lib/python3.12/site-packages/airflow/example_dags/example_inlet_event_extra.py for tasks to queue
[2024-11-07T21:25:38.396+0000] {logging_mixin.py:190} INFO - [2024-11-07T21:25:38.396+0000] {dagbag.py:588} INFO - Filling up the DagBag from /home/airflow/.local/lib/python3.12/site-packages/airflow/example_dags/example_inlet_event_extra.py
[2024-11-07T21:25:38.510+0000] {processor.py:925} INFO - DAG(s) 'read_dataset_event_from_classic', 'read_dataset_event' retrieved from /home/airflow/.local/lib/python3.12/site-packages/airflow/example_dags/example_inlet_event_extra.py
[2024-11-07T21:25:38.529+0000] {logging_mixin.py:190} INFO - [2024-11-07T21:25:38.528+0000] {dag.py:3239} INFO - Sync 2 DAGs
[2024-11-07T21:25:38.550+0000] {logging_mixin.py:190} INFO - [2024-11-07T21:25:38.550+0000] {dag.py:4180} INFO - Setting next_dagrun for read_dataset_event to 2024-11-06 00:00:00+00:00, run_after=2024-11-07 00:00:00+00:00
[2024-11-07T21:25:38.555+0000] {logging_mixin.py:190} INFO - [2024-11-07T21:25:38.555+0000] {dag.py:4180} INFO - Setting next_dagrun for read_dataset_event_from_classic to 2024-11-06 00:00:00+00:00, run_after=2024-11-07 00:00:00+00:00
[2024-11-07T21:25:38.568+0000] {processor.py:208} INFO - Processing /home/airflow/.local/lib/python3.12/site-packages/airflow/example_dags/example_inlet_event_extra.py took 0.178 seconds
[2024-11-07T21:26:08.619+0000] {processor.py:186} INFO - Started process (PID=454) to work on /home/airflow/.local/lib/python3.12/site-packages/airflow/example_dags/example_inlet_event_extra.py
[2024-11-07T21:26:08.620+0000] {processor.py:914} INFO - Processing file /home/airflow/.local/lib/python3.12/site-packages/airflow/example_dags/example_inlet_event_extra.py for tasks to queue
[2024-11-07T21:26:08.622+0000] {logging_mixin.py:190} INFO - [2024-11-07T21:26:08.622+0000] {dagbag.py:588} INFO - Filling up the DagBag from /home/airflow/.local/lib/python3.12/site-packages/airflow/example_dags/example_inlet_event_extra.py
[2024-11-07T21:26:08.732+0000] {processor.py:925} INFO - DAG(s) 'read_dataset_event', 'read_dataset_event_from_classic' retrieved from /home/airflow/.local/lib/python3.12/site-packages/airflow/example_dags/example_inlet_event_extra.py
[2024-11-07T21:26:08.748+0000] {logging_mixin.py:190} INFO - [2024-11-07T21:26:08.748+0000] {dag.py:3239} INFO - Sync 2 DAGs
[2024-11-07T21:26:08.768+0000] {logging_mixin.py:190} INFO - [2024-11-07T21:26:08.768+0000] {dag.py:4180} INFO - Setting next_dagrun for read_dataset_event to 2024-11-06 00:00:00+00:00, run_after=2024-11-07 00:00:00+00:00
[2024-11-07T21:26:08.772+0000] {logging_mixin.py:190} INFO - [2024-11-07T21:26:08.772+0000] {dag.py:4180} INFO - Setting next_dagrun for read_dataset_event_from_classic to 2024-11-06 00:00:00+00:00, run_after=2024-11-07 00:00:00+00:00
[2024-11-07T21:26:08.783+0000] {processor.py:208} INFO - Processing /home/airflow/.local/lib/python3.12/site-packages/airflow/example_dags/example_inlet_event_extra.py took 0.168 seconds
[2024-11-07T21:26:39.041+0000] {processor.py:186} INFO - Started process (PID=517) to work on /home/airflow/.local/lib/python3.12/site-packages/airflow/example_dags/example_inlet_event_extra.py
[2024-11-07T21:26:39.042+0000] {processor.py:914} INFO - Processing file /home/airflow/.local/lib/python3.12/site-packages/airflow/example_dags/example_inlet_event_extra.py for tasks to queue
[2024-11-07T21:26:39.044+0000] {logging_mixin.py:190} INFO - [2024-11-07T21:26:39.044+0000] {dagbag.py:588} INFO - Filling up the DagBag from /home/airflow/.local/lib/python3.12/site-packages/airflow/example_dags/example_inlet_event_extra.py
[2024-11-07T21:26:39.162+0000] {processor.py:925} INFO - DAG(s) 'read_dataset_event_from_classic', 'read_dataset_event' retrieved from /home/airflow/.local/lib/python3.12/site-packages/airflow/example_dags/example_inlet_event_extra.py
[2024-11-07T21:26:39.183+0000] {logging_mixin.py:190} INFO - [2024-11-07T21:26:39.182+0000] {dag.py:3239} INFO - Sync 2 DAGs
[2024-11-07T21:26:39.207+0000] {logging_mixin.py:190} INFO - [2024-11-07T21:26:39.207+0000] {dag.py:4180} INFO - Setting next_dagrun for read_dataset_event to 2024-11-06 00:00:00+00:00, run_after=2024-11-07 00:00:00+00:00
[2024-11-07T21:26:39.211+0000] {logging_mixin.py:190} INFO - [2024-11-07T21:26:39.211+0000] {dag.py:4180} INFO - Setting next_dagrun for read_dataset_event_from_classic to 2024-11-06 00:00:00+00:00, run_after=2024-11-07 00:00:00+00:00
[2024-11-07T21:26:39.225+0000] {processor.py:208} INFO - Processing /home/airflow/.local/lib/python3.12/site-packages/airflow/example_dags/example_inlet_event_extra.py took 0.188 seconds
[2024-11-07T21:27:09.442+0000] {processor.py:186} INFO - Started process (PID=580) to work on /home/airflow/.local/lib/python3.12/site-packages/airflow/example_dags/example_inlet_event_extra.py
[2024-11-07T21:27:09.443+0000] {processor.py:914} INFO - Processing file /home/airflow/.local/lib/python3.12/site-packages/airflow/example_dags/example_inlet_event_extra.py for tasks to queue
[2024-11-07T21:27:09.445+0000] {logging_mixin.py:190} INFO - [2024-11-07T21:27:09.444+0000] {dagbag.py:588} INFO - Filling up the DagBag from /home/airflow/.local/lib/python3.12/site-packages/airflow/example_dags/example_inlet_event_extra.py
[2024-11-07T21:27:09.566+0000] {processor.py:925} INFO - DAG(s) 'read_dataset_event', 'read_dataset_event_from_classic' retrieved from /home/airflow/.local/lib/python3.12/site-packages/airflow/example_dags/example_inlet_event_extra.py
[2024-11-07T21:27:09.586+0000] {logging_mixin.py:190} INFO - [2024-11-07T21:27:09.586+0000] {dag.py:3239} INFO - Sync 2 DAGs
[2024-11-07T21:27:09.606+0000] {logging_mixin.py:190} INFO - [2024-11-07T21:27:09.606+0000] {dag.py:4180} INFO - Setting next_dagrun for read_dataset_event to 2024-11-06 00:00:00+00:00, run_after=2024-11-07 00:00:00+00:00
[2024-11-07T21:27:09.610+0000] {logging_mixin.py:190} INFO - [2024-11-07T21:27:09.610+0000] {dag.py:4180} INFO - Setting next_dagrun for read_dataset_event_from_classic to 2024-11-06 00:00:00+00:00, run_after=2024-11-07 00:00:00+00:00
[2024-11-07T21:27:09.622+0000] {processor.py:208} INFO - Processing /home/airflow/.local/lib/python3.12/site-packages/airflow/example_dags/example_inlet_event_extra.py took 0.184 seconds
[2024-11-07T21:27:39.791+0000] {processor.py:186} INFO - Started process (PID=645) to work on /home/airflow/.local/lib/python3.12/site-packages/airflow/example_dags/example_inlet_event_extra.py
[2024-11-07T21:27:39.792+0000] {processor.py:914} INFO - Processing file /home/airflow/.local/lib/python3.12/site-packages/airflow/example_dags/example_inlet_event_extra.py for tasks to queue
[2024-11-07T21:27:39.793+0000] {logging_mixin.py:190} INFO - [2024-11-07T21:27:39.793+0000] {dagbag.py:588} INFO - Filling up the DagBag from /home/airflow/.local/lib/python3.12/site-packages/airflow/example_dags/example_inlet_event_extra.py
[2024-11-07T21:27:39.909+0000] {processor.py:925} INFO - DAG(s) 'read_dataset_event_from_classic', 'read_dataset_event' retrieved from /home/airflow/.local/lib/python3.12/site-packages/airflow/example_dags/example_inlet_event_extra.py
[2024-11-07T21:27:39.928+0000] {logging_mixin.py:190} INFO - [2024-11-07T21:27:39.928+0000] {dag.py:3239} INFO - Sync 2 DAGs
[2024-11-07T21:27:39.947+0000] {logging_mixin.py:190} INFO - [2024-11-07T21:27:39.946+0000] {dag.py:4180} INFO - Setting next_dagrun for read_dataset_event to 2024-11-06 00:00:00+00:00, run_after=2024-11-07 00:00:00+00:00
[2024-11-07T21:27:39.951+0000] {logging_mixin.py:190} INFO - [2024-11-07T21:27:39.951+0000] {dag.py:4180} INFO - Setting next_dagrun for read_dataset_event_from_classic to 2024-11-06 00:00:00+00:00, run_after=2024-11-07 00:00:00+00:00
[2024-11-07T21:27:39.963+0000] {processor.py:208} INFO - Processing /home/airflow/.local/lib/python3.12/site-packages/airflow/example_dags/example_inlet_event_extra.py took 0.177 seconds
