[2024-11-07T21:23:30.834+0000] {processor.py:186} INFO - Started process (PID=79) to work on /home/airflow/.local/lib/python3.12/site-packages/airflow/example_dags/example_python_operator.py
[2024-11-07T21:23:30.835+0000] {processor.py:914} INFO - Processing file /home/airflow/.local/lib/python3.12/site-packages/airflow/example_dags/example_python_operator.py for tasks to queue
[2024-11-07T21:23:30.837+0000] {logging_mixin.py:190} INFO - [2024-11-07T21:23:30.837+0000] {dagbag.py:588} INFO - Filling up the DagBag from /home/airflow/.local/lib/python3.12/site-packages/airflow/example_dags/example_python_operator.py
[2024-11-07T21:23:30.854+0000] {processor.py:925} INFO - DAG(s) 'example_python_operator' retrieved from /home/airflow/.local/lib/python3.12/site-packages/airflow/example_dags/example_python_operator.py
[2024-11-07T21:23:30.993+0000] {logging_mixin.py:190} INFO - [2024-11-07T21:23:30.993+0000] {dag.py:3239} INFO - Sync 1 DAGs
[2024-11-07T21:23:31.006+0000] {logging_mixin.py:190} INFO - [2024-11-07T21:23:31.006+0000] {dag.py:4180} INFO - Setting next_dagrun for example_python_operator to None, run_after=None
[2024-11-07T21:23:31.022+0000] {processor.py:208} INFO - Processing /home/airflow/.local/lib/python3.12/site-packages/airflow/example_dags/example_python_operator.py took 0.193 seconds
[2024-11-07T21:24:01.069+0000] {processor.py:186} INFO - Started process (PID=146) to work on /home/airflow/.local/lib/python3.12/site-packages/airflow/example_dags/example_python_operator.py
[2024-11-07T21:24:01.069+0000] {processor.py:914} INFO - Processing file /home/airflow/.local/lib/python3.12/site-packages/airflow/example_dags/example_python_operator.py for tasks to queue
[2024-11-07T21:24:01.071+0000] {logging_mixin.py:190} INFO - [2024-11-07T21:24:01.070+0000] {dagbag.py:588} INFO - Filling up the DagBag from /home/airflow/.local/lib/python3.12/site-packages/airflow/example_dags/example_python_operator.py
[2024-11-07T21:24:01.079+0000] {processor.py:925} INFO - DAG(s) 'example_python_operator' retrieved from /home/airflow/.local/lib/python3.12/site-packages/airflow/example_dags/example_python_operator.py
[2024-11-07T21:24:01.099+0000] {logging_mixin.py:190} INFO - [2024-11-07T21:24:01.099+0000] {dag.py:3239} INFO - Sync 1 DAGs
[2024-11-07T21:24:01.111+0000] {logging_mixin.py:190} INFO - [2024-11-07T21:24:01.111+0000] {dag.py:4180} INFO - Setting next_dagrun for example_python_operator to None, run_after=None
[2024-11-07T21:24:01.125+0000] {processor.py:208} INFO - Processing /home/airflow/.local/lib/python3.12/site-packages/airflow/example_dags/example_python_operator.py took 0.061 seconds
[2024-11-07T21:24:31.874+0000] {processor.py:186} INFO - Started process (PID=209) to work on /home/airflow/.local/lib/python3.12/site-packages/airflow/example_dags/example_python_operator.py
[2024-11-07T21:24:31.874+0000] {processor.py:914} INFO - Processing file /home/airflow/.local/lib/python3.12/site-packages/airflow/example_dags/example_python_operator.py for tasks to queue
[2024-11-07T21:24:31.876+0000] {logging_mixin.py:190} INFO - [2024-11-07T21:24:31.876+0000] {dagbag.py:588} INFO - Filling up the DagBag from /home/airflow/.local/lib/python3.12/site-packages/airflow/example_dags/example_python_operator.py
[2024-11-07T21:24:31.884+0000] {processor.py:925} INFO - DAG(s) 'example_python_operator' retrieved from /home/airflow/.local/lib/python3.12/site-packages/airflow/example_dags/example_python_operator.py
[2024-11-07T21:24:31.902+0000] {logging_mixin.py:190} INFO - [2024-11-07T21:24:31.902+0000] {dag.py:3239} INFO - Sync 1 DAGs
[2024-11-07T21:24:31.913+0000] {logging_mixin.py:190} INFO - [2024-11-07T21:24:31.913+0000] {dag.py:4180} INFO - Setting next_dagrun for example_python_operator to None, run_after=None
[2024-11-07T21:24:31.928+0000] {processor.py:208} INFO - Processing /home/airflow/.local/lib/python3.12/site-packages/airflow/example_dags/example_python_operator.py took 0.058 seconds
[2024-11-07T21:25:02.824+0000] {processor.py:186} INFO - Started process (PID=272) to work on /home/airflow/.local/lib/python3.12/site-packages/airflow/example_dags/example_python_operator.py
[2024-11-07T21:25:02.825+0000] {processor.py:914} INFO - Processing file /home/airflow/.local/lib/python3.12/site-packages/airflow/example_dags/example_python_operator.py for tasks to queue
[2024-11-07T21:25:02.826+0000] {logging_mixin.py:190} INFO - [2024-11-07T21:25:02.826+0000] {dagbag.py:588} INFO - Filling up the DagBag from /home/airflow/.local/lib/python3.12/site-packages/airflow/example_dags/example_python_operator.py
[2024-11-07T21:25:02.836+0000] {processor.py:925} INFO - DAG(s) 'example_python_operator' retrieved from /home/airflow/.local/lib/python3.12/site-packages/airflow/example_dags/example_python_operator.py
[2024-11-07T21:25:02.863+0000] {logging_mixin.py:190} INFO - [2024-11-07T21:25:02.863+0000] {dag.py:3239} INFO - Sync 1 DAGs
[2024-11-07T21:25:02.887+0000] {logging_mixin.py:190} INFO - [2024-11-07T21:25:02.886+0000] {dag.py:4180} INFO - Setting next_dagrun for example_python_operator to None, run_after=None
[2024-11-07T21:25:02.914+0000] {processor.py:208} INFO - Processing /home/airflow/.local/lib/python3.12/site-packages/airflow/example_dags/example_python_operator.py took 0.095 seconds
[2024-11-07T21:25:33.711+0000] {processor.py:186} INFO - Started process (PID=336) to work on /home/airflow/.local/lib/python3.12/site-packages/airflow/example_dags/example_python_operator.py
[2024-11-07T21:25:33.712+0000] {processor.py:914} INFO - Processing file /home/airflow/.local/lib/python3.12/site-packages/airflow/example_dags/example_python_operator.py for tasks to queue
[2024-11-07T21:25:33.713+0000] {logging_mixin.py:190} INFO - [2024-11-07T21:25:33.713+0000] {dagbag.py:588} INFO - Filling up the DagBag from /home/airflow/.local/lib/python3.12/site-packages/airflow/example_dags/example_python_operator.py
[2024-11-07T21:25:33.722+0000] {processor.py:925} INFO - DAG(s) 'example_python_operator' retrieved from /home/airflow/.local/lib/python3.12/site-packages/airflow/example_dags/example_python_operator.py
[2024-11-07T21:25:33.741+0000] {logging_mixin.py:190} INFO - [2024-11-07T21:25:33.741+0000] {dag.py:3239} INFO - Sync 1 DAGs
[2024-11-07T21:25:33.752+0000] {logging_mixin.py:190} INFO - [2024-11-07T21:25:33.752+0000] {dag.py:4180} INFO - Setting next_dagrun for example_python_operator to None, run_after=None
[2024-11-07T21:25:33.765+0000] {processor.py:208} INFO - Processing /home/airflow/.local/lib/python3.12/site-packages/airflow/example_dags/example_python_operator.py took 0.059 seconds
[2024-11-07T21:26:03.881+0000] {processor.py:186} INFO - Started process (PID=399) to work on /home/airflow/.local/lib/python3.12/site-packages/airflow/example_dags/example_python_operator.py
[2024-11-07T21:26:03.881+0000] {processor.py:914} INFO - Processing file /home/airflow/.local/lib/python3.12/site-packages/airflow/example_dags/example_python_operator.py for tasks to queue
[2024-11-07T21:26:03.883+0000] {logging_mixin.py:190} INFO - [2024-11-07T21:26:03.883+0000] {dagbag.py:588} INFO - Filling up the DagBag from /home/airflow/.local/lib/python3.12/site-packages/airflow/example_dags/example_python_operator.py
[2024-11-07T21:26:03.891+0000] {processor.py:925} INFO - DAG(s) 'example_python_operator' retrieved from /home/airflow/.local/lib/python3.12/site-packages/airflow/example_dags/example_python_operator.py
[2024-11-07T21:26:03.910+0000] {logging_mixin.py:190} INFO - [2024-11-07T21:26:03.910+0000] {dag.py:3239} INFO - Sync 1 DAGs
[2024-11-07T21:26:03.922+0000] {logging_mixin.py:190} INFO - [2024-11-07T21:26:03.921+0000] {dag.py:4180} INFO - Setting next_dagrun for example_python_operator to None, run_after=None
[2024-11-07T21:26:03.935+0000] {processor.py:208} INFO - Processing /home/airflow/.local/lib/python3.12/site-packages/airflow/example_dags/example_python_operator.py took 0.059 seconds
[2024-11-07T21:26:34.064+0000] {processor.py:186} INFO - Started process (PID=462) to work on /home/airflow/.local/lib/python3.12/site-packages/airflow/example_dags/example_python_operator.py
[2024-11-07T21:26:34.064+0000] {processor.py:914} INFO - Processing file /home/airflow/.local/lib/python3.12/site-packages/airflow/example_dags/example_python_operator.py for tasks to queue
[2024-11-07T21:26:34.066+0000] {logging_mixin.py:190} INFO - [2024-11-07T21:26:34.066+0000] {dagbag.py:588} INFO - Filling up the DagBag from /home/airflow/.local/lib/python3.12/site-packages/airflow/example_dags/example_python_operator.py
[2024-11-07T21:26:34.075+0000] {processor.py:925} INFO - DAG(s) 'example_python_operator' retrieved from /home/airflow/.local/lib/python3.12/site-packages/airflow/example_dags/example_python_operator.py
[2024-11-07T21:26:34.101+0000] {logging_mixin.py:190} INFO - [2024-11-07T21:26:34.100+0000] {dag.py:3239} INFO - Sync 1 DAGs
[2024-11-07T21:26:34.114+0000] {logging_mixin.py:190} INFO - [2024-11-07T21:26:34.114+0000] {dag.py:4180} INFO - Setting next_dagrun for example_python_operator to None, run_after=None
[2024-11-07T21:26:34.128+0000] {processor.py:208} INFO - Processing /home/airflow/.local/lib/python3.12/site-packages/airflow/example_dags/example_python_operator.py took 0.068 seconds
[2024-11-07T21:27:04.685+0000] {processor.py:186} INFO - Started process (PID=532) to work on /home/airflow/.local/lib/python3.12/site-packages/airflow/example_dags/example_python_operator.py
[2024-11-07T21:27:04.686+0000] {processor.py:914} INFO - Processing file /home/airflow/.local/lib/python3.12/site-packages/airflow/example_dags/example_python_operator.py for tasks to queue
[2024-11-07T21:27:04.687+0000] {logging_mixin.py:190} INFO - [2024-11-07T21:27:04.687+0000] {dagbag.py:588} INFO - Filling up the DagBag from /home/airflow/.local/lib/python3.12/site-packages/airflow/example_dags/example_python_operator.py
[2024-11-07T21:27:04.697+0000] {processor.py:925} INFO - DAG(s) 'example_python_operator' retrieved from /home/airflow/.local/lib/python3.12/site-packages/airflow/example_dags/example_python_operator.py
[2024-11-07T21:27:04.718+0000] {logging_mixin.py:190} INFO - [2024-11-07T21:27:04.717+0000] {dag.py:3239} INFO - Sync 1 DAGs
[2024-11-07T21:27:04.734+0000] {logging_mixin.py:190} INFO - [2024-11-07T21:27:04.734+0000] {dag.py:4180} INFO - Setting next_dagrun for example_python_operator to None, run_after=None
[2024-11-07T21:27:04.752+0000] {processor.py:208} INFO - Processing /home/airflow/.local/lib/python3.12/site-packages/airflow/example_dags/example_python_operator.py took 0.073 seconds
[2024-11-07T21:27:35.033+0000] {processor.py:186} INFO - Started process (PID=595) to work on /home/airflow/.local/lib/python3.12/site-packages/airflow/example_dags/example_python_operator.py
[2024-11-07T21:27:35.033+0000] {processor.py:914} INFO - Processing file /home/airflow/.local/lib/python3.12/site-packages/airflow/example_dags/example_python_operator.py for tasks to queue
[2024-11-07T21:27:35.035+0000] {logging_mixin.py:190} INFO - [2024-11-07T21:27:35.035+0000] {dagbag.py:588} INFO - Filling up the DagBag from /home/airflow/.local/lib/python3.12/site-packages/airflow/example_dags/example_python_operator.py
[2024-11-07T21:27:35.044+0000] {processor.py:925} INFO - DAG(s) 'example_python_operator' retrieved from /home/airflow/.local/lib/python3.12/site-packages/airflow/example_dags/example_python_operator.py
[2024-11-07T21:27:35.062+0000] {logging_mixin.py:190} INFO - [2024-11-07T21:27:35.062+0000] {dag.py:3239} INFO - Sync 1 DAGs
[2024-11-07T21:27:35.073+0000] {logging_mixin.py:190} INFO - [2024-11-07T21:27:35.073+0000] {dag.py:4180} INFO - Setting next_dagrun for example_python_operator to None, run_after=None
[2024-11-07T21:27:35.087+0000] {processor.py:208} INFO - Processing /home/airflow/.local/lib/python3.12/site-packages/airflow/example_dags/example_python_operator.py took 0.059 seconds
