[2024-11-07T21:23:31.051+0000] {processor.py:186} INFO - Started process (PID=81) to work on /home/airflow/.local/lib/python3.12/site-packages/airflow/example_dags/example_branch_labels.py
[2024-11-07T21:23:31.052+0000] {processor.py:914} INFO - Processing file /home/airflow/.local/lib/python3.12/site-packages/airflow/example_dags/example_branch_labels.py for tasks to queue
[2024-11-07T21:23:31.054+0000] {logging_mixin.py:190} INFO - [2024-11-07T21:23:31.054+0000] {dagbag.py:588} INFO - Filling up the DagBag from /home/airflow/.local/lib/python3.12/site-packages/airflow/example_dags/example_branch_labels.py
[2024-11-07T21:23:31.063+0000] {processor.py:925} INFO - DAG(s) 'example_branch_labels' retrieved from /home/airflow/.local/lib/python3.12/site-packages/airflow/example_dags/example_branch_labels.py
[2024-11-07T21:23:31.091+0000] {logging_mixin.py:190} INFO - [2024-11-07T21:23:31.091+0000] {dag.py:3239} INFO - Sync 1 DAGs
[2024-11-07T21:23:31.114+0000] {logging_mixin.py:190} INFO - [2024-11-07T21:23:31.114+0000] {dag.py:4180} INFO - Setting next_dagrun for example_branch_labels to 2024-11-06 00:00:00+00:00, run_after=2024-11-07 00:00:00+00:00
[2024-11-07T21:23:31.131+0000] {processor.py:208} INFO - Processing /home/airflow/.local/lib/python3.12/site-packages/airflow/example_dags/example_branch_labels.py took 0.085 seconds
[2024-11-07T21:24:01.233+0000] {processor.py:186} INFO - Started process (PID=148) to work on /home/airflow/.local/lib/python3.12/site-packages/airflow/example_dags/example_branch_labels.py
[2024-11-07T21:24:01.234+0000] {processor.py:914} INFO - Processing file /home/airflow/.local/lib/python3.12/site-packages/airflow/example_dags/example_branch_labels.py for tasks to queue
[2024-11-07T21:24:01.235+0000] {logging_mixin.py:190} INFO - [2024-11-07T21:24:01.235+0000] {dagbag.py:588} INFO - Filling up the DagBag from /home/airflow/.local/lib/python3.12/site-packages/airflow/example_dags/example_branch_labels.py
[2024-11-07T21:24:01.243+0000] {processor.py:925} INFO - DAG(s) 'example_branch_labels' retrieved from /home/airflow/.local/lib/python3.12/site-packages/airflow/example_dags/example_branch_labels.py
[2024-11-07T21:24:01.260+0000] {logging_mixin.py:190} INFO - [2024-11-07T21:24:01.259+0000] {dag.py:3239} INFO - Sync 1 DAGs
[2024-11-07T21:24:01.280+0000] {logging_mixin.py:190} INFO - [2024-11-07T21:24:01.280+0000] {dag.py:4180} INFO - Setting next_dagrun for example_branch_labels to 2024-11-06 00:00:00+00:00, run_after=2024-11-07 00:00:00+00:00
[2024-11-07T21:24:01.294+0000] {processor.py:208} INFO - Processing /home/airflow/.local/lib/python3.12/site-packages/airflow/example_dags/example_branch_labels.py took 0.065 seconds
[2024-11-07T21:24:32.047+0000] {processor.py:186} INFO - Started process (PID=211) to work on /home/airflow/.local/lib/python3.12/site-packages/airflow/example_dags/example_branch_labels.py
[2024-11-07T21:24:32.048+0000] {processor.py:914} INFO - Processing file /home/airflow/.local/lib/python3.12/site-packages/airflow/example_dags/example_branch_labels.py for tasks to queue
[2024-11-07T21:24:32.050+0000] {logging_mixin.py:190} INFO - [2024-11-07T21:24:32.049+0000] {dagbag.py:588} INFO - Filling up the DagBag from /home/airflow/.local/lib/python3.12/site-packages/airflow/example_dags/example_branch_labels.py
[2024-11-07T21:24:32.057+0000] {processor.py:925} INFO - DAG(s) 'example_branch_labels' retrieved from /home/airflow/.local/lib/python3.12/site-packages/airflow/example_dags/example_branch_labels.py
[2024-11-07T21:24:32.075+0000] {logging_mixin.py:190} INFO - [2024-11-07T21:24:32.074+0000] {dag.py:3239} INFO - Sync 1 DAGs
[2024-11-07T21:24:32.093+0000] {logging_mixin.py:190} INFO - [2024-11-07T21:24:32.093+0000] {dag.py:4180} INFO - Setting next_dagrun for example_branch_labels to 2024-11-06 00:00:00+00:00, run_after=2024-11-07 00:00:00+00:00
[2024-11-07T21:24:32.106+0000] {processor.py:208} INFO - Processing /home/airflow/.local/lib/python3.12/site-packages/airflow/example_dags/example_branch_labels.py took 0.064 seconds
[2024-11-07T21:25:03.193+0000] {processor.py:186} INFO - Started process (PID=274) to work on /home/airflow/.local/lib/python3.12/site-packages/airflow/example_dags/example_branch_labels.py
[2024-11-07T21:25:03.194+0000] {processor.py:914} INFO - Processing file /home/airflow/.local/lib/python3.12/site-packages/airflow/example_dags/example_branch_labels.py for tasks to queue
[2024-11-07T21:25:03.196+0000] {logging_mixin.py:190} INFO - [2024-11-07T21:25:03.196+0000] {dagbag.py:588} INFO - Filling up the DagBag from /home/airflow/.local/lib/python3.12/site-packages/airflow/example_dags/example_branch_labels.py
[2024-11-07T21:25:03.207+0000] {processor.py:925} INFO - DAG(s) 'example_branch_labels' retrieved from /home/airflow/.local/lib/python3.12/site-packages/airflow/example_dags/example_branch_labels.py
[2024-11-07T21:25:03.229+0000] {logging_mixin.py:190} INFO - [2024-11-07T21:25:03.229+0000] {dag.py:3239} INFO - Sync 1 DAGs
[2024-11-07T21:25:03.254+0000] {logging_mixin.py:190} INFO - [2024-11-07T21:25:03.254+0000] {dag.py:4180} INFO - Setting next_dagrun for example_branch_labels to 2024-11-06 00:00:00+00:00, run_after=2024-11-07 00:00:00+00:00
[2024-11-07T21:25:03.270+0000] {processor.py:208} INFO - Processing /home/airflow/.local/lib/python3.12/site-packages/airflow/example_dags/example_branch_labels.py took 0.082 seconds
[2024-11-07T21:25:33.797+0000] {processor.py:186} INFO - Started process (PID=338) to work on /home/airflow/.local/lib/python3.12/site-packages/airflow/example_dags/example_branch_labels.py
[2024-11-07T21:25:33.798+0000] {processor.py:914} INFO - Processing file /home/airflow/.local/lib/python3.12/site-packages/airflow/example_dags/example_branch_labels.py for tasks to queue
[2024-11-07T21:25:33.799+0000] {logging_mixin.py:190} INFO - [2024-11-07T21:25:33.799+0000] {dagbag.py:588} INFO - Filling up the DagBag from /home/airflow/.local/lib/python3.12/site-packages/airflow/example_dags/example_branch_labels.py
[2024-11-07T21:25:33.806+0000] {processor.py:925} INFO - DAG(s) 'example_branch_labels' retrieved from /home/airflow/.local/lib/python3.12/site-packages/airflow/example_dags/example_branch_labels.py
[2024-11-07T21:25:33.823+0000] {logging_mixin.py:190} INFO - [2024-11-07T21:25:33.823+0000] {dag.py:3239} INFO - Sync 1 DAGs
[2024-11-07T21:25:33.841+0000] {logging_mixin.py:190} INFO - [2024-11-07T21:25:33.841+0000] {dag.py:4180} INFO - Setting next_dagrun for example_branch_labels to 2024-11-06 00:00:00+00:00, run_after=2024-11-07 00:00:00+00:00
[2024-11-07T21:25:33.854+0000] {processor.py:208} INFO - Processing /home/airflow/.local/lib/python3.12/site-packages/airflow/example_dags/example_branch_labels.py took 0.061 seconds
[2024-11-07T21:26:04.046+0000] {processor.py:186} INFO - Started process (PID=401) to work on /home/airflow/.local/lib/python3.12/site-packages/airflow/example_dags/example_branch_labels.py
[2024-11-07T21:26:04.047+0000] {processor.py:914} INFO - Processing file /home/airflow/.local/lib/python3.12/site-packages/airflow/example_dags/example_branch_labels.py for tasks to queue
[2024-11-07T21:26:04.048+0000] {logging_mixin.py:190} INFO - [2024-11-07T21:26:04.048+0000] {dagbag.py:588} INFO - Filling up the DagBag from /home/airflow/.local/lib/python3.12/site-packages/airflow/example_dags/example_branch_labels.py
[2024-11-07T21:26:04.056+0000] {processor.py:925} INFO - DAG(s) 'example_branch_labels' retrieved from /home/airflow/.local/lib/python3.12/site-packages/airflow/example_dags/example_branch_labels.py
[2024-11-07T21:26:04.074+0000] {logging_mixin.py:190} INFO - [2024-11-07T21:26:04.074+0000] {dag.py:3239} INFO - Sync 1 DAGs
[2024-11-07T21:26:04.094+0000] {logging_mixin.py:190} INFO - [2024-11-07T21:26:04.094+0000] {dag.py:4180} INFO - Setting next_dagrun for example_branch_labels to 2024-11-06 00:00:00+00:00, run_after=2024-11-07 00:00:00+00:00
[2024-11-07T21:26:04.108+0000] {processor.py:208} INFO - Processing /home/airflow/.local/lib/python3.12/site-packages/airflow/example_dags/example_branch_labels.py took 0.066 seconds
[2024-11-07T21:26:34.258+0000] {processor.py:186} INFO - Started process (PID=465) to work on /home/airflow/.local/lib/python3.12/site-packages/airflow/example_dags/example_branch_labels.py
[2024-11-07T21:26:34.259+0000] {processor.py:914} INFO - Processing file /home/airflow/.local/lib/python3.12/site-packages/airflow/example_dags/example_branch_labels.py for tasks to queue
[2024-11-07T21:26:34.262+0000] {logging_mixin.py:190} INFO - [2024-11-07T21:26:34.261+0000] {dagbag.py:588} INFO - Filling up the DagBag from /home/airflow/.local/lib/python3.12/site-packages/airflow/example_dags/example_branch_labels.py
[2024-11-07T21:26:34.270+0000] {processor.py:925} INFO - DAG(s) 'example_branch_labels' retrieved from /home/airflow/.local/lib/python3.12/site-packages/airflow/example_dags/example_branch_labels.py
[2024-11-07T21:26:34.306+0000] {logging_mixin.py:190} INFO - [2024-11-07T21:26:34.305+0000] {dag.py:3239} INFO - Sync 1 DAGs
[2024-11-07T21:26:34.342+0000] {logging_mixin.py:190} INFO - [2024-11-07T21:26:34.342+0000] {dag.py:4180} INFO - Setting next_dagrun for example_branch_labels to 2024-11-06 00:00:00+00:00, run_after=2024-11-07 00:00:00+00:00
[2024-11-07T21:26:34.363+0000] {processor.py:208} INFO - Processing /home/airflow/.local/lib/python3.12/site-packages/airflow/example_dags/example_branch_labels.py took 0.110 seconds
[2024-11-07T21:27:04.921+0000] {processor.py:186} INFO - Started process (PID=534) to work on /home/airflow/.local/lib/python3.12/site-packages/airflow/example_dags/example_branch_labels.py
[2024-11-07T21:27:04.922+0000] {processor.py:914} INFO - Processing file /home/airflow/.local/lib/python3.12/site-packages/airflow/example_dags/example_branch_labels.py for tasks to queue
[2024-11-07T21:27:04.925+0000] {logging_mixin.py:190} INFO - [2024-11-07T21:27:04.924+0000] {dagbag.py:588} INFO - Filling up the DagBag from /home/airflow/.local/lib/python3.12/site-packages/airflow/example_dags/example_branch_labels.py
[2024-11-07T21:27:04.935+0000] {processor.py:925} INFO - DAG(s) 'example_branch_labels' retrieved from /home/airflow/.local/lib/python3.12/site-packages/airflow/example_dags/example_branch_labels.py
[2024-11-07T21:27:04.958+0000] {logging_mixin.py:190} INFO - [2024-11-07T21:27:04.957+0000] {dag.py:3239} INFO - Sync 1 DAGs
[2024-11-07T21:27:04.981+0000] {logging_mixin.py:190} INFO - [2024-11-07T21:27:04.981+0000] {dag.py:4180} INFO - Setting next_dagrun for example_branch_labels to 2024-11-06 00:00:00+00:00, run_after=2024-11-07 00:00:00+00:00
[2024-11-07T21:27:04.997+0000] {processor.py:208} INFO - Processing /home/airflow/.local/lib/python3.12/site-packages/airflow/example_dags/example_branch_labels.py took 0.083 seconds
[2024-11-07T21:27:35.114+0000] {processor.py:186} INFO - Started process (PID=597) to work on /home/airflow/.local/lib/python3.12/site-packages/airflow/example_dags/example_branch_labels.py
[2024-11-07T21:27:35.114+0000] {processor.py:914} INFO - Processing file /home/airflow/.local/lib/python3.12/site-packages/airflow/example_dags/example_branch_labels.py for tasks to queue
[2024-11-07T21:27:35.116+0000] {logging_mixin.py:190} INFO - [2024-11-07T21:27:35.116+0000] {dagbag.py:588} INFO - Filling up the DagBag from /home/airflow/.local/lib/python3.12/site-packages/airflow/example_dags/example_branch_labels.py
[2024-11-07T21:27:35.123+0000] {processor.py:925} INFO - DAG(s) 'example_branch_labels' retrieved from /home/airflow/.local/lib/python3.12/site-packages/airflow/example_dags/example_branch_labels.py
[2024-11-07T21:27:35.139+0000] {logging_mixin.py:190} INFO - [2024-11-07T21:27:35.139+0000] {dag.py:3239} INFO - Sync 1 DAGs
[2024-11-07T21:27:35.157+0000] {logging_mixin.py:190} INFO - [2024-11-07T21:27:35.157+0000] {dag.py:4180} INFO - Setting next_dagrun for example_branch_labels to 2024-11-06 00:00:00+00:00, run_after=2024-11-07 00:00:00+00:00
[2024-11-07T21:27:35.171+0000] {processor.py:208} INFO - Processing /home/airflow/.local/lib/python3.12/site-packages/airflow/example_dags/example_branch_labels.py took 0.061 seconds
