[2024-11-07T21:23:32.712+0000] {processor.py:186} INFO - Started process (PID=104) to work on /home/airflow/.local/lib/python3.12/site-packages/airflow/example_dags/example_branch_operator.py
[2024-11-07T21:23:32.713+0000] {processor.py:914} INFO - Processing file /home/airflow/.local/lib/python3.12/site-packages/airflow/example_dags/example_branch_operator.py for tasks to queue
[2024-11-07T21:23:32.715+0000] {logging_mixin.py:190} INFO - [2024-11-07T21:23:32.715+0000] {dagbag.py:588} INFO - Filling up the DagBag from /home/airflow/.local/lib/python3.12/site-packages/airflow/example_dags/example_branch_operator.py
[2024-11-07T21:23:32.731+0000] {processor.py:925} INFO - DAG(s) 'example_branch_operator' retrieved from /home/airflow/.local/lib/python3.12/site-packages/airflow/example_dags/example_branch_operator.py
[2024-11-07T21:23:32.855+0000] {logging_mixin.py:190} INFO - [2024-11-07T21:23:32.855+0000] {dag.py:3239} INFO - Sync 1 DAGs
[2024-11-07T21:23:32.877+0000] {logging_mixin.py:190} INFO - [2024-11-07T21:23:32.877+0000] {dag.py:4180} INFO - Setting next_dagrun for example_branch_operator to 2024-11-06 00:00:00+00:00, run_after=2024-11-07 00:00:00+00:00
[2024-11-07T21:23:32.898+0000] {processor.py:208} INFO - Processing /home/airflow/.local/lib/python3.12/site-packages/airflow/example_dags/example_branch_operator.py took 0.191 seconds
[2024-11-07T21:24:03.686+0000] {processor.py:186} INFO - Started process (PID=171) to work on /home/airflow/.local/lib/python3.12/site-packages/airflow/example_dags/example_branch_operator.py
[2024-11-07T21:24:03.688+0000] {processor.py:914} INFO - Processing file /home/airflow/.local/lib/python3.12/site-packages/airflow/example_dags/example_branch_operator.py for tasks to queue
[2024-11-07T21:24:03.697+0000] {logging_mixin.py:190} INFO - [2024-11-07T21:24:03.694+0000] {dagbag.py:588} INFO - Filling up the DagBag from /home/airflow/.local/lib/python3.12/site-packages/airflow/example_dags/example_branch_operator.py
[2024-11-07T21:24:03.726+0000] {processor.py:925} INFO - DAG(s) 'example_branch_operator' retrieved from /home/airflow/.local/lib/python3.12/site-packages/airflow/example_dags/example_branch_operator.py
[2024-11-07T21:24:03.764+0000] {logging_mixin.py:190} INFO - [2024-11-07T21:24:03.764+0000] {dag.py:3239} INFO - Sync 1 DAGs
[2024-11-07T21:24:03.792+0000] {logging_mixin.py:190} INFO - [2024-11-07T21:24:03.792+0000] {dag.py:4180} INFO - Setting next_dagrun for example_branch_operator to 2024-11-06 00:00:00+00:00, run_after=2024-11-07 00:00:00+00:00
[2024-11-07T21:24:03.830+0000] {processor.py:208} INFO - Processing /home/airflow/.local/lib/python3.12/site-packages/airflow/example_dags/example_branch_operator.py took 0.151 seconds
[2024-11-07T21:24:34.225+0000] {processor.py:186} INFO - Started process (PID=240) to work on /home/airflow/.local/lib/python3.12/site-packages/airflow/example_dags/example_branch_operator.py
[2024-11-07T21:24:34.226+0000] {processor.py:914} INFO - Processing file /home/airflow/.local/lib/python3.12/site-packages/airflow/example_dags/example_branch_operator.py for tasks to queue
[2024-11-07T21:24:34.229+0000] {logging_mixin.py:190} INFO - [2024-11-07T21:24:34.228+0000] {dagbag.py:588} INFO - Filling up the DagBag from /home/airflow/.local/lib/python3.12/site-packages/airflow/example_dags/example_branch_operator.py
[2024-11-07T21:24:34.247+0000] {processor.py:925} INFO - DAG(s) 'example_branch_operator' retrieved from /home/airflow/.local/lib/python3.12/site-packages/airflow/example_dags/example_branch_operator.py
[2024-11-07T21:24:34.277+0000] {logging_mixin.py:190} INFO - [2024-11-07T21:24:34.277+0000] {dag.py:3239} INFO - Sync 1 DAGs
[2024-11-07T21:24:34.298+0000] {logging_mixin.py:190} INFO - [2024-11-07T21:24:34.298+0000] {dag.py:4180} INFO - Setting next_dagrun for example_branch_operator to 2024-11-06 00:00:00+00:00, run_after=2024-11-07 00:00:00+00:00
[2024-11-07T21:24:34.314+0000] {processor.py:208} INFO - Processing /home/airflow/.local/lib/python3.12/site-packages/airflow/example_dags/example_branch_operator.py took 0.095 seconds
[2024-11-07T21:25:04.861+0000] {processor.py:186} INFO - Started process (PID=304) to work on /home/airflow/.local/lib/python3.12/site-packages/airflow/example_dags/example_branch_operator.py
[2024-11-07T21:25:04.861+0000] {processor.py:914} INFO - Processing file /home/airflow/.local/lib/python3.12/site-packages/airflow/example_dags/example_branch_operator.py for tasks to queue
[2024-11-07T21:25:04.863+0000] {logging_mixin.py:190} INFO - [2024-11-07T21:25:04.863+0000] {dagbag.py:588} INFO - Filling up the DagBag from /home/airflow/.local/lib/python3.12/site-packages/airflow/example_dags/example_branch_operator.py
[2024-11-07T21:25:04.877+0000] {processor.py:925} INFO - DAG(s) 'example_branch_operator' retrieved from /home/airflow/.local/lib/python3.12/site-packages/airflow/example_dags/example_branch_operator.py
[2024-11-07T21:25:04.902+0000] {logging_mixin.py:190} INFO - [2024-11-07T21:25:04.902+0000] {dag.py:3239} INFO - Sync 1 DAGs
[2024-11-07T21:25:04.922+0000] {logging_mixin.py:190} INFO - [2024-11-07T21:25:04.922+0000] {dag.py:4180} INFO - Setting next_dagrun for example_branch_operator to 2024-11-06 00:00:00+00:00, run_after=2024-11-07 00:00:00+00:00
[2024-11-07T21:25:04.937+0000] {processor.py:208} INFO - Processing /home/airflow/.local/lib/python3.12/site-packages/airflow/example_dags/example_branch_operator.py took 0.080 seconds
[2024-11-07T21:25:35.190+0000] {processor.py:186} INFO - Started process (PID=367) to work on /home/airflow/.local/lib/python3.12/site-packages/airflow/example_dags/example_branch_operator.py
[2024-11-07T21:25:35.190+0000] {processor.py:914} INFO - Processing file /home/airflow/.local/lib/python3.12/site-packages/airflow/example_dags/example_branch_operator.py for tasks to queue
[2024-11-07T21:25:35.192+0000] {logging_mixin.py:190} INFO - [2024-11-07T21:25:35.192+0000] {dagbag.py:588} INFO - Filling up the DagBag from /home/airflow/.local/lib/python3.12/site-packages/airflow/example_dags/example_branch_operator.py
[2024-11-07T21:25:35.207+0000] {processor.py:925} INFO - DAG(s) 'example_branch_operator' retrieved from /home/airflow/.local/lib/python3.12/site-packages/airflow/example_dags/example_branch_operator.py
[2024-11-07T21:25:35.234+0000] {logging_mixin.py:190} INFO - [2024-11-07T21:25:35.234+0000] {dag.py:3239} INFO - Sync 1 DAGs
[2024-11-07T21:25:35.255+0000] {logging_mixin.py:190} INFO - [2024-11-07T21:25:35.255+0000] {dag.py:4180} INFO - Setting next_dagrun for example_branch_operator to 2024-11-06 00:00:00+00:00, run_after=2024-11-07 00:00:00+00:00
[2024-11-07T21:25:35.270+0000] {processor.py:208} INFO - Processing /home/airflow/.local/lib/python3.12/site-packages/airflow/example_dags/example_branch_operator.py took 0.085 seconds
[2024-11-07T21:26:05.377+0000] {processor.py:186} INFO - Started process (PID=431) to work on /home/airflow/.local/lib/python3.12/site-packages/airflow/example_dags/example_branch_operator.py
[2024-11-07T21:26:05.378+0000] {processor.py:914} INFO - Processing file /home/airflow/.local/lib/python3.12/site-packages/airflow/example_dags/example_branch_operator.py for tasks to queue
[2024-11-07T21:26:05.380+0000] {logging_mixin.py:190} INFO - [2024-11-07T21:26:05.379+0000] {dagbag.py:588} INFO - Filling up the DagBag from /home/airflow/.local/lib/python3.12/site-packages/airflow/example_dags/example_branch_operator.py
[2024-11-07T21:26:05.395+0000] {processor.py:925} INFO - DAG(s) 'example_branch_operator' retrieved from /home/airflow/.local/lib/python3.12/site-packages/airflow/example_dags/example_branch_operator.py
[2024-11-07T21:26:05.419+0000] {logging_mixin.py:190} INFO - [2024-11-07T21:26:05.419+0000] {dag.py:3239} INFO - Sync 1 DAGs
[2024-11-07T21:26:05.438+0000] {logging_mixin.py:190} INFO - [2024-11-07T21:26:05.438+0000] {dag.py:4180} INFO - Setting next_dagrun for example_branch_operator to 2024-11-06 00:00:00+00:00, run_after=2024-11-07 00:00:00+00:00
[2024-11-07T21:26:05.452+0000] {processor.py:208} INFO - Processing /home/airflow/.local/lib/python3.12/site-packages/airflow/example_dags/example_branch_operator.py took 0.078 seconds
[2024-11-07T21:26:36.001+0000] {processor.py:186} INFO - Started process (PID=494) to work on /home/airflow/.local/lib/python3.12/site-packages/airflow/example_dags/example_branch_operator.py
[2024-11-07T21:26:36.002+0000] {processor.py:914} INFO - Processing file /home/airflow/.local/lib/python3.12/site-packages/airflow/example_dags/example_branch_operator.py for tasks to queue
[2024-11-07T21:26:36.004+0000] {logging_mixin.py:190} INFO - [2024-11-07T21:26:36.003+0000] {dagbag.py:588} INFO - Filling up the DagBag from /home/airflow/.local/lib/python3.12/site-packages/airflow/example_dags/example_branch_operator.py
[2024-11-07T21:26:36.017+0000] {processor.py:925} INFO - DAG(s) 'example_branch_operator' retrieved from /home/airflow/.local/lib/python3.12/site-packages/airflow/example_dags/example_branch_operator.py
[2024-11-07T21:26:36.041+0000] {logging_mixin.py:190} INFO - [2024-11-07T21:26:36.041+0000] {dag.py:3239} INFO - Sync 1 DAGs
[2024-11-07T21:26:36.060+0000] {logging_mixin.py:190} INFO - [2024-11-07T21:26:36.059+0000] {dag.py:4180} INFO - Setting next_dagrun for example_branch_operator to 2024-11-06 00:00:00+00:00, run_after=2024-11-07 00:00:00+00:00
[2024-11-07T21:26:36.072+0000] {processor.py:208} INFO - Processing /home/airflow/.local/lib/python3.12/site-packages/airflow/example_dags/example_branch_operator.py took 0.076 seconds
[2024-11-07T21:27:06.378+0000] {processor.py:186} INFO - Started process (PID=558) to work on /home/airflow/.local/lib/python3.12/site-packages/airflow/example_dags/example_branch_operator.py
[2024-11-07T21:27:06.379+0000] {processor.py:914} INFO - Processing file /home/airflow/.local/lib/python3.12/site-packages/airflow/example_dags/example_branch_operator.py for tasks to queue
[2024-11-07T21:27:06.381+0000] {logging_mixin.py:190} INFO - [2024-11-07T21:27:06.380+0000] {dagbag.py:588} INFO - Filling up the DagBag from /home/airflow/.local/lib/python3.12/site-packages/airflow/example_dags/example_branch_operator.py
[2024-11-07T21:27:06.396+0000] {processor.py:925} INFO - DAG(s) 'example_branch_operator' retrieved from /home/airflow/.local/lib/python3.12/site-packages/airflow/example_dags/example_branch_operator.py
[2024-11-07T21:27:06.422+0000] {logging_mixin.py:190} INFO - [2024-11-07T21:27:06.421+0000] {dag.py:3239} INFO - Sync 1 DAGs
[2024-11-07T21:27:06.441+0000] {logging_mixin.py:190} INFO - [2024-11-07T21:27:06.441+0000] {dag.py:4180} INFO - Setting next_dagrun for example_branch_operator to 2024-11-06 00:00:00+00:00, run_after=2024-11-07 00:00:00+00:00
[2024-11-07T21:27:06.455+0000] {processor.py:208} INFO - Processing /home/airflow/.local/lib/python3.12/site-packages/airflow/example_dags/example_branch_operator.py took 0.081 seconds
[2024-11-07T21:27:36.496+0000] {processor.py:186} INFO - Started process (PID=621) to work on /home/airflow/.local/lib/python3.12/site-packages/airflow/example_dags/example_branch_operator.py
[2024-11-07T21:27:36.496+0000] {processor.py:914} INFO - Processing file /home/airflow/.local/lib/python3.12/site-packages/airflow/example_dags/example_branch_operator.py for tasks to queue
[2024-11-07T21:27:36.498+0000] {logging_mixin.py:190} INFO - [2024-11-07T21:27:36.498+0000] {dagbag.py:588} INFO - Filling up the DagBag from /home/airflow/.local/lib/python3.12/site-packages/airflow/example_dags/example_branch_operator.py
[2024-11-07T21:27:36.511+0000] {processor.py:925} INFO - DAG(s) 'example_branch_operator' retrieved from /home/airflow/.local/lib/python3.12/site-packages/airflow/example_dags/example_branch_operator.py
[2024-11-07T21:27:36.534+0000] {logging_mixin.py:190} INFO - [2024-11-07T21:27:36.534+0000] {dag.py:3239} INFO - Sync 1 DAGs
[2024-11-07T21:27:36.552+0000] {logging_mixin.py:190} INFO - [2024-11-07T21:27:36.552+0000] {dag.py:4180} INFO - Setting next_dagrun for example_branch_operator to 2024-11-06 00:00:00+00:00, run_after=2024-11-07 00:00:00+00:00
[2024-11-07T21:27:36.566+0000] {processor.py:208} INFO - Processing /home/airflow/.local/lib/python3.12/site-packages/airflow/example_dags/example_branch_operator.py took 0.074 seconds
