[2024-11-07T21:23:34.312+0000] {processor.py:186} INFO - Started process (PID=131) to work on /home/airflow/.local/lib/python3.12/site-packages/airflow/example_dags/example_display_name.py
[2024-11-07T21:23:34.313+0000] {processor.py:914} INFO - Processing file /home/airflow/.local/lib/python3.12/site-packages/airflow/example_dags/example_display_name.py for tasks to queue
[2024-11-07T21:23:34.314+0000] {logging_mixin.py:190} INFO - [2024-11-07T21:23:34.314+0000] {dagbag.py:588} INFO - Filling up the DagBag from /home/airflow/.local/lib/python3.12/site-packages/airflow/example_dags/example_display_name.py
[2024-11-07T21:23:34.321+0000] {processor.py:925} INFO - DAG(s) 'example_display_name' retrieved from /home/airflow/.local/lib/python3.12/site-packages/airflow/example_dags/example_display_name.py
[2024-11-07T21:23:34.341+0000] {logging_mixin.py:190} INFO - [2024-11-07T21:23:34.340+0000] {dag.py:3239} INFO - Sync 1 DAGs
[2024-11-07T21:23:34.355+0000] {logging_mixin.py:190} INFO - [2024-11-07T21:23:34.355+0000] {dag.py:4180} INFO - Setting next_dagrun for example_display_name to None, run_after=None
[2024-11-07T21:23:34.370+0000] {processor.py:208} INFO - Processing /home/airflow/.local/lib/python3.12/site-packages/airflow/example_dags/example_display_name.py took 0.062 seconds
[2024-11-07T21:24:06.081+0000] {processor.py:186} INFO - Started process (PID=198) to work on /home/airflow/.local/lib/python3.12/site-packages/airflow/example_dags/example_display_name.py
[2024-11-07T21:24:06.082+0000] {processor.py:914} INFO - Processing file /home/airflow/.local/lib/python3.12/site-packages/airflow/example_dags/example_display_name.py for tasks to queue
[2024-11-07T21:24:06.085+0000] {logging_mixin.py:190} INFO - [2024-11-07T21:24:06.084+0000] {dagbag.py:588} INFO - Filling up the DagBag from /home/airflow/.local/lib/python3.12/site-packages/airflow/example_dags/example_display_name.py
[2024-11-07T21:24:06.093+0000] {processor.py:925} INFO - DAG(s) 'example_display_name' retrieved from /home/airflow/.local/lib/python3.12/site-packages/airflow/example_dags/example_display_name.py
[2024-11-07T21:24:06.118+0000] {logging_mixin.py:190} INFO - [2024-11-07T21:24:06.118+0000] {dag.py:3239} INFO - Sync 1 DAGs
[2024-11-07T21:24:06.137+0000] {logging_mixin.py:190} INFO - [2024-11-07T21:24:06.136+0000] {dag.py:4180} INFO - Setting next_dagrun for example_display_name to None, run_after=None
[2024-11-07T21:24:06.163+0000] {processor.py:208} INFO - Processing /home/airflow/.local/lib/python3.12/site-packages/airflow/example_dags/example_display_name.py took 0.088 seconds
[2024-11-07T21:24:36.206+0000] {processor.py:186} INFO - Started process (PID=261) to work on /home/airflow/.local/lib/python3.12/site-packages/airflow/example_dags/example_display_name.py
[2024-11-07T21:24:36.207+0000] {processor.py:914} INFO - Processing file /home/airflow/.local/lib/python3.12/site-packages/airflow/example_dags/example_display_name.py for tasks to queue
[2024-11-07T21:24:36.209+0000] {logging_mixin.py:190} INFO - [2024-11-07T21:24:36.208+0000] {dagbag.py:588} INFO - Filling up the DagBag from /home/airflow/.local/lib/python3.12/site-packages/airflow/example_dags/example_display_name.py
[2024-11-07T21:24:36.214+0000] {processor.py:925} INFO - DAG(s) 'example_display_name' retrieved from /home/airflow/.local/lib/python3.12/site-packages/airflow/example_dags/example_display_name.py
[2024-11-07T21:24:36.229+0000] {logging_mixin.py:190} INFO - [2024-11-07T21:24:36.229+0000] {dag.py:3239} INFO - Sync 1 DAGs
[2024-11-07T21:24:36.243+0000] {logging_mixin.py:190} INFO - [2024-11-07T21:24:36.243+0000] {dag.py:4180} INFO - Setting next_dagrun for example_display_name to None, run_after=None
[2024-11-07T21:24:36.256+0000] {processor.py:208} INFO - Processing /home/airflow/.local/lib/python3.12/site-packages/airflow/example_dags/example_display_name.py took 0.055 seconds
[2024-11-07T21:25:07.089+0000] {processor.py:186} INFO - Started process (PID=325) to work on /home/airflow/.local/lib/python3.12/site-packages/airflow/example_dags/example_display_name.py
[2024-11-07T21:25:07.090+0000] {processor.py:914} INFO - Processing file /home/airflow/.local/lib/python3.12/site-packages/airflow/example_dags/example_display_name.py for tasks to queue
[2024-11-07T21:25:07.091+0000] {logging_mixin.py:190} INFO - [2024-11-07T21:25:07.091+0000] {dagbag.py:588} INFO - Filling up the DagBag from /home/airflow/.local/lib/python3.12/site-packages/airflow/example_dags/example_display_name.py
[2024-11-07T21:25:07.097+0000] {processor.py:925} INFO - DAG(s) 'example_display_name' retrieved from /home/airflow/.local/lib/python3.12/site-packages/airflow/example_dags/example_display_name.py
[2024-11-07T21:25:07.118+0000] {logging_mixin.py:190} INFO - [2024-11-07T21:25:07.117+0000] {dag.py:3239} INFO - Sync 1 DAGs
[2024-11-07T21:25:07.142+0000] {logging_mixin.py:190} INFO - [2024-11-07T21:25:07.142+0000] {dag.py:4180} INFO - Setting next_dagrun for example_display_name to None, run_after=None
[2024-11-07T21:25:07.160+0000] {processor.py:208} INFO - Processing /home/airflow/.local/lib/python3.12/site-packages/airflow/example_dags/example_display_name.py took 0.075 seconds
[2024-11-07T21:25:37.305+0000] {processor.py:186} INFO - Started process (PID=388) to work on /home/airflow/.local/lib/python3.12/site-packages/airflow/example_dags/example_display_name.py
[2024-11-07T21:25:37.306+0000] {processor.py:914} INFO - Processing file /home/airflow/.local/lib/python3.12/site-packages/airflow/example_dags/example_display_name.py for tasks to queue
[2024-11-07T21:25:37.308+0000] {logging_mixin.py:190} INFO - [2024-11-07T21:25:37.307+0000] {dagbag.py:588} INFO - Filling up the DagBag from /home/airflow/.local/lib/python3.12/site-packages/airflow/example_dags/example_display_name.py
[2024-11-07T21:25:37.313+0000] {processor.py:925} INFO - DAG(s) 'example_display_name' retrieved from /home/airflow/.local/lib/python3.12/site-packages/airflow/example_dags/example_display_name.py
[2024-11-07T21:25:37.328+0000] {logging_mixin.py:190} INFO - [2024-11-07T21:25:37.328+0000] {dag.py:3239} INFO - Sync 1 DAGs
[2024-11-07T21:25:37.339+0000] {logging_mixin.py:190} INFO - [2024-11-07T21:25:37.339+0000] {dag.py:4180} INFO - Setting next_dagrun for example_display_name to None, run_after=None
[2024-11-07T21:25:37.351+0000] {processor.py:208} INFO - Processing /home/airflow/.local/lib/python3.12/site-packages/airflow/example_dags/example_display_name.py took 0.051 seconds
[2024-11-07T21:26:07.586+0000] {processor.py:186} INFO - Started process (PID=452) to work on /home/airflow/.local/lib/python3.12/site-packages/airflow/example_dags/example_display_name.py
[2024-11-07T21:26:07.586+0000] {processor.py:914} INFO - Processing file /home/airflow/.local/lib/python3.12/site-packages/airflow/example_dags/example_display_name.py for tasks to queue
[2024-11-07T21:26:07.588+0000] {logging_mixin.py:190} INFO - [2024-11-07T21:26:07.588+0000] {dagbag.py:588} INFO - Filling up the DagBag from /home/airflow/.local/lib/python3.12/site-packages/airflow/example_dags/example_display_name.py
[2024-11-07T21:26:07.594+0000] {processor.py:925} INFO - DAG(s) 'example_display_name' retrieved from /home/airflow/.local/lib/python3.12/site-packages/airflow/example_dags/example_display_name.py
[2024-11-07T21:26:07.610+0000] {logging_mixin.py:190} INFO - [2024-11-07T21:26:07.610+0000] {dag.py:3239} INFO - Sync 1 DAGs
[2024-11-07T21:26:07.621+0000] {logging_mixin.py:190} INFO - [2024-11-07T21:26:07.621+0000] {dag.py:4180} INFO - Setting next_dagrun for example_display_name to None, run_after=None
[2024-11-07T21:26:07.635+0000] {processor.py:208} INFO - Processing /home/airflow/.local/lib/python3.12/site-packages/airflow/example_dags/example_display_name.py took 0.053 seconds
[2024-11-07T21:26:38.020+0000] {processor.py:186} INFO - Started process (PID=515) to work on /home/airflow/.local/lib/python3.12/site-packages/airflow/example_dags/example_display_name.py
[2024-11-07T21:26:38.020+0000] {processor.py:914} INFO - Processing file /home/airflow/.local/lib/python3.12/site-packages/airflow/example_dags/example_display_name.py for tasks to queue
[2024-11-07T21:26:38.022+0000] {logging_mixin.py:190} INFO - [2024-11-07T21:26:38.022+0000] {dagbag.py:588} INFO - Filling up the DagBag from /home/airflow/.local/lib/python3.12/site-packages/airflow/example_dags/example_display_name.py
[2024-11-07T21:26:38.027+0000] {processor.py:925} INFO - DAG(s) 'example_display_name' retrieved from /home/airflow/.local/lib/python3.12/site-packages/airflow/example_dags/example_display_name.py
[2024-11-07T21:26:38.043+0000] {logging_mixin.py:190} INFO - [2024-11-07T21:26:38.043+0000] {dag.py:3239} INFO - Sync 1 DAGs
[2024-11-07T21:26:38.055+0000] {logging_mixin.py:190} INFO - [2024-11-07T21:26:38.055+0000] {dag.py:4180} INFO - Setting next_dagrun for example_display_name to None, run_after=None
[2024-11-07T21:26:38.069+0000] {processor.py:208} INFO - Processing /home/airflow/.local/lib/python3.12/site-packages/airflow/example_dags/example_display_name.py took 0.054 seconds
[2024-11-07T21:27:08.430+0000] {processor.py:186} INFO - Started process (PID=578) to work on /home/airflow/.local/lib/python3.12/site-packages/airflow/example_dags/example_display_name.py
[2024-11-07T21:27:08.431+0000] {processor.py:914} INFO - Processing file /home/airflow/.local/lib/python3.12/site-packages/airflow/example_dags/example_display_name.py for tasks to queue
[2024-11-07T21:27:08.433+0000] {logging_mixin.py:190} INFO - [2024-11-07T21:27:08.432+0000] {dagbag.py:588} INFO - Filling up the DagBag from /home/airflow/.local/lib/python3.12/site-packages/airflow/example_dags/example_display_name.py
[2024-11-07T21:27:08.439+0000] {processor.py:925} INFO - DAG(s) 'example_display_name' retrieved from /home/airflow/.local/lib/python3.12/site-packages/airflow/example_dags/example_display_name.py
[2024-11-07T21:27:08.456+0000] {logging_mixin.py:190} INFO - [2024-11-07T21:27:08.456+0000] {dag.py:3239} INFO - Sync 1 DAGs
[2024-11-07T21:27:08.467+0000] {logging_mixin.py:190} INFO - [2024-11-07T21:27:08.467+0000] {dag.py:4180} INFO - Setting next_dagrun for example_display_name to None, run_after=None
[2024-11-07T21:27:08.481+0000] {processor.py:208} INFO - Processing /home/airflow/.local/lib/python3.12/site-packages/airflow/example_dags/example_display_name.py took 0.056 seconds
[2024-11-07T21:27:38.570+0000] {processor.py:186} INFO - Started process (PID=641) to work on /home/airflow/.local/lib/python3.12/site-packages/airflow/example_dags/example_display_name.py
[2024-11-07T21:27:38.571+0000] {processor.py:914} INFO - Processing file /home/airflow/.local/lib/python3.12/site-packages/airflow/example_dags/example_display_name.py for tasks to queue
[2024-11-07T21:27:38.573+0000] {logging_mixin.py:190} INFO - [2024-11-07T21:27:38.573+0000] {dagbag.py:588} INFO - Filling up the DagBag from /home/airflow/.local/lib/python3.12/site-packages/airflow/example_dags/example_display_name.py
[2024-11-07T21:27:38.578+0000] {processor.py:925} INFO - DAG(s) 'example_display_name' retrieved from /home/airflow/.local/lib/python3.12/site-packages/airflow/example_dags/example_display_name.py
[2024-11-07T21:27:38.595+0000] {logging_mixin.py:190} INFO - [2024-11-07T21:27:38.594+0000] {dag.py:3239} INFO - Sync 1 DAGs
[2024-11-07T21:27:38.607+0000] {logging_mixin.py:190} INFO - [2024-11-07T21:27:38.607+0000] {dag.py:4180} INFO - Setting next_dagrun for example_display_name to None, run_after=None
[2024-11-07T21:27:38.621+0000] {processor.py:208} INFO - Processing /home/airflow/.local/lib/python3.12/site-packages/airflow/example_dags/example_display_name.py took 0.055 seconds
