[2024-11-07T21:23:31.007+0000] {processor.py:186} INFO - Started process (PID=80) to work on /home/airflow/.local/lib/python3.12/site-packages/airflow/example_dags/example_external_task_marker_dag.py
[2024-11-07T21:23:31.007+0000] {processor.py:914} INFO - Processing file /home/airflow/.local/lib/python3.12/site-packages/airflow/example_dags/example_external_task_marker_dag.py for tasks to queue
[2024-11-07T21:23:31.009+0000] {logging_mixin.py:190} INFO - [2024-11-07T21:23:31.009+0000] {dagbag.py:588} INFO - Filling up the DagBag from /home/airflow/.local/lib/python3.12/site-packages/airflow/example_dags/example_external_task_marker_dag.py
[2024-11-07T21:23:31.016+0000] {processor.py:925} INFO - DAG(s) 'example_external_task_marker_parent', 'example_external_task_marker_child' retrieved from /home/airflow/.local/lib/python3.12/site-packages/airflow/example_dags/example_external_task_marker_dag.py
[2024-11-07T21:23:31.040+0000] {logging_mixin.py:190} INFO - [2024-11-07T21:23:31.040+0000] {dag.py:3239} INFO - Sync 2 DAGs
[2024-11-07T21:23:31.052+0000] {logging_mixin.py:190} INFO - [2024-11-07T21:23:31.052+0000] {dag.py:4180} INFO - Setting next_dagrun for example_external_task_marker_child to None, run_after=None
[2024-11-07T21:23:31.056+0000] {logging_mixin.py:190} INFO - [2024-11-07T21:23:31.055+0000] {dag.py:4180} INFO - Setting next_dagrun for example_external_task_marker_parent to None, run_after=None
[2024-11-07T21:23:31.069+0000] {processor.py:208} INFO - Processing /home/airflow/.local/lib/python3.12/site-packages/airflow/example_dags/example_external_task_marker_dag.py took 0.066 seconds
[2024-11-07T21:24:01.153+0000] {processor.py:186} INFO - Started process (PID=147) to work on /home/airflow/.local/lib/python3.12/site-packages/airflow/example_dags/example_external_task_marker_dag.py
[2024-11-07T21:24:01.154+0000] {processor.py:914} INFO - Processing file /home/airflow/.local/lib/python3.12/site-packages/airflow/example_dags/example_external_task_marker_dag.py for tasks to queue
[2024-11-07T21:24:01.156+0000] {logging_mixin.py:190} INFO - [2024-11-07T21:24:01.156+0000] {dagbag.py:588} INFO - Filling up the DagBag from /home/airflow/.local/lib/python3.12/site-packages/airflow/example_dags/example_external_task_marker_dag.py
[2024-11-07T21:24:01.162+0000] {processor.py:925} INFO - DAG(s) 'example_external_task_marker_child', 'example_external_task_marker_parent' retrieved from /home/airflow/.local/lib/python3.12/site-packages/airflow/example_dags/example_external_task_marker_dag.py
[2024-11-07T21:24:01.182+0000] {logging_mixin.py:190} INFO - [2024-11-07T21:24:01.182+0000] {dag.py:3239} INFO - Sync 2 DAGs
[2024-11-07T21:24:01.193+0000] {logging_mixin.py:190} INFO - [2024-11-07T21:24:01.193+0000] {dag.py:4180} INFO - Setting next_dagrun for example_external_task_marker_child to None, run_after=None
[2024-11-07T21:24:01.196+0000] {logging_mixin.py:190} INFO - [2024-11-07T21:24:01.196+0000] {dag.py:4180} INFO - Setting next_dagrun for example_external_task_marker_parent to None, run_after=None
[2024-11-07T21:24:01.208+0000] {processor.py:208} INFO - Processing /home/airflow/.local/lib/python3.12/site-packages/airflow/example_dags/example_external_task_marker_dag.py took 0.059 seconds
[2024-11-07T21:24:31.961+0000] {processor.py:186} INFO - Started process (PID=210) to work on /home/airflow/.local/lib/python3.12/site-packages/airflow/example_dags/example_external_task_marker_dag.py
[2024-11-07T21:24:31.962+0000] {processor.py:914} INFO - Processing file /home/airflow/.local/lib/python3.12/site-packages/airflow/example_dags/example_external_task_marker_dag.py for tasks to queue
[2024-11-07T21:24:31.964+0000] {logging_mixin.py:190} INFO - [2024-11-07T21:24:31.964+0000] {dagbag.py:588} INFO - Filling up the DagBag from /home/airflow/.local/lib/python3.12/site-packages/airflow/example_dags/example_external_task_marker_dag.py
[2024-11-07T21:24:31.970+0000] {processor.py:925} INFO - DAG(s) 'example_external_task_marker_child', 'example_external_task_marker_parent' retrieved from /home/airflow/.local/lib/python3.12/site-packages/airflow/example_dags/example_external_task_marker_dag.py
[2024-11-07T21:24:31.988+0000] {logging_mixin.py:190} INFO - [2024-11-07T21:24:31.988+0000] {dag.py:3239} INFO - Sync 2 DAGs
[2024-11-07T21:24:32.000+0000] {logging_mixin.py:190} INFO - [2024-11-07T21:24:32.000+0000] {dag.py:4180} INFO - Setting next_dagrun for example_external_task_marker_child to None, run_after=None
[2024-11-07T21:24:32.003+0000] {logging_mixin.py:190} INFO - [2024-11-07T21:24:32.003+0000] {dag.py:4180} INFO - Setting next_dagrun for example_external_task_marker_parent to None, run_after=None
[2024-11-07T21:24:32.014+0000] {processor.py:208} INFO - Processing /home/airflow/.local/lib/python3.12/site-packages/airflow/example_dags/example_external_task_marker_dag.py took 0.057 seconds
[2024-11-07T21:25:03.005+0000] {processor.py:186} INFO - Started process (PID=273) to work on /home/airflow/.local/lib/python3.12/site-packages/airflow/example_dags/example_external_task_marker_dag.py
[2024-11-07T21:25:03.006+0000] {processor.py:914} INFO - Processing file /home/airflow/.local/lib/python3.12/site-packages/airflow/example_dags/example_external_task_marker_dag.py for tasks to queue
[2024-11-07T21:25:03.016+0000] {logging_mixin.py:190} INFO - [2024-11-07T21:25:03.016+0000] {dagbag.py:588} INFO - Filling up the DagBag from /home/airflow/.local/lib/python3.12/site-packages/airflow/example_dags/example_external_task_marker_dag.py
[2024-11-07T21:25:03.031+0000] {processor.py:925} INFO - DAG(s) 'example_external_task_marker_parent', 'example_external_task_marker_child' retrieved from /home/airflow/.local/lib/python3.12/site-packages/airflow/example_dags/example_external_task_marker_dag.py
[2024-11-07T21:25:03.080+0000] {logging_mixin.py:190} INFO - [2024-11-07T21:25:03.080+0000] {dag.py:3239} INFO - Sync 2 DAGs
[2024-11-07T21:25:03.108+0000] {logging_mixin.py:190} INFO - [2024-11-07T21:25:03.108+0000] {dag.py:4180} INFO - Setting next_dagrun for example_external_task_marker_child to None, run_after=None
[2024-11-07T21:25:03.115+0000] {logging_mixin.py:190} INFO - [2024-11-07T21:25:03.115+0000] {dag.py:4180} INFO - Setting next_dagrun for example_external_task_marker_parent to None, run_after=None
[2024-11-07T21:25:03.138+0000] {processor.py:208} INFO - Processing /home/airflow/.local/lib/python3.12/site-packages/airflow/example_dags/example_external_task_marker_dag.py took 0.140 seconds
[2024-11-07T21:25:33.797+0000] {processor.py:186} INFO - Started process (PID=337) to work on /home/airflow/.local/lib/python3.12/site-packages/airflow/example_dags/example_external_task_marker_dag.py
[2024-11-07T21:25:33.798+0000] {processor.py:914} INFO - Processing file /home/airflow/.local/lib/python3.12/site-packages/airflow/example_dags/example_external_task_marker_dag.py for tasks to queue
[2024-11-07T21:25:33.799+0000] {logging_mixin.py:190} INFO - [2024-11-07T21:25:33.799+0000] {dagbag.py:588} INFO - Filling up the DagBag from /home/airflow/.local/lib/python3.12/site-packages/airflow/example_dags/example_external_task_marker_dag.py
[2024-11-07T21:25:33.805+0000] {processor.py:925} INFO - DAG(s) 'example_external_task_marker_child', 'example_external_task_marker_parent' retrieved from /home/airflow/.local/lib/python3.12/site-packages/airflow/example_dags/example_external_task_marker_dag.py
[2024-11-07T21:25:33.824+0000] {logging_mixin.py:190} INFO - [2024-11-07T21:25:33.824+0000] {dag.py:3239} INFO - Sync 2 DAGs
[2024-11-07T21:25:33.835+0000] {logging_mixin.py:190} INFO - [2024-11-07T21:25:33.835+0000] {dag.py:4180} INFO - Setting next_dagrun for example_external_task_marker_child to None, run_after=None
[2024-11-07T21:25:33.838+0000] {logging_mixin.py:190} INFO - [2024-11-07T21:25:33.838+0000] {dag.py:4180} INFO - Setting next_dagrun for example_external_task_marker_parent to None, run_after=None
[2024-11-07T21:25:33.849+0000] {processor.py:208} INFO - Processing /home/airflow/.local/lib/python3.12/site-packages/airflow/example_dags/example_external_task_marker_dag.py took 0.056 seconds
[2024-11-07T21:26:03.960+0000] {processor.py:186} INFO - Started process (PID=400) to work on /home/airflow/.local/lib/python3.12/site-packages/airflow/example_dags/example_external_task_marker_dag.py
[2024-11-07T21:26:03.961+0000] {processor.py:914} INFO - Processing file /home/airflow/.local/lib/python3.12/site-packages/airflow/example_dags/example_external_task_marker_dag.py for tasks to queue
[2024-11-07T21:26:03.963+0000] {logging_mixin.py:190} INFO - [2024-11-07T21:26:03.963+0000] {dagbag.py:588} INFO - Filling up the DagBag from /home/airflow/.local/lib/python3.12/site-packages/airflow/example_dags/example_external_task_marker_dag.py
[2024-11-07T21:26:03.968+0000] {processor.py:925} INFO - DAG(s) 'example_external_task_marker_child', 'example_external_task_marker_parent' retrieved from /home/airflow/.local/lib/python3.12/site-packages/airflow/example_dags/example_external_task_marker_dag.py
[2024-11-07T21:26:03.988+0000] {logging_mixin.py:190} INFO - [2024-11-07T21:26:03.988+0000] {dag.py:3239} INFO - Sync 2 DAGs
[2024-11-07T21:26:04.000+0000] {logging_mixin.py:190} INFO - [2024-11-07T21:26:04.000+0000] {dag.py:4180} INFO - Setting next_dagrun for example_external_task_marker_child to None, run_after=None
[2024-11-07T21:26:04.003+0000] {logging_mixin.py:190} INFO - [2024-11-07T21:26:04.003+0000] {dag.py:4180} INFO - Setting next_dagrun for example_external_task_marker_parent to None, run_after=None
[2024-11-07T21:26:04.019+0000] {processor.py:208} INFO - Processing /home/airflow/.local/lib/python3.12/site-packages/airflow/example_dags/example_external_task_marker_dag.py took 0.062 seconds
[2024-11-07T21:26:34.158+0000] {processor.py:186} INFO - Started process (PID=463) to work on /home/airflow/.local/lib/python3.12/site-packages/airflow/example_dags/example_external_task_marker_dag.py
[2024-11-07T21:26:34.159+0000] {processor.py:914} INFO - Processing file /home/airflow/.local/lib/python3.12/site-packages/airflow/example_dags/example_external_task_marker_dag.py for tasks to queue
[2024-11-07T21:26:34.161+0000] {logging_mixin.py:190} INFO - [2024-11-07T21:26:34.161+0000] {dagbag.py:588} INFO - Filling up the DagBag from /home/airflow/.local/lib/python3.12/site-packages/airflow/example_dags/example_external_task_marker_dag.py
[2024-11-07T21:26:34.167+0000] {processor.py:925} INFO - DAG(s) 'example_external_task_marker_parent', 'example_external_task_marker_child' retrieved from /home/airflow/.local/lib/python3.12/site-packages/airflow/example_dags/example_external_task_marker_dag.py
[2024-11-07T21:26:34.187+0000] {logging_mixin.py:190} INFO - [2024-11-07T21:26:34.186+0000] {dag.py:3239} INFO - Sync 2 DAGs
[2024-11-07T21:26:34.203+0000] {logging_mixin.py:190} INFO - [2024-11-07T21:26:34.202+0000] {dag.py:4180} INFO - Setting next_dagrun for example_external_task_marker_child to None, run_after=None
[2024-11-07T21:26:34.206+0000] {logging_mixin.py:190} INFO - [2024-11-07T21:26:34.206+0000] {dag.py:4180} INFO - Setting next_dagrun for example_external_task_marker_parent to None, run_after=None
[2024-11-07T21:26:34.222+0000] {processor.py:208} INFO - Processing /home/airflow/.local/lib/python3.12/site-packages/airflow/example_dags/example_external_task_marker_dag.py took 0.068 seconds
[2024-11-07T21:27:04.795+0000] {processor.py:186} INFO - Started process (PID=533) to work on /home/airflow/.local/lib/python3.12/site-packages/airflow/example_dags/example_external_task_marker_dag.py
[2024-11-07T21:27:04.796+0000] {processor.py:914} INFO - Processing file /home/airflow/.local/lib/python3.12/site-packages/airflow/example_dags/example_external_task_marker_dag.py for tasks to queue
[2024-11-07T21:27:04.798+0000] {logging_mixin.py:190} INFO - [2024-11-07T21:27:04.798+0000] {dagbag.py:588} INFO - Filling up the DagBag from /home/airflow/.local/lib/python3.12/site-packages/airflow/example_dags/example_external_task_marker_dag.py
[2024-11-07T21:27:04.816+0000] {processor.py:925} INFO - DAG(s) 'example_external_task_marker_child', 'example_external_task_marker_parent' retrieved from /home/airflow/.local/lib/python3.12/site-packages/airflow/example_dags/example_external_task_marker_dag.py
[2024-11-07T21:27:04.843+0000] {logging_mixin.py:190} INFO - [2024-11-07T21:27:04.842+0000] {dag.py:3239} INFO - Sync 2 DAGs
[2024-11-07T21:27:04.861+0000] {logging_mixin.py:190} INFO - [2024-11-07T21:27:04.861+0000] {dag.py:4180} INFO - Setting next_dagrun for example_external_task_marker_child to None, run_after=None
[2024-11-07T21:27:04.865+0000] {logging_mixin.py:190} INFO - [2024-11-07T21:27:04.865+0000] {dag.py:4180} INFO - Setting next_dagrun for example_external_task_marker_parent to None, run_after=None
[2024-11-07T21:27:04.880+0000] {processor.py:208} INFO - Processing /home/airflow/.local/lib/python3.12/site-packages/airflow/example_dags/example_external_task_marker_dag.py took 0.091 seconds
[2024-11-07T21:27:35.108+0000] {processor.py:186} INFO - Started process (PID=596) to work on /home/airflow/.local/lib/python3.12/site-packages/airflow/example_dags/example_external_task_marker_dag.py
[2024-11-07T21:27:35.109+0000] {processor.py:914} INFO - Processing file /home/airflow/.local/lib/python3.12/site-packages/airflow/example_dags/example_external_task_marker_dag.py for tasks to queue
[2024-11-07T21:27:35.111+0000] {logging_mixin.py:190} INFO - [2024-11-07T21:27:35.111+0000] {dagbag.py:588} INFO - Filling up the DagBag from /home/airflow/.local/lib/python3.12/site-packages/airflow/example_dags/example_external_task_marker_dag.py
[2024-11-07T21:27:35.117+0000] {processor.py:925} INFO - DAG(s) 'example_external_task_marker_parent', 'example_external_task_marker_child' retrieved from /home/airflow/.local/lib/python3.12/site-packages/airflow/example_dags/example_external_task_marker_dag.py
[2024-11-07T21:27:35.136+0000] {logging_mixin.py:190} INFO - [2024-11-07T21:27:35.136+0000] {dag.py:3239} INFO - Sync 2 DAGs
[2024-11-07T21:27:35.147+0000] {logging_mixin.py:190} INFO - [2024-11-07T21:27:35.147+0000] {dag.py:4180} INFO - Setting next_dagrun for example_external_task_marker_child to None, run_after=None
[2024-11-07T21:27:35.150+0000] {logging_mixin.py:190} INFO - [2024-11-07T21:27:35.150+0000] {dag.py:4180} INFO - Setting next_dagrun for example_external_task_marker_parent to None, run_after=None
[2024-11-07T21:27:35.163+0000] {processor.py:208} INFO - Processing /home/airflow/.local/lib/python3.12/site-packages/airflow/example_dags/example_external_task_marker_dag.py took 0.058 seconds
