[2024-11-07T21:23:32.022+0000] {processor.py:186} INFO - Started process (PID=94) to work on /home/airflow/.local/lib/python3.12/site-packages/airflow/example_dags/example_bash_operator.py
[2024-11-07T21:23:32.023+0000] {processor.py:914} INFO - Processing file /home/airflow/.local/lib/python3.12/site-packages/airflow/example_dags/example_bash_operator.py for tasks to queue
[2024-11-07T21:23:32.025+0000] {logging_mixin.py:190} INFO - [2024-11-07T21:23:32.025+0000] {dagbag.py:588} INFO - Filling up the DagBag from /home/airflow/.local/lib/python3.12/site-packages/airflow/example_dags/example_bash_operator.py
[2024-11-07T21:23:32.036+0000] {processor.py:925} INFO - DAG(s) 'example_bash_operator' retrieved from /home/airflow/.local/lib/python3.12/site-packages/airflow/example_dags/example_bash_operator.py
[2024-11-07T21:23:32.061+0000] {logging_mixin.py:190} INFO - [2024-11-07T21:23:32.061+0000] {dag.py:3239} INFO - Sync 1 DAGs
[2024-11-07T21:23:32.081+0000] {logging_mixin.py:190} INFO - [2024-11-07T21:23:32.081+0000] {dag.py:4180} INFO - Setting next_dagrun for example_bash_operator to 2024-11-06 00:00:00+00:00, run_after=2024-11-07 00:00:00+00:00
[2024-11-07T21:23:32.098+0000] {processor.py:208} INFO - Processing /home/airflow/.local/lib/python3.12/site-packages/airflow/example_dags/example_bash_operator.py took 0.081 seconds
[2024-11-07T21:24:03.029+0000] {processor.py:186} INFO - Started process (PID=161) to work on /home/airflow/.local/lib/python3.12/site-packages/airflow/example_dags/example_bash_operator.py
[2024-11-07T21:24:03.030+0000] {processor.py:914} INFO - Processing file /home/airflow/.local/lib/python3.12/site-packages/airflow/example_dags/example_bash_operator.py for tasks to queue
[2024-11-07T21:24:03.033+0000] {logging_mixin.py:190} INFO - [2024-11-07T21:24:03.033+0000] {dagbag.py:588} INFO - Filling up the DagBag from /home/airflow/.local/lib/python3.12/site-packages/airflow/example_dags/example_bash_operator.py
[2024-11-07T21:24:03.047+0000] {processor.py:925} INFO - DAG(s) 'example_bash_operator' retrieved from /home/airflow/.local/lib/python3.12/site-packages/airflow/example_dags/example_bash_operator.py
[2024-11-07T21:24:03.082+0000] {logging_mixin.py:190} INFO - [2024-11-07T21:24:03.081+0000] {dag.py:3239} INFO - Sync 1 DAGs
[2024-11-07T21:24:03.111+0000] {logging_mixin.py:190} INFO - [2024-11-07T21:24:03.111+0000] {dag.py:4180} INFO - Setting next_dagrun for example_bash_operator to 2024-11-06 00:00:00+00:00, run_after=2024-11-07 00:00:00+00:00
[2024-11-07T21:24:03.130+0000] {processor.py:208} INFO - Processing /home/airflow/.local/lib/python3.12/site-packages/airflow/example_dags/example_bash_operator.py took 0.108 seconds
[2024-11-07T21:24:33.742+0000] {processor.py:186} INFO - Started process (PID=224) to work on /home/airflow/.local/lib/python3.12/site-packages/airflow/example_dags/example_bash_operator.py
[2024-11-07T21:24:33.743+0000] {processor.py:914} INFO - Processing file /home/airflow/.local/lib/python3.12/site-packages/airflow/example_dags/example_bash_operator.py for tasks to queue
[2024-11-07T21:24:33.745+0000] {logging_mixin.py:190} INFO - [2024-11-07T21:24:33.744+0000] {dagbag.py:588} INFO - Filling up the DagBag from /home/airflow/.local/lib/python3.12/site-packages/airflow/example_dags/example_bash_operator.py
[2024-11-07T21:24:33.754+0000] {processor.py:925} INFO - DAG(s) 'example_bash_operator' retrieved from /home/airflow/.local/lib/python3.12/site-packages/airflow/example_dags/example_bash_operator.py
[2024-11-07T21:24:33.777+0000] {logging_mixin.py:190} INFO - [2024-11-07T21:24:33.777+0000] {dag.py:3239} INFO - Sync 1 DAGs
[2024-11-07T21:24:33.798+0000] {logging_mixin.py:190} INFO - [2024-11-07T21:24:33.798+0000] {dag.py:4180} INFO - Setting next_dagrun for example_bash_operator to 2024-11-06 00:00:00+00:00, run_after=2024-11-07 00:00:00+00:00
[2024-11-07T21:24:33.814+0000] {processor.py:208} INFO - Processing /home/airflow/.local/lib/python3.12/site-packages/airflow/example_dags/example_bash_operator.py took 0.076 seconds
[2024-11-07T21:25:04.096+0000] {processor.py:186} INFO - Started process (PID=287) to work on /home/airflow/.local/lib/python3.12/site-packages/airflow/example_dags/example_bash_operator.py
[2024-11-07T21:25:04.097+0000] {processor.py:914} INFO - Processing file /home/airflow/.local/lib/python3.12/site-packages/airflow/example_dags/example_bash_operator.py for tasks to queue
[2024-11-07T21:25:04.099+0000] {logging_mixin.py:190} INFO - [2024-11-07T21:25:04.098+0000] {dagbag.py:588} INFO - Filling up the DagBag from /home/airflow/.local/lib/python3.12/site-packages/airflow/example_dags/example_bash_operator.py
[2024-11-07T21:25:04.108+0000] {processor.py:925} INFO - DAG(s) 'example_bash_operator' retrieved from /home/airflow/.local/lib/python3.12/site-packages/airflow/example_dags/example_bash_operator.py
[2024-11-07T21:25:04.133+0000] {logging_mixin.py:190} INFO - [2024-11-07T21:25:04.133+0000] {dag.py:3239} INFO - Sync 1 DAGs
[2024-11-07T21:25:04.156+0000] {logging_mixin.py:190} INFO - [2024-11-07T21:25:04.155+0000] {dag.py:4180} INFO - Setting next_dagrun for example_bash_operator to 2024-11-06 00:00:00+00:00, run_after=2024-11-07 00:00:00+00:00
[2024-11-07T21:25:04.175+0000] {processor.py:208} INFO - Processing /home/airflow/.local/lib/python3.12/site-packages/airflow/example_dags/example_bash_operator.py took 0.083 seconds
[2024-11-07T21:25:34.619+0000] {processor.py:186} INFO - Started process (PID=357) to work on /home/airflow/.local/lib/python3.12/site-packages/airflow/example_dags/example_bash_operator.py
[2024-11-07T21:25:34.620+0000] {processor.py:914} INFO - Processing file /home/airflow/.local/lib/python3.12/site-packages/airflow/example_dags/example_bash_operator.py for tasks to queue
[2024-11-07T21:25:34.622+0000] {logging_mixin.py:190} INFO - [2024-11-07T21:25:34.622+0000] {dagbag.py:588} INFO - Filling up the DagBag from /home/airflow/.local/lib/python3.12/site-packages/airflow/example_dags/example_bash_operator.py
[2024-11-07T21:25:34.631+0000] {processor.py:925} INFO - DAG(s) 'example_bash_operator' retrieved from /home/airflow/.local/lib/python3.12/site-packages/airflow/example_dags/example_bash_operator.py
[2024-11-07T21:25:34.654+0000] {logging_mixin.py:190} INFO - [2024-11-07T21:25:34.654+0000] {dag.py:3239} INFO - Sync 1 DAGs
[2024-11-07T21:25:34.674+0000] {logging_mixin.py:190} INFO - [2024-11-07T21:25:34.673+0000] {dag.py:4180} INFO - Setting next_dagrun for example_bash_operator to 2024-11-06 00:00:00+00:00, run_after=2024-11-07 00:00:00+00:00
[2024-11-07T21:25:34.687+0000] {processor.py:208} INFO - Processing /home/airflow/.local/lib/python3.12/site-packages/airflow/example_dags/example_bash_operator.py took 0.071 seconds
[2024-11-07T21:26:04.913+0000] {processor.py:186} INFO - Started process (PID=421) to work on /home/airflow/.local/lib/python3.12/site-packages/airflow/example_dags/example_bash_operator.py
[2024-11-07T21:26:04.913+0000] {processor.py:914} INFO - Processing file /home/airflow/.local/lib/python3.12/site-packages/airflow/example_dags/example_bash_operator.py for tasks to queue
[2024-11-07T21:26:04.915+0000] {logging_mixin.py:190} INFO - [2024-11-07T21:26:04.915+0000] {dagbag.py:588} INFO - Filling up the DagBag from /home/airflow/.local/lib/python3.12/site-packages/airflow/example_dags/example_bash_operator.py
[2024-11-07T21:26:04.935+0000] {processor.py:925} INFO - DAG(s) 'example_bash_operator' retrieved from /home/airflow/.local/lib/python3.12/site-packages/airflow/example_dags/example_bash_operator.py
[2024-11-07T21:26:04.961+0000] {logging_mixin.py:190} INFO - [2024-11-07T21:26:04.961+0000] {dag.py:3239} INFO - Sync 1 DAGs
[2024-11-07T21:26:04.984+0000] {logging_mixin.py:190} INFO - [2024-11-07T21:26:04.983+0000] {dag.py:4180} INFO - Setting next_dagrun for example_bash_operator to 2024-11-06 00:00:00+00:00, run_after=2024-11-07 00:00:00+00:00
[2024-11-07T21:26:04.997+0000] {processor.py:208} INFO - Processing /home/airflow/.local/lib/python3.12/site-packages/airflow/example_dags/example_bash_operator.py took 0.089 seconds
[2024-11-07T21:26:35.417+0000] {processor.py:186} INFO - Started process (PID=484) to work on /home/airflow/.local/lib/python3.12/site-packages/airflow/example_dags/example_bash_operator.py
[2024-11-07T21:26:35.417+0000] {processor.py:914} INFO - Processing file /home/airflow/.local/lib/python3.12/site-packages/airflow/example_dags/example_bash_operator.py for tasks to queue
[2024-11-07T21:26:35.419+0000] {logging_mixin.py:190} INFO - [2024-11-07T21:26:35.419+0000] {dagbag.py:588} INFO - Filling up the DagBag from /home/airflow/.local/lib/python3.12/site-packages/airflow/example_dags/example_bash_operator.py
[2024-11-07T21:26:35.429+0000] {processor.py:925} INFO - DAG(s) 'example_bash_operator' retrieved from /home/airflow/.local/lib/python3.12/site-packages/airflow/example_dags/example_bash_operator.py
[2024-11-07T21:26:35.451+0000] {logging_mixin.py:190} INFO - [2024-11-07T21:26:35.451+0000] {dag.py:3239} INFO - Sync 1 DAGs
[2024-11-07T21:26:35.470+0000] {logging_mixin.py:190} INFO - [2024-11-07T21:26:35.469+0000] {dag.py:4180} INFO - Setting next_dagrun for example_bash_operator to 2024-11-06 00:00:00+00:00, run_after=2024-11-07 00:00:00+00:00
[2024-11-07T21:26:35.483+0000] {processor.py:208} INFO - Processing /home/airflow/.local/lib/python3.12/site-packages/airflow/example_dags/example_bash_operator.py took 0.071 seconds
[2024-11-07T21:27:05.805+0000] {processor.py:186} INFO - Started process (PID=547) to work on /home/airflow/.local/lib/python3.12/site-packages/airflow/example_dags/example_bash_operator.py
[2024-11-07T21:27:05.805+0000] {processor.py:914} INFO - Processing file /home/airflow/.local/lib/python3.12/site-packages/airflow/example_dags/example_bash_operator.py for tasks to queue
[2024-11-07T21:27:05.807+0000] {logging_mixin.py:190} INFO - [2024-11-07T21:27:05.807+0000] {dagbag.py:588} INFO - Filling up the DagBag from /home/airflow/.local/lib/python3.12/site-packages/airflow/example_dags/example_bash_operator.py
[2024-11-07T21:27:05.819+0000] {processor.py:925} INFO - DAG(s) 'example_bash_operator' retrieved from /home/airflow/.local/lib/python3.12/site-packages/airflow/example_dags/example_bash_operator.py
[2024-11-07T21:27:05.844+0000] {logging_mixin.py:190} INFO - [2024-11-07T21:27:05.844+0000] {dag.py:3239} INFO - Sync 1 DAGs
[2024-11-07T21:27:05.866+0000] {logging_mixin.py:190} INFO - [2024-11-07T21:27:05.865+0000] {dag.py:4180} INFO - Setting next_dagrun for example_bash_operator to 2024-11-06 00:00:00+00:00, run_after=2024-11-07 00:00:00+00:00
[2024-11-07T21:27:05.880+0000] {processor.py:208} INFO - Processing /home/airflow/.local/lib/python3.12/site-packages/airflow/example_dags/example_bash_operator.py took 0.082 seconds
[2024-11-07T21:27:35.981+0000] {processor.py:186} INFO - Started process (PID=610) to work on /home/airflow/.local/lib/python3.12/site-packages/airflow/example_dags/example_bash_operator.py
[2024-11-07T21:27:35.982+0000] {processor.py:914} INFO - Processing file /home/airflow/.local/lib/python3.12/site-packages/airflow/example_dags/example_bash_operator.py for tasks to queue
[2024-11-07T21:27:35.984+0000] {logging_mixin.py:190} INFO - [2024-11-07T21:27:35.984+0000] {dagbag.py:588} INFO - Filling up the DagBag from /home/airflow/.local/lib/python3.12/site-packages/airflow/example_dags/example_bash_operator.py
[2024-11-07T21:27:35.995+0000] {processor.py:925} INFO - DAG(s) 'example_bash_operator' retrieved from /home/airflow/.local/lib/python3.12/site-packages/airflow/example_dags/example_bash_operator.py
[2024-11-07T21:27:36.019+0000] {logging_mixin.py:190} INFO - [2024-11-07T21:27:36.019+0000] {dag.py:3239} INFO - Sync 1 DAGs
[2024-11-07T21:27:36.037+0000] {logging_mixin.py:190} INFO - [2024-11-07T21:27:36.037+0000] {dag.py:4180} INFO - Setting next_dagrun for example_bash_operator to 2024-11-06 00:00:00+00:00, run_after=2024-11-07 00:00:00+00:00
[2024-11-07T21:27:36.050+0000] {processor.py:208} INFO - Processing /home/airflow/.local/lib/python3.12/site-packages/airflow/example_dags/example_bash_operator.py took 0.073 seconds
