[2024-11-07T21:23:32.438+0000] {processor.py:186} INFO - Started process (PID=101) to work on /home/airflow/.local/lib/python3.12/site-packages/airflow/example_dags/example_nested_branch_dag.py
[2024-11-07T21:23:32.440+0000] {processor.py:914} INFO - Processing file /home/airflow/.local/lib/python3.12/site-packages/airflow/example_dags/example_nested_branch_dag.py for tasks to queue
[2024-11-07T21:23:32.442+0000] {logging_mixin.py:190} INFO - [2024-11-07T21:23:32.442+0000] {dagbag.py:588} INFO - Filling up the DagBag from /home/airflow/.local/lib/python3.12/site-packages/airflow/example_dags/example_nested_branch_dag.py
[2024-11-07T21:23:32.456+0000] {processor.py:925} INFO - DAG(s) 'example_nested_branch_dag' retrieved from /home/airflow/.local/lib/python3.12/site-packages/airflow/example_dags/example_nested_branch_dag.py
[2024-11-07T21:23:32.485+0000] {logging_mixin.py:190} INFO - [2024-11-07T21:23:32.485+0000] {dag.py:3239} INFO - Sync 1 DAGs
[2024-11-07T21:23:32.517+0000] {logging_mixin.py:190} INFO - [2024-11-07T21:23:32.516+0000] {dag.py:4180} INFO - Setting next_dagrun for example_nested_branch_dag to 2024-11-06 00:00:00+00:00, run_after=2024-11-07 00:00:00+00:00
[2024-11-07T21:23:32.548+0000] {processor.py:208} INFO - Processing /home/airflow/.local/lib/python3.12/site-packages/airflow/example_dags/example_nested_branch_dag.py took 0.116 seconds
[2024-11-07T21:24:03.456+0000] {processor.py:186} INFO - Started process (PID=168) to work on /home/airflow/.local/lib/python3.12/site-packages/airflow/example_dags/example_nested_branch_dag.py
[2024-11-07T21:24:03.457+0000] {processor.py:914} INFO - Processing file /home/airflow/.local/lib/python3.12/site-packages/airflow/example_dags/example_nested_branch_dag.py for tasks to queue
[2024-11-07T21:24:03.460+0000] {logging_mixin.py:190} INFO - [2024-11-07T21:24:03.460+0000] {dagbag.py:588} INFO - Filling up the DagBag from /home/airflow/.local/lib/python3.12/site-packages/airflow/example_dags/example_nested_branch_dag.py
[2024-11-07T21:24:03.477+0000] {processor.py:925} INFO - DAG(s) 'example_nested_branch_dag' retrieved from /home/airflow/.local/lib/python3.12/site-packages/airflow/example_dags/example_nested_branch_dag.py
[2024-11-07T21:24:03.514+0000] {logging_mixin.py:190} INFO - [2024-11-07T21:24:03.514+0000] {dag.py:3239} INFO - Sync 1 DAGs
[2024-11-07T21:24:03.552+0000] {logging_mixin.py:190} INFO - [2024-11-07T21:24:03.552+0000] {dag.py:4180} INFO - Setting next_dagrun for example_nested_branch_dag to 2024-11-06 00:00:00+00:00, run_after=2024-11-07 00:00:00+00:00
[2024-11-07T21:24:03.574+0000] {processor.py:208} INFO - Processing /home/airflow/.local/lib/python3.12/site-packages/airflow/example_dags/example_nested_branch_dag.py took 0.123 seconds
[2024-11-07T21:24:34.051+0000] {processor.py:186} INFO - Started process (PID=231) to work on /home/airflow/.local/lib/python3.12/site-packages/airflow/example_dags/example_nested_branch_dag.py
[2024-11-07T21:24:34.052+0000] {processor.py:914} INFO - Processing file /home/airflow/.local/lib/python3.12/site-packages/airflow/example_dags/example_nested_branch_dag.py for tasks to queue
[2024-11-07T21:24:34.054+0000] {logging_mixin.py:190} INFO - [2024-11-07T21:24:34.053+0000] {dagbag.py:588} INFO - Filling up the DagBag from /home/airflow/.local/lib/python3.12/site-packages/airflow/example_dags/example_nested_branch_dag.py
[2024-11-07T21:24:34.063+0000] {processor.py:925} INFO - DAG(s) 'example_nested_branch_dag' retrieved from /home/airflow/.local/lib/python3.12/site-packages/airflow/example_dags/example_nested_branch_dag.py
[2024-11-07T21:24:34.082+0000] {logging_mixin.py:190} INFO - [2024-11-07T21:24:34.081+0000] {dag.py:3239} INFO - Sync 1 DAGs
[2024-11-07T21:24:34.103+0000] {logging_mixin.py:190} INFO - [2024-11-07T21:24:34.103+0000] {dag.py:4180} INFO - Setting next_dagrun for example_nested_branch_dag to 2024-11-06 00:00:00+00:00, run_after=2024-11-07 00:00:00+00:00
[2024-11-07T21:24:34.119+0000] {processor.py:208} INFO - Processing /home/airflow/.local/lib/python3.12/site-packages/airflow/example_dags/example_nested_branch_dag.py took 0.073 seconds
[2024-11-07T21:25:04.648+0000] {processor.py:186} INFO - Started process (PID=301) to work on /home/airflow/.local/lib/python3.12/site-packages/airflow/example_dags/example_nested_branch_dag.py
[2024-11-07T21:25:04.649+0000] {processor.py:914} INFO - Processing file /home/airflow/.local/lib/python3.12/site-packages/airflow/example_dags/example_nested_branch_dag.py for tasks to queue
[2024-11-07T21:25:04.652+0000] {logging_mixin.py:190} INFO - [2024-11-07T21:25:04.651+0000] {dagbag.py:588} INFO - Filling up the DagBag from /home/airflow/.local/lib/python3.12/site-packages/airflow/example_dags/example_nested_branch_dag.py
[2024-11-07T21:25:04.667+0000] {processor.py:925} INFO - DAG(s) 'example_nested_branch_dag' retrieved from /home/airflow/.local/lib/python3.12/site-packages/airflow/example_dags/example_nested_branch_dag.py
[2024-11-07T21:25:04.688+0000] {logging_mixin.py:190} INFO - [2024-11-07T21:25:04.688+0000] {dag.py:3239} INFO - Sync 1 DAGs
[2024-11-07T21:25:04.707+0000] {logging_mixin.py:190} INFO - [2024-11-07T21:25:04.707+0000] {dag.py:4180} INFO - Setting next_dagrun for example_nested_branch_dag to 2024-11-06 00:00:00+00:00, run_after=2024-11-07 00:00:00+00:00
[2024-11-07T21:25:04.719+0000] {processor.py:208} INFO - Processing /home/airflow/.local/lib/python3.12/site-packages/airflow/example_dags/example_nested_branch_dag.py took 0.075 seconds
[2024-11-07T21:25:35.041+0000] {processor.py:186} INFO - Started process (PID=364) to work on /home/airflow/.local/lib/python3.12/site-packages/airflow/example_dags/example_nested_branch_dag.py
[2024-11-07T21:25:35.042+0000] {processor.py:914} INFO - Processing file /home/airflow/.local/lib/python3.12/site-packages/airflow/example_dags/example_nested_branch_dag.py for tasks to queue
[2024-11-07T21:25:35.044+0000] {logging_mixin.py:190} INFO - [2024-11-07T21:25:35.043+0000] {dagbag.py:588} INFO - Filling up the DagBag from /home/airflow/.local/lib/python3.12/site-packages/airflow/example_dags/example_nested_branch_dag.py
[2024-11-07T21:25:35.055+0000] {processor.py:925} INFO - DAG(s) 'example_nested_branch_dag' retrieved from /home/airflow/.local/lib/python3.12/site-packages/airflow/example_dags/example_nested_branch_dag.py
[2024-11-07T21:25:35.078+0000] {logging_mixin.py:190} INFO - [2024-11-07T21:25:35.078+0000] {dag.py:3239} INFO - Sync 1 DAGs
[2024-11-07T21:25:35.106+0000] {logging_mixin.py:190} INFO - [2024-11-07T21:25:35.105+0000] {dag.py:4180} INFO - Setting next_dagrun for example_nested_branch_dag to 2024-11-06 00:00:00+00:00, run_after=2024-11-07 00:00:00+00:00
[2024-11-07T21:25:35.124+0000] {processor.py:208} INFO - Processing /home/airflow/.local/lib/python3.12/site-packages/airflow/example_dags/example_nested_branch_dag.py took 0.089 seconds
[2024-11-07T21:26:05.284+0000] {processor.py:186} INFO - Started process (PID=428) to work on /home/airflow/.local/lib/python3.12/site-packages/airflow/example_dags/example_nested_branch_dag.py
[2024-11-07T21:26:05.285+0000] {processor.py:914} INFO - Processing file /home/airflow/.local/lib/python3.12/site-packages/airflow/example_dags/example_nested_branch_dag.py for tasks to queue
[2024-11-07T21:26:05.287+0000] {logging_mixin.py:190} INFO - [2024-11-07T21:26:05.286+0000] {dagbag.py:588} INFO - Filling up the DagBag from /home/airflow/.local/lib/python3.12/site-packages/airflow/example_dags/example_nested_branch_dag.py
[2024-11-07T21:26:05.296+0000] {processor.py:925} INFO - DAG(s) 'example_nested_branch_dag' retrieved from /home/airflow/.local/lib/python3.12/site-packages/airflow/example_dags/example_nested_branch_dag.py
[2024-11-07T21:26:05.314+0000] {logging_mixin.py:190} INFO - [2024-11-07T21:26:05.314+0000] {dag.py:3239} INFO - Sync 1 DAGs
[2024-11-07T21:26:05.333+0000] {logging_mixin.py:190} INFO - [2024-11-07T21:26:05.333+0000] {dag.py:4180} INFO - Setting next_dagrun for example_nested_branch_dag to 2024-11-06 00:00:00+00:00, run_after=2024-11-07 00:00:00+00:00
[2024-11-07T21:26:05.346+0000] {processor.py:208} INFO - Processing /home/airflow/.local/lib/python3.12/site-packages/airflow/example_dags/example_nested_branch_dag.py took 0.067 seconds
[2024-11-07T21:26:35.786+0000] {processor.py:186} INFO - Started process (PID=491) to work on /home/airflow/.local/lib/python3.12/site-packages/airflow/example_dags/example_nested_branch_dag.py
[2024-11-07T21:26:35.787+0000] {processor.py:914} INFO - Processing file /home/airflow/.local/lib/python3.12/site-packages/airflow/example_dags/example_nested_branch_dag.py for tasks to queue
[2024-11-07T21:26:35.789+0000] {logging_mixin.py:190} INFO - [2024-11-07T21:26:35.789+0000] {dagbag.py:588} INFO - Filling up the DagBag from /home/airflow/.local/lib/python3.12/site-packages/airflow/example_dags/example_nested_branch_dag.py
[2024-11-07T21:26:35.803+0000] {processor.py:925} INFO - DAG(s) 'example_nested_branch_dag' retrieved from /home/airflow/.local/lib/python3.12/site-packages/airflow/example_dags/example_nested_branch_dag.py
[2024-11-07T21:26:35.827+0000] {logging_mixin.py:190} INFO - [2024-11-07T21:26:35.827+0000] {dag.py:3239} INFO - Sync 1 DAGs
[2024-11-07T21:26:35.854+0000] {logging_mixin.py:190} INFO - [2024-11-07T21:26:35.854+0000] {dag.py:4180} INFO - Setting next_dagrun for example_nested_branch_dag to 2024-11-06 00:00:00+00:00, run_after=2024-11-07 00:00:00+00:00
[2024-11-07T21:26:35.873+0000] {processor.py:208} INFO - Processing /home/airflow/.local/lib/python3.12/site-packages/airflow/example_dags/example_nested_branch_dag.py took 0.091 seconds
[2024-11-07T21:27:06.213+0000] {processor.py:186} INFO - Started process (PID=554) to work on /home/airflow/.local/lib/python3.12/site-packages/airflow/example_dags/example_nested_branch_dag.py
[2024-11-07T21:27:06.214+0000] {processor.py:914} INFO - Processing file /home/airflow/.local/lib/python3.12/site-packages/airflow/example_dags/example_nested_branch_dag.py for tasks to queue
[2024-11-07T21:27:06.216+0000] {logging_mixin.py:190} INFO - [2024-11-07T21:27:06.215+0000] {dagbag.py:588} INFO - Filling up the DagBag from /home/airflow/.local/lib/python3.12/site-packages/airflow/example_dags/example_nested_branch_dag.py
[2024-11-07T21:27:06.227+0000] {processor.py:925} INFO - DAG(s) 'example_nested_branch_dag' retrieved from /home/airflow/.local/lib/python3.12/site-packages/airflow/example_dags/example_nested_branch_dag.py
[2024-11-07T21:27:06.248+0000] {logging_mixin.py:190} INFO - [2024-11-07T21:27:06.248+0000] {dag.py:3239} INFO - Sync 1 DAGs
[2024-11-07T21:27:06.268+0000] {logging_mixin.py:190} INFO - [2024-11-07T21:27:06.268+0000] {dag.py:4180} INFO - Setting next_dagrun for example_nested_branch_dag to 2024-11-06 00:00:00+00:00, run_after=2024-11-07 00:00:00+00:00
[2024-11-07T21:27:06.282+0000] {processor.py:208} INFO - Processing /home/airflow/.local/lib/python3.12/site-packages/airflow/example_dags/example_nested_branch_dag.py took 0.074 seconds
[2024-11-07T21:27:36.342+0000] {processor.py:186} INFO - Started process (PID=617) to work on /home/airflow/.local/lib/python3.12/site-packages/airflow/example_dags/example_nested_branch_dag.py
[2024-11-07T21:27:36.343+0000] {processor.py:914} INFO - Processing file /home/airflow/.local/lib/python3.12/site-packages/airflow/example_dags/example_nested_branch_dag.py for tasks to queue
[2024-11-07T21:27:36.345+0000] {logging_mixin.py:190} INFO - [2024-11-07T21:27:36.345+0000] {dagbag.py:588} INFO - Filling up the DagBag from /home/airflow/.local/lib/python3.12/site-packages/airflow/example_dags/example_nested_branch_dag.py
[2024-11-07T21:27:36.353+0000] {processor.py:925} INFO - DAG(s) 'example_nested_branch_dag' retrieved from /home/airflow/.local/lib/python3.12/site-packages/airflow/example_dags/example_nested_branch_dag.py
[2024-11-07T21:27:36.371+0000] {logging_mixin.py:190} INFO - [2024-11-07T21:27:36.371+0000] {dag.py:3239} INFO - Sync 1 DAGs
[2024-11-07T21:27:36.390+0000] {logging_mixin.py:190} INFO - [2024-11-07T21:27:36.389+0000] {dag.py:4180} INFO - Setting next_dagrun for example_nested_branch_dag to 2024-11-06 00:00:00+00:00, run_after=2024-11-07 00:00:00+00:00
[2024-11-07T21:27:36.405+0000] {processor.py:208} INFO - Processing /home/airflow/.local/lib/python3.12/site-packages/airflow/example_dags/example_nested_branch_dag.py took 0.066 seconds
