[2024-11-07T21:23:33.771+0000] {processor.py:186} INFO - Started process (PID=117) to work on /home/airflow/.local/lib/python3.12/site-packages/airflow/example_dags/example_subdag_operator.py
[2024-11-07T21:23:33.772+0000] {processor.py:914} INFO - Processing file /home/airflow/.local/lib/python3.12/site-packages/airflow/example_dags/example_subdag_operator.py for tasks to queue
[2024-11-07T21:23:33.774+0000] {logging_mixin.py:190} INFO - [2024-11-07T21:23:33.774+0000] {dagbag.py:588} INFO - Filling up the DagBag from /home/airflow/.local/lib/python3.12/site-packages/airflow/example_dags/example_subdag_operator.py
[2024-11-07T21:23:33.798+0000] {processor.py:925} INFO - DAG(s) 'example_subdag_operator.section-1', 'example_subdag_operator.section-2', 'example_subdag_operator' retrieved from /home/airflow/.local/lib/python3.12/site-packages/airflow/example_dags/example_subdag_operator.py
[2024-11-07T21:23:33.821+0000] {logging_mixin.py:190} INFO - [2024-11-07T21:23:33.820+0000] {dag.py:3239} INFO - Sync 3 DAGs
[2024-11-07T21:23:33.850+0000] {logging_mixin.py:190} INFO - [2024-11-07T21:23:33.849+0000] {dag.py:4180} INFO - Setting next_dagrun for example_subdag_operator to 2022-01-01 00:00:00+00:00, run_after=2022-01-01 00:00:00+00:00
[2024-11-07T21:23:33.854+0000] {logging_mixin.py:190} INFO - [2024-11-07T21:23:33.853+0000] {dag.py:4180} INFO - Setting next_dagrun for example_subdag_operator.section-1 to None, run_after=None
[2024-11-07T21:23:33.855+0000] {logging_mixin.py:190} INFO - [2024-11-07T21:23:33.855+0000] {dag.py:4180} INFO - Setting next_dagrun for example_subdag_operator.section-2 to None, run_after=None
[2024-11-07T21:23:33.862+0000] {logging_mixin.py:190} INFO - [2024-11-07T21:23:33.862+0000] {dag.py:3239} INFO - Sync 2 DAGs
[2024-11-07T21:23:33.867+0000] {logging_mixin.py:190} INFO - [2024-11-07T21:23:33.867+0000] {dag.py:4180} INFO - Setting next_dagrun for example_subdag_operator.section-1 to None, run_after=None
[2024-11-07T21:23:33.868+0000] {logging_mixin.py:190} INFO - [2024-11-07T21:23:33.868+0000] {dag.py:4180} INFO - Setting next_dagrun for example_subdag_operator.section-2 to None, run_after=None
[2024-11-07T21:23:33.877+0000] {processor.py:208} INFO - Processing /home/airflow/.local/lib/python3.12/site-packages/airflow/example_dags/example_subdag_operator.py took 0.110 seconds
[2024-11-07T21:24:05.406+0000] {processor.py:186} INFO - Started process (PID=190) to work on /home/airflow/.local/lib/python3.12/site-packages/airflow/example_dags/example_subdag_operator.py
[2024-11-07T21:24:05.407+0000] {processor.py:914} INFO - Processing file /home/airflow/.local/lib/python3.12/site-packages/airflow/example_dags/example_subdag_operator.py for tasks to queue
[2024-11-07T21:24:05.409+0000] {logging_mixin.py:190} INFO - [2024-11-07T21:24:05.409+0000] {dagbag.py:588} INFO - Filling up the DagBag from /home/airflow/.local/lib/python3.12/site-packages/airflow/example_dags/example_subdag_operator.py
[2024-11-07T21:24:05.435+0000] {processor.py:925} INFO - DAG(s) 'example_subdag_operator.section-1', 'example_subdag_operator.section-2', 'example_subdag_operator' retrieved from /home/airflow/.local/lib/python3.12/site-packages/airflow/example_dags/example_subdag_operator.py
[2024-11-07T21:24:05.449+0000] {logging_mixin.py:190} INFO - [2024-11-07T21:24:05.448+0000] {dag.py:3239} INFO - Sync 3 DAGs
[2024-11-07T21:24:05.472+0000] {logging_mixin.py:190} INFO - [2024-11-07T21:24:05.472+0000] {dag.py:4180} INFO - Setting next_dagrun for example_subdag_operator to 2022-01-01 00:00:00+00:00, run_after=2022-01-01 00:00:00+00:00
[2024-11-07T21:24:05.476+0000] {logging_mixin.py:190} INFO - [2024-11-07T21:24:05.476+0000] {dag.py:4180} INFO - Setting next_dagrun for example_subdag_operator.section-1 to None, run_after=None
[2024-11-07T21:24:05.477+0000] {logging_mixin.py:190} INFO - [2024-11-07T21:24:05.477+0000] {dag.py:4180} INFO - Setting next_dagrun for example_subdag_operator.section-2 to None, run_after=None
[2024-11-07T21:24:05.483+0000] {logging_mixin.py:190} INFO - [2024-11-07T21:24:05.482+0000] {dag.py:3239} INFO - Sync 2 DAGs
[2024-11-07T21:24:05.487+0000] {logging_mixin.py:190} INFO - [2024-11-07T21:24:05.487+0000] {dag.py:4180} INFO - Setting next_dagrun for example_subdag_operator.section-1 to None, run_after=None
[2024-11-07T21:24:05.488+0000] {logging_mixin.py:190} INFO - [2024-11-07T21:24:05.488+0000] {dag.py:4180} INFO - Setting next_dagrun for example_subdag_operator.section-2 to None, run_after=None
[2024-11-07T21:24:05.496+0000] {processor.py:208} INFO - Processing /home/airflow/.local/lib/python3.12/site-packages/airflow/example_dags/example_subdag_operator.py took 0.096 seconds
[2024-11-07T21:24:35.859+0000] {processor.py:186} INFO - Started process (PID=253) to work on /home/airflow/.local/lib/python3.12/site-packages/airflow/example_dags/example_subdag_operator.py
[2024-11-07T21:24:35.860+0000] {processor.py:914} INFO - Processing file /home/airflow/.local/lib/python3.12/site-packages/airflow/example_dags/example_subdag_operator.py for tasks to queue
[2024-11-07T21:24:35.861+0000] {logging_mixin.py:190} INFO - [2024-11-07T21:24:35.861+0000] {dagbag.py:588} INFO - Filling up the DagBag from /home/airflow/.local/lib/python3.12/site-packages/airflow/example_dags/example_subdag_operator.py
[2024-11-07T21:24:35.882+0000] {processor.py:925} INFO - DAG(s) 'example_subdag_operator.section-1', 'example_subdag_operator.section-2', 'example_subdag_operator' retrieved from /home/airflow/.local/lib/python3.12/site-packages/airflow/example_dags/example_subdag_operator.py
[2024-11-07T21:24:35.894+0000] {logging_mixin.py:190} INFO - [2024-11-07T21:24:35.894+0000] {dag.py:3239} INFO - Sync 3 DAGs
[2024-11-07T21:24:35.912+0000] {logging_mixin.py:190} INFO - [2024-11-07T21:24:35.912+0000] {dag.py:4180} INFO - Setting next_dagrun for example_subdag_operator to 2022-01-01 00:00:00+00:00, run_after=2022-01-01 00:00:00+00:00
[2024-11-07T21:24:35.915+0000] {logging_mixin.py:190} INFO - [2024-11-07T21:24:35.915+0000] {dag.py:4180} INFO - Setting next_dagrun for example_subdag_operator.section-1 to None, run_after=None
[2024-11-07T21:24:35.916+0000] {logging_mixin.py:190} INFO - [2024-11-07T21:24:35.916+0000] {dag.py:4180} INFO - Setting next_dagrun for example_subdag_operator.section-2 to None, run_after=None
[2024-11-07T21:24:35.922+0000] {logging_mixin.py:190} INFO - [2024-11-07T21:24:35.921+0000] {dag.py:3239} INFO - Sync 2 DAGs
[2024-11-07T21:24:35.926+0000] {logging_mixin.py:190} INFO - [2024-11-07T21:24:35.926+0000] {dag.py:4180} INFO - Setting next_dagrun for example_subdag_operator.section-1 to None, run_after=None
[2024-11-07T21:24:35.927+0000] {logging_mixin.py:190} INFO - [2024-11-07T21:24:35.926+0000] {dag.py:4180} INFO - Setting next_dagrun for example_subdag_operator.section-2 to None, run_after=None
[2024-11-07T21:24:35.934+0000] {processor.py:208} INFO - Processing /home/airflow/.local/lib/python3.12/site-packages/airflow/example_dags/example_subdag_operator.py took 0.080 seconds
[2024-11-07T21:25:06.708+0000] {processor.py:186} INFO - Started process (PID=317) to work on /home/airflow/.local/lib/python3.12/site-packages/airflow/example_dags/example_subdag_operator.py
[2024-11-07T21:25:06.709+0000] {processor.py:914} INFO - Processing file /home/airflow/.local/lib/python3.12/site-packages/airflow/example_dags/example_subdag_operator.py for tasks to queue
[2024-11-07T21:25:06.711+0000] {logging_mixin.py:190} INFO - [2024-11-07T21:25:06.711+0000] {dagbag.py:588} INFO - Filling up the DagBag from /home/airflow/.local/lib/python3.12/site-packages/airflow/example_dags/example_subdag_operator.py
[2024-11-07T21:25:06.732+0000] {processor.py:925} INFO - DAG(s) 'example_subdag_operator.section-1', 'example_subdag_operator.section-2', 'example_subdag_operator' retrieved from /home/airflow/.local/lib/python3.12/site-packages/airflow/example_dags/example_subdag_operator.py
[2024-11-07T21:25:06.744+0000] {logging_mixin.py:190} INFO - [2024-11-07T21:25:06.744+0000] {dag.py:3239} INFO - Sync 3 DAGs
[2024-11-07T21:25:06.763+0000] {logging_mixin.py:190} INFO - [2024-11-07T21:25:06.763+0000] {dag.py:4180} INFO - Setting next_dagrun for example_subdag_operator to 2022-01-01 00:00:00+00:00, run_after=2022-01-01 00:00:00+00:00
[2024-11-07T21:25:06.766+0000] {logging_mixin.py:190} INFO - [2024-11-07T21:25:06.766+0000] {dag.py:4180} INFO - Setting next_dagrun for example_subdag_operator.section-1 to None, run_after=None
[2024-11-07T21:25:06.767+0000] {logging_mixin.py:190} INFO - [2024-11-07T21:25:06.767+0000] {dag.py:4180} INFO - Setting next_dagrun for example_subdag_operator.section-2 to None, run_after=None
[2024-11-07T21:25:06.773+0000] {logging_mixin.py:190} INFO - [2024-11-07T21:25:06.773+0000] {dag.py:3239} INFO - Sync 2 DAGs
[2024-11-07T21:25:06.778+0000] {logging_mixin.py:190} INFO - [2024-11-07T21:25:06.777+0000] {dag.py:4180} INFO - Setting next_dagrun for example_subdag_operator.section-1 to None, run_after=None
[2024-11-07T21:25:06.778+0000] {logging_mixin.py:190} INFO - [2024-11-07T21:25:06.778+0000] {dag.py:4180} INFO - Setting next_dagrun for example_subdag_operator.section-2 to None, run_after=None
[2024-11-07T21:25:06.789+0000] {processor.py:208} INFO - Processing /home/airflow/.local/lib/python3.12/site-packages/airflow/example_dags/example_subdag_operator.py took 0.085 seconds
[2024-11-07T21:25:36.951+0000] {processor.py:186} INFO - Started process (PID=380) to work on /home/airflow/.local/lib/python3.12/site-packages/airflow/example_dags/example_subdag_operator.py
[2024-11-07T21:25:36.952+0000] {processor.py:914} INFO - Processing file /home/airflow/.local/lib/python3.12/site-packages/airflow/example_dags/example_subdag_operator.py for tasks to queue
[2024-11-07T21:25:36.953+0000] {logging_mixin.py:190} INFO - [2024-11-07T21:25:36.953+0000] {dagbag.py:588} INFO - Filling up the DagBag from /home/airflow/.local/lib/python3.12/site-packages/airflow/example_dags/example_subdag_operator.py
[2024-11-07T21:25:36.976+0000] {processor.py:925} INFO - DAG(s) 'example_subdag_operator.section-1', 'example_subdag_operator.section-2', 'example_subdag_operator' retrieved from /home/airflow/.local/lib/python3.12/site-packages/airflow/example_dags/example_subdag_operator.py
[2024-11-07T21:25:36.988+0000] {logging_mixin.py:190} INFO - [2024-11-07T21:25:36.987+0000] {dag.py:3239} INFO - Sync 3 DAGs
[2024-11-07T21:25:37.008+0000] {logging_mixin.py:190} INFO - [2024-11-07T21:25:37.008+0000] {dag.py:4180} INFO - Setting next_dagrun for example_subdag_operator to 2022-01-01 00:00:00+00:00, run_after=2022-01-01 00:00:00+00:00
[2024-11-07T21:25:37.011+0000] {logging_mixin.py:190} INFO - [2024-11-07T21:25:37.011+0000] {dag.py:4180} INFO - Setting next_dagrun for example_subdag_operator.section-1 to None, run_after=None
[2024-11-07T21:25:37.013+0000] {logging_mixin.py:190} INFO - [2024-11-07T21:25:37.013+0000] {dag.py:4180} INFO - Setting next_dagrun for example_subdag_operator.section-2 to None, run_after=None
[2024-11-07T21:25:37.019+0000] {logging_mixin.py:190} INFO - [2024-11-07T21:25:37.018+0000] {dag.py:3239} INFO - Sync 2 DAGs
[2024-11-07T21:25:37.023+0000] {logging_mixin.py:190} INFO - [2024-11-07T21:25:37.023+0000] {dag.py:4180} INFO - Setting next_dagrun for example_subdag_operator.section-1 to None, run_after=None
[2024-11-07T21:25:37.024+0000] {logging_mixin.py:190} INFO - [2024-11-07T21:25:37.024+0000] {dag.py:4180} INFO - Setting next_dagrun for example_subdag_operator.section-2 to None, run_after=None
[2024-11-07T21:25:37.032+0000] {processor.py:208} INFO - Processing /home/airflow/.local/lib/python3.12/site-packages/airflow/example_dags/example_subdag_operator.py took 0.086 seconds
[2024-11-07T21:26:07.065+0000] {processor.py:186} INFO - Started process (PID=444) to work on /home/airflow/.local/lib/python3.12/site-packages/airflow/example_dags/example_subdag_operator.py
[2024-11-07T21:26:07.066+0000] {processor.py:914} INFO - Processing file /home/airflow/.local/lib/python3.12/site-packages/airflow/example_dags/example_subdag_operator.py for tasks to queue
[2024-11-07T21:26:07.069+0000] {logging_mixin.py:190} INFO - [2024-11-07T21:26:07.069+0000] {dagbag.py:588} INFO - Filling up the DagBag from /home/airflow/.local/lib/python3.12/site-packages/airflow/example_dags/example_subdag_operator.py
[2024-11-07T21:26:07.092+0000] {processor.py:925} INFO - DAG(s) 'example_subdag_operator.section-1', 'example_subdag_operator.section-2', 'example_subdag_operator' retrieved from /home/airflow/.local/lib/python3.12/site-packages/airflow/example_dags/example_subdag_operator.py
[2024-11-07T21:26:07.104+0000] {logging_mixin.py:190} INFO - [2024-11-07T21:26:07.104+0000] {dag.py:3239} INFO - Sync 3 DAGs
[2024-11-07T21:26:07.122+0000] {logging_mixin.py:190} INFO - [2024-11-07T21:26:07.121+0000] {dag.py:4180} INFO - Setting next_dagrun for example_subdag_operator to 2022-01-01 00:00:00+00:00, run_after=2022-01-01 00:00:00+00:00
[2024-11-07T21:26:07.125+0000] {logging_mixin.py:190} INFO - [2024-11-07T21:26:07.125+0000] {dag.py:4180} INFO - Setting next_dagrun for example_subdag_operator.section-1 to None, run_after=None
[2024-11-07T21:26:07.126+0000] {logging_mixin.py:190} INFO - [2024-11-07T21:26:07.126+0000] {dag.py:4180} INFO - Setting next_dagrun for example_subdag_operator.section-2 to None, run_after=None
[2024-11-07T21:26:07.132+0000] {logging_mixin.py:190} INFO - [2024-11-07T21:26:07.132+0000] {dag.py:3239} INFO - Sync 2 DAGs
[2024-11-07T21:26:07.137+0000] {logging_mixin.py:190} INFO - [2024-11-07T21:26:07.137+0000] {dag.py:4180} INFO - Setting next_dagrun for example_subdag_operator.section-1 to None, run_after=None
[2024-11-07T21:26:07.137+0000] {logging_mixin.py:190} INFO - [2024-11-07T21:26:07.137+0000] {dag.py:4180} INFO - Setting next_dagrun for example_subdag_operator.section-2 to None, run_after=None
[2024-11-07T21:26:07.145+0000] {processor.py:208} INFO - Processing /home/airflow/.local/lib/python3.12/site-packages/airflow/example_dags/example_subdag_operator.py took 0.084 seconds
[2024-11-07T21:26:37.654+0000] {processor.py:186} INFO - Started process (PID=507) to work on /home/airflow/.local/lib/python3.12/site-packages/airflow/example_dags/example_subdag_operator.py
[2024-11-07T21:26:37.655+0000] {processor.py:914} INFO - Processing file /home/airflow/.local/lib/python3.12/site-packages/airflow/example_dags/example_subdag_operator.py for tasks to queue
[2024-11-07T21:26:37.657+0000] {logging_mixin.py:190} INFO - [2024-11-07T21:26:37.656+0000] {dagbag.py:588} INFO - Filling up the DagBag from /home/airflow/.local/lib/python3.12/site-packages/airflow/example_dags/example_subdag_operator.py
[2024-11-07T21:26:37.678+0000] {processor.py:925} INFO - DAG(s) 'example_subdag_operator.section-1', 'example_subdag_operator.section-2', 'example_subdag_operator' retrieved from /home/airflow/.local/lib/python3.12/site-packages/airflow/example_dags/example_subdag_operator.py
[2024-11-07T21:26:37.690+0000] {logging_mixin.py:190} INFO - [2024-11-07T21:26:37.690+0000] {dag.py:3239} INFO - Sync 3 DAGs
[2024-11-07T21:26:37.709+0000] {logging_mixin.py:190} INFO - [2024-11-07T21:26:37.708+0000] {dag.py:4180} INFO - Setting next_dagrun for example_subdag_operator to 2022-01-01 00:00:00+00:00, run_after=2022-01-01 00:00:00+00:00
[2024-11-07T21:26:37.712+0000] {logging_mixin.py:190} INFO - [2024-11-07T21:26:37.711+0000] {dag.py:4180} INFO - Setting next_dagrun for example_subdag_operator.section-1 to None, run_after=None
[2024-11-07T21:26:37.713+0000] {logging_mixin.py:190} INFO - [2024-11-07T21:26:37.713+0000] {dag.py:4180} INFO - Setting next_dagrun for example_subdag_operator.section-2 to None, run_after=None
[2024-11-07T21:26:37.718+0000] {logging_mixin.py:190} INFO - [2024-11-07T21:26:37.718+0000] {dag.py:3239} INFO - Sync 2 DAGs
[2024-11-07T21:26:37.722+0000] {logging_mixin.py:190} INFO - [2024-11-07T21:26:37.722+0000] {dag.py:4180} INFO - Setting next_dagrun for example_subdag_operator.section-1 to None, run_after=None
[2024-11-07T21:26:37.723+0000] {logging_mixin.py:190} INFO - [2024-11-07T21:26:37.723+0000] {dag.py:4180} INFO - Setting next_dagrun for example_subdag_operator.section-2 to None, run_after=None
[2024-11-07T21:26:37.731+0000] {processor.py:208} INFO - Processing /home/airflow/.local/lib/python3.12/site-packages/airflow/example_dags/example_subdag_operator.py took 0.082 seconds
[2024-11-07T21:27:08.033+0000] {processor.py:186} INFO - Started process (PID=570) to work on /home/airflow/.local/lib/python3.12/site-packages/airflow/example_dags/example_subdag_operator.py
[2024-11-07T21:27:08.034+0000] {processor.py:914} INFO - Processing file /home/airflow/.local/lib/python3.12/site-packages/airflow/example_dags/example_subdag_operator.py for tasks to queue
[2024-11-07T21:27:08.036+0000] {logging_mixin.py:190} INFO - [2024-11-07T21:27:08.036+0000] {dagbag.py:588} INFO - Filling up the DagBag from /home/airflow/.local/lib/python3.12/site-packages/airflow/example_dags/example_subdag_operator.py
[2024-11-07T21:27:08.058+0000] {processor.py:925} INFO - DAG(s) 'example_subdag_operator.section-1', 'example_subdag_operator.section-2', 'example_subdag_operator' retrieved from /home/airflow/.local/lib/python3.12/site-packages/airflow/example_dags/example_subdag_operator.py
[2024-11-07T21:27:08.074+0000] {logging_mixin.py:190} INFO - [2024-11-07T21:27:08.074+0000] {dag.py:3239} INFO - Sync 3 DAGs
[2024-11-07T21:27:08.093+0000] {logging_mixin.py:190} INFO - [2024-11-07T21:27:08.093+0000] {dag.py:4180} INFO - Setting next_dagrun for example_subdag_operator to 2022-01-01 00:00:00+00:00, run_after=2022-01-01 00:00:00+00:00
[2024-11-07T21:27:08.096+0000] {logging_mixin.py:190} INFO - [2024-11-07T21:27:08.096+0000] {dag.py:4180} INFO - Setting next_dagrun for example_subdag_operator.section-1 to None, run_after=None
[2024-11-07T21:27:08.097+0000] {logging_mixin.py:190} INFO - [2024-11-07T21:27:08.097+0000] {dag.py:4180} INFO - Setting next_dagrun for example_subdag_operator.section-2 to None, run_after=None
[2024-11-07T21:27:08.103+0000] {logging_mixin.py:190} INFO - [2024-11-07T21:27:08.102+0000] {dag.py:3239} INFO - Sync 2 DAGs
[2024-11-07T21:27:08.107+0000] {logging_mixin.py:190} INFO - [2024-11-07T21:27:08.107+0000] {dag.py:4180} INFO - Setting next_dagrun for example_subdag_operator.section-1 to None, run_after=None
[2024-11-07T21:27:08.108+0000] {logging_mixin.py:190} INFO - [2024-11-07T21:27:08.107+0000] {dag.py:4180} INFO - Setting next_dagrun for example_subdag_operator.section-2 to None, run_after=None
[2024-11-07T21:27:08.115+0000] {processor.py:208} INFO - Processing /home/airflow/.local/lib/python3.12/site-packages/airflow/example_dags/example_subdag_operator.py took 0.088 seconds
[2024-11-07T21:27:38.201+0000] {processor.py:186} INFO - Started process (PID=633) to work on /home/airflow/.local/lib/python3.12/site-packages/airflow/example_dags/example_subdag_operator.py
[2024-11-07T21:27:38.202+0000] {processor.py:914} INFO - Processing file /home/airflow/.local/lib/python3.12/site-packages/airflow/example_dags/example_subdag_operator.py for tasks to queue
[2024-11-07T21:27:38.204+0000] {logging_mixin.py:190} INFO - [2024-11-07T21:27:38.203+0000] {dagbag.py:588} INFO - Filling up the DagBag from /home/airflow/.local/lib/python3.12/site-packages/airflow/example_dags/example_subdag_operator.py
[2024-11-07T21:27:38.224+0000] {processor.py:925} INFO - DAG(s) 'example_subdag_operator.section-1', 'example_subdag_operator.section-2', 'example_subdag_operator' retrieved from /home/airflow/.local/lib/python3.12/site-packages/airflow/example_dags/example_subdag_operator.py
[2024-11-07T21:27:38.235+0000] {logging_mixin.py:190} INFO - [2024-11-07T21:27:38.235+0000] {dag.py:3239} INFO - Sync 3 DAGs
[2024-11-07T21:27:38.253+0000] {logging_mixin.py:190} INFO - [2024-11-07T21:27:38.252+0000] {dag.py:4180} INFO - Setting next_dagrun for example_subdag_operator to 2022-01-01 00:00:00+00:00, run_after=2022-01-01 00:00:00+00:00
[2024-11-07T21:27:38.256+0000] {logging_mixin.py:190} INFO - [2024-11-07T21:27:38.255+0000] {dag.py:4180} INFO - Setting next_dagrun for example_subdag_operator.section-1 to None, run_after=None
[2024-11-07T21:27:38.257+0000] {logging_mixin.py:190} INFO - [2024-11-07T21:27:38.257+0000] {dag.py:4180} INFO - Setting next_dagrun for example_subdag_operator.section-2 to None, run_after=None
[2024-11-07T21:27:38.262+0000] {logging_mixin.py:190} INFO - [2024-11-07T21:27:38.261+0000] {dag.py:3239} INFO - Sync 2 DAGs
[2024-11-07T21:27:38.266+0000] {logging_mixin.py:190} INFO - [2024-11-07T21:27:38.266+0000] {dag.py:4180} INFO - Setting next_dagrun for example_subdag_operator.section-1 to None, run_after=None
[2024-11-07T21:27:38.266+0000] {logging_mixin.py:190} INFO - [2024-11-07T21:27:38.266+0000] {dag.py:4180} INFO - Setting next_dagrun for example_subdag_operator.section-2 to None, run_after=None
[2024-11-07T21:27:38.274+0000] {processor.py:208} INFO - Processing /home/airflow/.local/lib/python3.12/site-packages/airflow/example_dags/example_subdag_operator.py took 0.077 seconds
